 All-zero: 1 0 0
 All-zero: 2 2 1
 All-zero: 3 6 2
 All-zero: 4 14 3
 All-zero: 5 28 5
 All-zero: 6 52 8
 All-zero: 7 92 13
 All-zero: 8 158 21
 All-zero: 9 266 34
 All-zero: 10 442 55
 All-zero: 11 728 89
 All-zero: 12 1192 144
 All-zero: 13 1944 233
 All-zero: 14 3162 377
 All-zero: 15 5134 610
 All-zero: 16 8326 987
 All-zero: 17 13492 1597
 All-zero: 18 21852 2584
 All-zero: 19 35380 4181
 All-zero: 20 57270 6765
 All-zero: 21 92690 10946
 All-zero: 22 150002 17711
 All-zero: 23 242736 28657
 All-zero: 24 392784 46368
 All-zero: 25 635568 75025
 All-zero: 26 1028402 121393
 All-zero: 27 1664022 196418
 All-zero: 28 2692478 317811
 All-zero: 29 4356556 514229
 All-zero: 30 7049092 832040
 All-zero: 31 11405708 1346269
 All-zero: 32 18454862 2178309
 All-zero: 33 29860634 3524578
 All-zero: 34 48315562 5702887
