1 L 1
2 R 2
3 L 1
4 L 3
5 R 2
6 L 1
7 R 4
8 L 1
9 L 3
10 R 2
11 L 1
12 L 5
13 R 2
14 L 1
15 R 4
16 L 1
17 L 3
18 R 2
19 L 1
20 R 6
21 L 1
22 L 3
23 R 2
24 L 1
25 L 5
26 R 2
27 L 1
28 R 4
29 L 1
30 L 3
31 R 2
32 L 1
33 L 7
34 R 2
35 L 1
36 R 4
37 L 1
38 L 3
39 R 2
40 L 1
41 R 6
42 L 1
43 L 3
44 R 2
45 L 1
46 L 5
47 R 2
48 L 1
49 R 4
50 L 1
51 L 3
52 R 2
53 L 1
54 R 8
55 L 1
56 L 3
57 R 2
58 L 1
59 L 5
60 R 2
61 L 1
62 R 4
63 L 1
64 L 3
65 R 2
66 L 1
67 L 7
68 R 2
69 L 1
70 R 4
71 L 1
72 L 3
73 R 2
74 L 1
75 R 6
76 L 1
77 L 3
78 R 2
79 L 1
80 L 5
81 R 2
82 L 1
83 R 4
84 L 1
85 L 3
86 R 2
87 L 1
88 L 9
89 R 2
90 L 1
91 R 4
92 L 1
93 L 3
94 R 2
95 L 1
96 R 6
97 L 1
98 L 3
99 R 2
100 L 1
101 L 5
102 R 2
103 L 1
104 R 4
105 L 1
106 L 3
107 R 2
108 L 1
109 R 8
110 L 1
111 L 3
112 R 2
113 L 1
114 L 5
115 R 2
116 L 1
117 R 4
118 L 1
119 L 3
120 R 2
121 L 1
122 L 7
123 R 2
124 L 1
125 R 4
126 L 1
127 L 3
128 R 2
129 L 1
130 R 6
131 L 1
132 L 3
133 R 2
134 L 1
135 L 5
136 R 2
137 L 1
138 R 4
139 L 1
140 L 3
141 R 2
142 L 1
143 R 10
144 L 1
145 L 3
146 R 2
147 L 1
148 L 5
149 R 2
150 L 1
151 R 4
152 L 1
153 L 3
154 R 2
155 L 1
156 L 7
157 R 2
158 L 1
159 R 4
160 L 1
161 L 3
162 R 2
163 L 1
164 R 6
165 L 1
166 L 3
167 R 2
168 L 1
169 L 5
170 R 2
171 L 1
172 R 4
173 L 1
174 L 3
175 R 2
176 L 1
177 L 9
178 R 2
179 L 1
180 R 4
181 L 1
182 L 3
183 R 2
184 L 1
185 R 6
186 L 1
187 L 3
188 R 2
189 L 1
190 L 5
191 R 2
192 L 1
193 R 4
194 L 1
195 L 3
196 R 2
197 L 1
198 R 8
199 L 1
200 L 3
201 R 2
202 L 1
203 L 5
204 R 2
205 L 1
206 R 4
207 L 1
208 L 3
209 R 2
210 L 1
211 L 7
212 R 2
213 L 1
214 R 4
215 L 1
216 L 3
217 R 2
218 L 1
219 R 6
220 L 1
221 L 3
222 R 2
223 L 1
224 L 5
225 R 2
226 L 1
227 R 4
228 L 1
229 L 3
230 R 2
231 L 1
232 L 11
233 R 2
234 L 1
235 R 4
236 L 1
237 L 3
238 R 2
239 L 1
240 R 6
241 L 1
242 L 3
243 R 2
244 L 1
245 L 5
246 R 2
247 L 1
248 R 4
249 L 1
250 L 3
251 R 2
252 L 1
253 R 8
254 L 1
255 L 3
256 R 2
257 L 1
258 L 5
259 R 2
260 L 1
261 R 4
262 L 1
263 L 3
264 R 2
265 L 1
266 L 7
267 R 2
268 L 1
269 R 4
270 L 1
271 L 3
272 R 2
273 L 1
274 R 6
275 L 1
276 L 3
277 R 2
278 L 1
279 L 5
280 R 2
281 L 1
282 R 4
283 L 1
284 L 3
285 R 2
286 L 1
287 R 10
288 L 1
289 L 3
290 R 2
291 L 1
292 L 5
293 R 2
294 L 1
295 R 4
296 L 1
297 L 3
298 R 2
299 L 1
300 L 7
301 R 2
302 L 1
303 R 4
304 L 1
305 L 3
306 R 2
307 L 1
308 R 6
309 L 1
310 L 3
311 R 2
312 L 1
313 L 5
314 R 2
315 L 1
316 R 4
317 L 1
318 L 3
319 R 2
320 L 1
321 L 9
322 R 2
323 L 1
324 R 4
325 L 1
326 L 3
327 R 2
328 L 1
329 R 6
330 L 1
331 L 3
332 R 2
333 L 1
334 L 5
335 R 2
336 L 1
337 R 4
338 L 1
339 L 3
340 R 2
341 L 1
342 R 8
343 L 1
344 L 3
345 R 2
346 L 1
347 L 5
348 R 2
349 L 1
350 R 4
351 L 1
352 L 3
353 R 2
354 L 1
355 L 7
356 R 2
357 L 1
358 R 4
359 L 1
360 L 3
361 R 2
362 L 1
363 R 6
364 L 1
365 L 3
366 R 2
367 L 1
368 L 5
369 R 2
370 L 1
371 R 4
372 L 1
373 L 3
374 R 2
375 L 1
376 R 12
377 L 1
378 L 3
379 R 2
380 L 1
381 L 5
382 R 2
383 L 1
384 R 4
385 L 1
386 L 3
387 R 2
388 L 1
389 L 7
390 R 2
391 L 1
392 R 4
393 L 1
394 L 3
395 R 2
396 L 1
397 R 6
398 L 1
399 L 3
400 R 2
401 L 1
402 L 5
403 R 2
404 L 1
405 R 4
406 L 1
407 L 3
408 R 2
409 L 1
410 L 9
411 R 2
412 L 1
413 R 4
414 L 1
415 L 3
416 R 2
417 L 1
418 R 6
419 L 1
420 L 3
421 R 2
422 L 1
423 L 5
424 R 2
425 L 1
426 R 4
427 L 1
428 L 3
429 R 2
430 L 1
431 R 8
432 L 1
433 L 3
434 R 2
435 L 1
436 L 5
437 R 2
438 L 1
439 R 4
440 L 1
441 L 3
442 R 2
443 L 1
444 L 7
445 R 2
446 L 1
447 R 4
448 L 1
449 L 3
450 R 2
451 L 1
452 R 6
453 L 1
454 L 3
455 R 2
456 L 1
457 L 5
458 R 2
459 L 1
460 R 4
461 L 1
462 L 3
463 R 2
464 L 1
465 L 11
466 R 2
467 L 1
468 R 4
469 L 1
470 L 3
471 R 2
472 L 1
473 R 6
474 L 1
475 L 3
476 R 2
477 L 1
478 L 5
479 R 2
480 L 1
481 R 4
482 L 1
483 L 3
484 R 2
485 L 1
486 R 8
487 L 1
488 L 3
489 R 2
490 L 1
491 L 5
492 R 2
493 L 1
494 R 4
495 L 1
496 L 3
497 R 2
498 L 1
499 L 7
500 R 2
501 L 1
502 R 4
503 L 1
504 L 3
505 R 2
506 L 1
507 R 6
508 L 1
509 L 3
510 R 2
511 L 1
512 L 5
513 R 2
514 L 1
515 R 4
516 L 1
517 L 3
518 R 2
519 L 1
520 R 10
521 L 1
522 L 3
523 R 2
524 L 1
525 L 5
526 R 2
527 L 1
528 R 4
529 L 1
530 L 3
531 R 2
532 L 1
533 L 7
534 R 2
535 L 1
536 R 4
537 L 1
538 L 3
539 R 2
540 L 1
541 R 6
542 L 1
543 L 3
544 R 2
545 L 1
546 L 5
547 R 2
548 L 1
549 R 4
550 L 1
551 L 3
552 R 2
553 L 1
554 L 9
555 R 2
556 L 1
557 R 4
558 L 1
559 L 3
560 R 2
561 L 1
562 R 6
563 L 1
564 L 3
565 R 2
566 L 1
567 L 5
568 R 2
569 L 1
570 R 4
571 L 1
572 L 3
573 R 2
574 L 1
575 R 8
576 L 1
577 L 3
578 R 2
579 L 1
580 L 5
581 R 2
582 L 1
583 R 4
584 L 1
585 L 3
586 R 2
587 L 1
588 L 7
589 R 2
590 L 1
591 R 4
592 L 1
593 L 3
594 R 2
595 L 1
596 R 6
597 L 1
598 L 3
599 R 2
600 L 1
601 L 5
602 R 2
603 L 1
604 R 4
605 L 1
606 L 3
607 R 2
608 L 1
609 L 13
610 R 2
611 L 1
612 R 4
613 L 1
614 L 3
615 R 2
616 L 1
617 R 6
618 L 1
619 L 3
620 R 2
621 L 1
622 L 5
623 R 2
624 L 1
625 R 4
626 L 1
627 L 3
628 R 2
629 L 1
630 R 8
631 L 1
632 L 3
633 R 2
634 L 1
635 L 5
636 R 2
637 L 1
638 R 4
639 L 1
640 L 3
641 R 2
642 L 1
643 L 7
644 R 2
645 L 1
646 R 4
647 L 1
648 L 3
649 R 2
650 L 1
651 R 6
652 L 1
653 L 3
654 R 2
655 L 1
656 L 5
657 R 2
658 L 1
659 R 4
660 L 1
661 L 3
662 R 2
663 L 1
664 R 10
665 L 1
666 L 3
667 R 2
668 L 1
669 L 5
670 R 2
671 L 1
672 R 4
673 L 1
674 L 3
675 R 2
676 L 1
677 L 7
678 R 2
679 L 1
680 R 4
681 L 1
682 L 3
683 R 2
684 L 1
685 R 6
686 L 1
687 L 3
688 R 2
689 L 1
690 L 5
691 R 2
692 L 1
693 R 4
694 L 1
695 L 3
696 R 2
697 L 1
698 L 9
699 R 2
700 L 1
701 R 4
702 L 1
703 L 3
704 R 2
705 L 1
706 R 6
707 L 1
708 L 3
709 R 2
710 L 1
711 L 5
712 R 2
713 L 1
714 R 4
715 L 1
716 L 3
717 R 2
718 L 1
719 R 8
720 L 1
721 L 3
722 R 2
723 L 1
724 L 5
725 R 2
726 L 1
727 R 4
728 L 1
729 L 3
730 R 2
731 L 1
732 L 7
733 R 2
734 L 1
735 R 4
736 L 1
737 L 3
738 R 2
739 L 1
740 R 6
741 L 1
742 L 3
743 R 2
744 L 1
745 L 5
746 R 2
747 L 1
748 R 4
749 L 1
750 L 3
751 R 2
752 L 1
753 R 12
754 L 1
755 L 3
756 R 2
757 L 1
758 L 5
759 R 2
760 L 1
761 R 4
762 L 1
763 L 3
764 R 2
765 L 1
766 L 7
767 R 2
768 L 1
769 R 4
770 L 1
771 L 3
772 R 2
773 L 1
774 R 6
775 L 1
776 L 3
777 R 2
778 L 1
779 L 5
780 R 2
781 L 1
782 R 4
783 L 1
784 L 3
785 R 2
786 L 1
787 L 9
788 R 2
789 L 1
790 R 4
791 L 1
792 L 3
793 R 2
794 L 1
795 R 6
796 L 1
797 L 3
798 R 2
799 L 1
800 L 5
801 R 2
802 L 1
803 R 4
804 L 1
805 L 3
806 R 2
807 L 1
808 R 8
809 L 1
810 L 3
811 R 2
812 L 1
813 L 5
814 R 2
815 L 1
816 R 4
817 L 1
818 L 3
819 R 2
820 L 1
821 L 7
822 R 2
823 L 1
824 R 4
825 L 1
826 L 3
827 R 2
828 L 1
829 R 6
830 L 1
831 L 3
832 R 2
833 L 1
834 L 5
835 R 2
836 L 1
837 R 4
838 L 1
839 L 3
840 R 2
841 L 1
842 L 11
843 R 2
844 L 1
845 R 4
846 L 1
847 L 3
848 R 2
849 L 1
850 R 6
851 L 1
852 L 3
853 R 2
854 L 1
855 L 5
856 R 2
857 L 1
858 R 4
859 L 1
860 L 3
861 R 2
862 L 1
863 R 8
864 L 1
865 L 3
866 R 2
867 L 1
868 L 5
869 R 2
870 L 1
871 R 4
872 L 1
873 L 3
874 R 2
875 L 1
876 L 7
877 R 2
878 L 1
879 R 4
880 L 1
881 L 3
882 R 2
883 L 1
884 R 6
885 L 1
886 L 3
887 R 2
888 L 1
889 L 5
890 R 2
891 L 1
892 R 4
893 L 1
894 L 3
895 R 2
896 L 1
897 R 10
898 L 1
899 L 3
900 R 2
901 L 1
902 L 5
903 R 2
904 L 1
905 R 4
906 L 1
907 L 3
908 R 2
909 L 1
910 L 7
911 R 2
912 L 1
913 R 4
914 L 1
915 L 3
916 R 2
917 L 1
918 R 6
919 L 1
920 L 3
921 R 2
922 L 1
923 L 5
924 R 2
925 L 1
926 R 4
927 L 1
928 L 3
929 R 2
930 L 1
931 L 9
932 R 2
933 L 1
934 R 4
935 L 1
936 L 3
937 R 2
938 L 1
939 R 6
940 L 1
941 L 3
942 R 2
943 L 1
944 L 5
945 R 2
946 L 1
947 R 4
948 L 1
949 L 3
950 R 2
951 L 1
952 R 8
953 L 1
954 L 3
955 R 2
956 L 1
957 L 5
958 R 2
959 L 1
960 R 4
961 L 1
962 L 3
963 R 2
964 L 1
965 L 7
966 R 2
967 L 1
968 R 4
969 L 1
970 L 3
971 R 2
972 L 1
973 R 6
974 L 1
975 L 3
976 R 2
977 L 1
978 L 5
979 R 2
980 L 1
981 R 4
982 L 1
983 L 3
984 R 2
985 L 1
986 R 14
987 L 1
988 L 3
989 R 2
990 L 1
991 L 5
992 R 2
993 L 1
994 R 4
995 L 1
996 L 3
997 R 2
998 L 1
999 L 7
1000 R 2
1001 L 1
1002 R 4
1003 L 1
1004 L 3
1005 R 2
1006 L 1
1007 R 6
1008 L 1
1009 L 3
1010 R 2
1011 L 1
1012 L 5
1013 R 2
1014 L 1
1015 R 4
1016 L 1
1017 L 3
1018 R 2
1019 L 1
1020 L 9
1021 R 2
1022 L 1
1023 R 4
1024 L 1
1025 L 3
1026 R 2
1027 L 1
1028 R 6
1029 L 1
1030 L 3
1031 R 2
1032 L 1
1033 L 5
1034 R 2
1035 L 1
1036 R 4
1037 L 1
1038 L 3
1039 R 2
1040 L 1
1041 R 8
1042 L 1
1043 L 3
1044 R 2
1045 L 1
1046 L 5
1047 R 2
1048 L 1
1049 R 4
1050 L 1
1051 L 3
1052 R 2
1053 L 1
1054 L 7
1055 R 2
1056 L 1
1057 R 4
1058 L 1
1059 L 3
1060 R 2
1061 L 1
1062 R 6
1063 L 1
1064 L 3
1065 R 2
1066 L 1
1067 L 5
1068 R 2
1069 L 1
1070 R 4
1071 L 1
1072 L 3
1073 R 2
1074 L 1
1075 L 11
1076 R 2
1077 L 1
1078 R 4
1079 L 1
1080 L 3
1081 R 2
1082 L 1
1083 R 6
1084 L 1
1085 L 3
1086 R 2
1087 L 1
1088 L 5
1089 R 2
1090 L 1
1091 R 4
1092 L 1
1093 L 3
1094 R 2
1095 L 1
1096 R 8
1097 L 1
1098 L 3
1099 R 2
1100 L 1
1101 L 5
1102 R 2
1103 L 1
1104 R 4
1105 L 1
1106 L 3
1107 R 2
1108 L 1
1109 L 7
1110 R 2
1111 L 1
1112 R 4
1113 L 1
1114 L 3
1115 R 2
1116 L 1
1117 R 6
1118 L 1
1119 L 3
1120 R 2
1121 L 1
1122 L 5
1123 R 2
1124 L 1
1125 R 4
1126 L 1
1127 L 3
1128 R 2
1129 L 1
1130 R 10
1131 L 1
1132 L 3
1133 R 2
1134 L 1
1135 L 5
1136 R 2
1137 L 1
1138 R 4
1139 L 1
1140 L 3
1141 R 2
1142 L 1
1143 L 7
1144 R 2
1145 L 1
1146 R 4
1147 L 1
1148 L 3
1149 R 2
1150 L 1
1151 R 6
1152 L 1
1153 L 3
1154 R 2
1155 L 1
1156 L 5
1157 R 2
1158 L 1
1159 R 4
1160 L 1
1161 L 3
1162 R 2
1163 L 1
1164 L 9
1165 R 2
1166 L 1
1167 R 4
1168 L 1
1169 L 3
1170 R 2
1171 L 1
1172 R 6
1173 L 1
1174 L 3
1175 R 2
1176 L 1
1177 L 5
1178 R 2
1179 L 1
1180 R 4
1181 L 1
1182 L 3
1183 R 2
1184 L 1
1185 R 8
1186 L 1
1187 L 3
1188 R 2
1189 L 1
1190 L 5
1191 R 2
1192 L 1
1193 R 4
1194 L 1
1195 L 3
1196 R 2
1197 L 1
1198 L 7
1199 R 2
1200 L 1
1201 R 4
1202 L 1
1203 L 3
1204 R 2
1205 L 1
1206 R 6
1207 L 1
1208 L 3
1209 R 2
1210 L 1
1211 L 5
1212 R 2
1213 L 1
1214 R 4
1215 L 1
1216 L 3
1217 R 2
1218 L 1
1219 L 13
1220 R 2
1221 L 1
1222 R 4
1223 L 1
1224 L 3
1225 R 2
1226 L 1
1227 R 6
1228 L 1
1229 L 3
1230 R 2
1231 L 1
1232 L 5
1233 R 2
1234 L 1
1235 R 4
1236 L 1
1237 L 3
1238 R 2
1239 L 1
1240 R 8
1241 L 1
1242 L 3
1243 R 2
1244 L 1
1245 L 5
1246 R 2
1247 L 1
1248 R 4
1249 L 1
1250 L 3
1251 R 2
1252 L 1
1253 L 7
1254 R 2
1255 L 1
1256 R 4
1257 L 1
1258 L 3
1259 R 2
1260 L 1
1261 R 6
1262 L 1
1263 L 3
1264 R 2
1265 L 1
1266 L 5
1267 R 2
1268 L 1
1269 R 4
1270 L 1
1271 L 3
1272 R 2
1273 L 1
1274 R 10
1275 L 1
1276 L 3
1277 R 2
1278 L 1
1279 L 5
1280 R 2
1281 L 1
1282 R 4
1283 L 1
1284 L 3
1285 R 2
1286 L 1
1287 L 7
1288 R 2
1289 L 1
1290 R 4
1291 L 1
1292 L 3
1293 R 2
1294 L 1
1295 R 6
1296 L 1
1297 L 3
1298 R 2
1299 L 1
1300 L 5
1301 R 2
1302 L 1
1303 R 4
1304 L 1
1305 L 3
1306 R 2
1307 L 1
1308 L 9
1309 R 2
1310 L 1
1311 R 4
1312 L 1
1313 L 3
1314 R 2
1315 L 1
1316 R 6
1317 L 1
1318 L 3
1319 R 2
1320 L 1
1321 L 5
1322 R 2
1323 L 1
1324 R 4
1325 L 1
1326 L 3
1327 R 2
1328 L 1
1329 R 8
1330 L 1
1331 L 3
1332 R 2
1333 L 1
1334 L 5
1335 R 2
1336 L 1
1337 R 4
1338 L 1
1339 L 3
1340 R 2
1341 L 1
1342 L 7
1343 R 2
1344 L 1
1345 R 4
1346 L 1
1347 L 3
1348 R 2
1349 L 1
1350 R 6
1351 L 1
1352 L 3
1353 R 2
1354 L 1
1355 L 5
1356 R 2
1357 L 1
1358 R 4
1359 L 1
1360 L 3
1361 R 2
1362 L 1
1363 R 12
1364 L 1
1365 L 3
1366 R 2
1367 L 1
1368 L 5
1369 R 2
1370 L 1
1371 R 4
1372 L 1
1373 L 3
1374 R 2
1375 L 1
1376 L 7
1377 R 2
1378 L 1
1379 R 4
1380 L 1
1381 L 3
1382 R 2
1383 L 1
1384 R 6
1385 L 1
1386 L 3
1387 R 2
1388 L 1
1389 L 5
1390 R 2
1391 L 1
1392 R 4
1393 L 1
1394 L 3
1395 R 2
1396 L 1
1397 L 9
1398 R 2
1399 L 1
1400 R 4
1401 L 1
1402 L 3
1403 R 2
1404 L 1
1405 R 6
1406 L 1
1407 L 3
1408 R 2
1409 L 1
1410 L 5
1411 R 2
1412 L 1
1413 R 4
1414 L 1
1415 L 3
1416 R 2
1417 L 1
1418 R 8
1419 L 1
1420 L 3
1421 R 2
1422 L 1
1423 L 5
1424 R 2
1425 L 1
1426 R 4
1427 L 1
1428 L 3
1429 R 2
1430 L 1
1431 L 7
1432 R 2
1433 L 1
1434 R 4
1435 L 1
1436 L 3
1437 R 2
1438 L 1
1439 R 6
1440 L 1
1441 L 3
1442 R 2
1443 L 1
1444 L 5
1445 R 2
1446 L 1
1447 R 4
1448 L 1
1449 L 3
1450 R 2
1451 L 1
1452 L 11
1453 R 2
1454 L 1
1455 R 4
1456 L 1
1457 L 3
1458 R 2
1459 L 1
1460 R 6
1461 L 1
1462 L 3
1463 R 2
1464 L 1
1465 L 5
1466 R 2
1467 L 1
1468 R 4
1469 L 1
1470 L 3
1471 R 2
1472 L 1
1473 R 8
1474 L 1
1475 L 3
1476 R 2
1477 L 1
1478 L 5
1479 R 2
1480 L 1
1481 R 4
1482 L 1
1483 L 3
1484 R 2
1485 L 1
1486 L 7
1487 R 2
1488 L 1
1489 R 4
1490 L 1
1491 L 3
1492 R 2
1493 L 1
1494 R 6
1495 L 1
1496 L 3
1497 R 2
1498 L 1
1499 L 5
1500 R 2
1501 L 1
1502 R 4
1503 L 1
1504 L 3
1505 R 2
1506 L 1
1507 R 10
1508 L 1
1509 L 3
1510 R 2
1511 L 1
1512 L 5
1513 R 2
1514 L 1
1515 R 4
1516 L 1
1517 L 3
1518 R 2
1519 L 1
1520 L 7
1521 R 2
1522 L 1
1523 R 4
1524 L 1
1525 L 3
1526 R 2
1527 L 1
1528 R 6
1529 L 1
1530 L 3
1531 R 2
1532 L 1
1533 L 5
1534 R 2
1535 L 1
1536 R 4
1537 L 1
1538 L 3
1539 R 2
1540 L 1
1541 L 9
1542 R 2
1543 L 1
1544 R 4
1545 L 1
1546 L 3
1547 R 2
1548 L 1
1549 R 6
1550 L 1
1551 L 3
1552 R 2
1553 L 1
1554 L 5
1555 R 2
1556 L 1
1557 R 4
1558 L 1
1559 L 3
1560 R 2
1561 L 1
1562 R 8
1563 L 1
1564 L 3
1565 R 2
1566 L 1
1567 L 5
1568 R 2
1569 L 1
1570 R 4
1571 L 1
1572 L 3
1573 R 2
1574 L 1
1575 L 7
1576 R 2
1577 L 1
1578 R 4
1579 L 1
1580 L 3
1581 R 2
1582 L 1
1583 R 6
1584 L 1
1585 L 3
1586 R 2
1587 L 1
1588 L 5
1589 R 2
1590 L 1
1591 R 4
1592 L 1
1593 L 3
1594 R 2
1595 L 1
1596 L 15
1597 R 2
1598 L 1
1599 R 4
1600 L 1
1601 L 3
1602 R 2
1603 L 1
1604 R 6
1605 L 1
1606 L 3
1607 R 2
1608 L 1
1609 L 5
1610 R 2
1611 L 1
1612 R 4
1613 L 1
1614 L 3
1615 R 2
1616 L 1
1617 R 8
1618 L 1
1619 L 3
1620 R 2
1621 L 1
1622 L 5
1623 R 2
1624 L 1
1625 R 4
1626 L 1
1627 L 3
1628 R 2
1629 L 1
1630 L 7
1631 R 2
1632 L 1
1633 R 4
1634 L 1
1635 L 3
1636 R 2
1637 L 1
1638 R 6
1639 L 1
1640 L 3
1641 R 2
1642 L 1
1643 L 5
1644 R 2
1645 L 1
1646 R 4
1647 L 1
1648 L 3
1649 R 2
1650 L 1
1651 R 10
1652 L 1
1653 L 3
1654 R 2
1655 L 1
1656 L 5
1657 R 2
1658 L 1
1659 R 4
1660 L 1
1661 L 3
1662 R 2
1663 L 1
1664 L 7
1665 R 2
1666 L 1
1667 R 4
1668 L 1
1669 L 3
1670 R 2
1671 L 1
1672 R 6
1673 L 1
1674 L 3
1675 R 2
1676 L 1
1677 L 5
1678 R 2
1679 L 1
1680 R 4
1681 L 1
1682 L 3
1683 R 2
1684 L 1
1685 L 9
1686 R 2
1687 L 1
1688 R 4
1689 L 1
1690 L 3
1691 R 2
1692 L 1
1693 R 6
1694 L 1
1695 L 3
1696 R 2
1697 L 1
1698 L 5
1699 R 2
1700 L 1
1701 R 4
1702 L 1
1703 L 3
1704 R 2
1705 L 1
1706 R 8
1707 L 1
1708 L 3
1709 R 2
1710 L 1
1711 L 5
1712 R 2
1713 L 1
1714 R 4
1715 L 1
1716 L 3
1717 R 2
1718 L 1
1719 L 7
1720 R 2
1721 L 1
1722 R 4
1723 L 1
1724 L 3
1725 R 2
1726 L 1
1727 R 6
1728 L 1
1729 L 3
1730 R 2
1731 L 1
1732 L 5
1733 R 2
1734 L 1
1735 R 4
1736 L 1
1737 L 3
1738 R 2
1739 L 1
1740 R 12
1741 L 1
1742 L 3
1743 R 2
1744 L 1
1745 L 5
1746 R 2
1747 L 1
1748 R 4
1749 L 1
1750 L 3
1751 R 2
1752 L 1
1753 L 7
1754 R 2
1755 L 1
1756 R 4
1757 L 1
1758 L 3
1759 R 2
1760 L 1
1761 R 6
1762 L 1
1763 L 3
1764 R 2
1765 L 1
1766 L 5
1767 R 2
1768 L 1
1769 R 4
1770 L 1
1771 L 3
1772 R 2
1773 L 1
1774 L 9
1775 R 2
1776 L 1
1777 R 4
1778 L 1
1779 L 3
1780 R 2
1781 L 1
1782 R 6
1783 L 1
1784 L 3
1785 R 2
1786 L 1
1787 L 5
1788 R 2
1789 L 1
1790 R 4
1791 L 1
1792 L 3
1793 R 2
1794 L 1
1795 R 8
1796 L 1
1797 L 3
1798 R 2
1799 L 1
1800 L 5
1801 R 2
1802 L 1
1803 R 4
1804 L 1
1805 L 3
1806 R 2
1807 L 1
1808 L 7
1809 R 2
1810 L 1
1811 R 4
1812 L 1
1813 L 3
1814 R 2
1815 L 1
1816 R 6
1817 L 1
1818 L 3
1819 R 2
1820 L 1
1821 L 5
1822 R 2
1823 L 1
1824 R 4
1825 L 1
1826 L 3
1827 R 2
1828 L 1
1829 L 11
1830 R 2
1831 L 1
1832 R 4
1833 L 1
1834 L 3
1835 R 2
1836 L 1
1837 R 6
1838 L 1
1839 L 3
1840 R 2
1841 L 1
1842 L 5
1843 R 2
1844 L 1
1845 R 4
1846 L 1
1847 L 3
1848 R 2
1849 L 1
1850 R 8
1851 L 1
1852 L 3
1853 R 2
1854 L 1
1855 L 5
1856 R 2
1857 L 1
1858 R 4
1859 L 1
1860 L 3
1861 R 2
1862 L 1
1863 L 7
1864 R 2
1865 L 1
1866 R 4
1867 L 1
1868 L 3
1869 R 2
1870 L 1
1871 R 6
1872 L 1
1873 L 3
1874 R 2
1875 L 1
1876 L 5
1877 R 2
1878 L 1
1879 R 4
1880 L 1
1881 L 3
1882 R 2
1883 L 1
1884 R 10
1885 L 1
1886 L 3
1887 R 2
1888 L 1
1889 L 5
1890 R 2
1891 L 1
1892 R 4
1893 L 1
1894 L 3
1895 R 2
1896 L 1
1897 L 7
1898 R 2
1899 L 1
1900 R 4
1901 L 1
1902 L 3
1903 R 2
1904 L 1
1905 R 6
1906 L 1
1907 L 3
1908 R 2
1909 L 1
1910 L 5
1911 R 2
1912 L 1
1913 R 4
1914 L 1
1915 L 3
1916 R 2
1917 L 1
1918 L 9
1919 R 2
1920 L 1
1921 R 4
1922 L 1
1923 L 3
1924 R 2
1925 L 1
1926 R 6
1927 L 1
1928 L 3
1929 R 2
1930 L 1
1931 L 5
1932 R 2
1933 L 1
1934 R 4
1935 L 1
1936 L 3
1937 R 2
1938 L 1
1939 R 8
1940 L 1
1941 L 3
1942 R 2
1943 L 1
1944 L 5
1945 R 2
1946 L 1
1947 R 4
1948 L 1
1949 L 3
1950 R 2
1951 L 1
1952 L 7
1953 R 2
1954 L 1
1955 R 4
1956 L 1
1957 L 3
1958 R 2
1959 L 1
1960 R 6
1961 L 1
1962 L 3
1963 R 2
1964 L 1
1965 L 5
1966 R 2
1967 L 1
1968 R 4
1969 L 1
1970 L 3
1971 R 2
1972 L 1
1973 R 14
1974 L 1
1975 L 3
1976 R 2
1977 L 1
1978 L 5
1979 R 2
1980 L 1
1981 R 4
1982 L 1
1983 L 3
1984 R 2
1985 L 1
1986 L 7
1987 R 2
1988 L 1
1989 R 4
1990 L 1
1991 L 3
1992 R 2
1993 L 1
1994 R 6
1995 L 1
1996 L 3
1997 R 2
1998 L 1
1999 L 5
2000 R 2
2001 L 1
2002 R 4
2003 L 1
2004 L 3
2005 R 2
2006 L 1
2007 L 9
2008 R 2
2009 L 1
2010 R 4
2011 L 1
2012 L 3
2013 R 2
2014 L 1
2015 R 6
2016 L 1
2017 L 3
2018 R 2
2019 L 1
2020 L 5
2021 R 2
2022 L 1
2023 R 4
2024 L 1
2025 L 3
2026 R 2
2027 L 1
2028 R 8
2029 L 1
2030 L 3
2031 R 2
2032 L 1
2033 L 5
2034 R 2
2035 L 1
2036 R 4
2037 L 1
2038 L 3
2039 R 2
2040 L 1
2041 L 7
2042 R 2
2043 L 1
2044 R 4
2045 L 1
2046 L 3
2047 R 2
2048 L 1
2049 R 6
2050 L 1
2051 L 3
2052 R 2
2053 L 1
2054 L 5
2055 R 2
2056 L 1
2057 R 4
2058 L 1
2059 L 3
2060 R 2
2061 L 1
2062 L 11
2063 R 2
2064 L 1
2065 R 4
2066 L 1
2067 L 3
2068 R 2
2069 L 1
2070 R 6
2071 L 1
2072 L 3
2073 R 2
2074 L 1
2075 L 5
2076 R 2
2077 L 1
2078 R 4
2079 L 1
2080 L 3
2081 R 2
2082 L 1
2083 R 8
2084 L 1
2085 L 3
2086 R 2
2087 L 1
2088 L 5
2089 R 2
2090 L 1
2091 R 4
2092 L 1
2093 L 3
2094 R 2
2095 L 1
2096 L 7
2097 R 2
2098 L 1
2099 R 4
2100 L 1
2101 L 3
2102 R 2
2103 L 1
2104 R 6
2105 L 1
2106 L 3
2107 R 2
2108 L 1
2109 L 5
2110 R 2
2111 L 1
2112 R 4
2113 L 1
2114 L 3
2115 R 2
2116 L 1
2117 R 10
2118 L 1
2119 L 3
2120 R 2
2121 L 1
2122 L 5
2123 R 2
2124 L 1
2125 R 4
2126 L 1
2127 L 3
2128 R 2
2129 L 1
2130 L 7
2131 R 2
2132 L 1
2133 R 4
2134 L 1
2135 L 3
2136 R 2
2137 L 1
2138 R 6
2139 L 1
2140 L 3
2141 R 2
2142 L 1
2143 L 5
2144 R 2
2145 L 1
2146 R 4
2147 L 1
2148 L 3
2149 R 2
2150 L 1
2151 L 9
2152 R 2
2153 L 1
2154 R 4
2155 L 1
2156 L 3
2157 R 2
2158 L 1
2159 R 6
2160 L 1
2161 L 3
2162 R 2
2163 L 1
2164 L 5
2165 R 2
2166 L 1
2167 R 4
2168 L 1
2169 L 3
2170 R 2
2171 L 1
2172 R 8
2173 L 1
2174 L 3
2175 R 2
2176 L 1
2177 L 5
2178 R 2
2179 L 1
2180 R 4
2181 L 1
2182 L 3
2183 R 2
2184 L 1
2185 L 7
2186 R 2
2187 L 1
2188 R 4
2189 L 1
2190 L 3
2191 R 2
2192 L 1
2193 R 6
2194 L 1
2195 L 3
2196 R 2
2197 L 1
2198 L 5
2199 R 2
2200 L 1
2201 R 4
2202 L 1
2203 L 3
2204 R 2
2205 L 1
2206 L 13
2207 R 2
2208 L 1
2209 R 4
2210 L 1
2211 L 3
2212 R 2
2213 L 1
2214 R 6
2215 L 1
2216 L 3
2217 R 2
2218 L 1
2219 L 5
2220 R 2
2221 L 1
2222 R 4
2223 L 1
2224 L 3
2225 R 2
2226 L 1
2227 R 8
2228 L 1
2229 L 3
2230 R 2
2231 L 1
2232 L 5
2233 R 2
2234 L 1
2235 R 4
2236 L 1
2237 L 3
2238 R 2
2239 L 1
2240 L 7
2241 R 2
2242 L 1
2243 R 4
2244 L 1
2245 L 3
2246 R 2
2247 L 1
2248 R 6
2249 L 1
2250 L 3
2251 R 2
2252 L 1
2253 L 5
2254 R 2
2255 L 1
2256 R 4
2257 L 1
2258 L 3
2259 R 2
2260 L 1
2261 R 10
2262 L 1
2263 L 3
2264 R 2
2265 L 1
2266 L 5
2267 R 2
2268 L 1
2269 R 4
2270 L 1
2271 L 3
2272 R 2
2273 L 1
2274 L 7
2275 R 2
2276 L 1
2277 R 4
2278 L 1
2279 L 3
2280 R 2
2281 L 1
2282 R 6
2283 L 1
2284 L 3
2285 R 2
2286 L 1
2287 L 5
2288 R 2
2289 L 1
2290 R 4
2291 L 1
2292 L 3
2293 R 2
2294 L 1
2295 L 9
2296 R 2
2297 L 1
2298 R 4
2299 L 1
2300 L 3
2301 R 2
2302 L 1
2303 R 6
2304 L 1
2305 L 3
2306 R 2
2307 L 1
2308 L 5
2309 R 2
2310 L 1
2311 R 4
2312 L 1
2313 L 3
2314 R 2
2315 L 1
2316 R 8
2317 L 1
2318 L 3
2319 R 2
2320 L 1
2321 L 5
2322 R 2
2323 L 1
2324 R 4
2325 L 1
2326 L 3
2327 R 2
2328 L 1
2329 L 7
2330 R 2
2331 L 1
2332 R 4
2333 L 1
2334 L 3
2335 R 2
2336 L 1
2337 R 6
2338 L 1
2339 L 3
2340 R 2
2341 L 1
2342 L 5
2343 R 2
2344 L 1
2345 R 4
2346 L 1
2347 L 3
2348 R 2
2349 L 1
2350 R 12
2351 L 1
2352 L 3
2353 R 2
2354 L 1
2355 L 5
2356 R 2
2357 L 1
2358 R 4
2359 L 1
2360 L 3
2361 R 2
2362 L 1
2363 L 7
2364 R 2
2365 L 1
2366 R 4
2367 L 1
2368 L 3
2369 R 2
2370 L 1
2371 R 6
2372 L 1
2373 L 3
2374 R 2
2375 L 1
2376 L 5
2377 R 2
2378 L 1
2379 R 4
2380 L 1
2381 L 3
2382 R 2
2383 L 1
2384 L 9
2385 R 2
2386 L 1
2387 R 4
2388 L 1
2389 L 3
2390 R 2
2391 L 1
2392 R 6
2393 L 1
2394 L 3
2395 R 2
2396 L 1
2397 L 5
2398 R 2
2399 L 1
2400 R 4
2401 L 1
2402 L 3
2403 R 2
2404 L 1
2405 R 8
2406 L 1
2407 L 3
2408 R 2
2409 L 1
2410 L 5
2411 R 2
2412 L 1
2413 R 4
2414 L 1
2415 L 3
2416 R 2
2417 L 1
2418 L 7
2419 R 2
2420 L 1
2421 R 4
2422 L 1
2423 L 3
2424 R 2
2425 L 1
2426 R 6
2427 L 1
2428 L 3
2429 R 2
2430 L 1
2431 L 5
2432 R 2
2433 L 1
2434 R 4
2435 L 1
2436 L 3
2437 R 2
2438 L 1
2439 L 11
2440 R 2
2441 L 1
2442 R 4
2443 L 1
2444 L 3
2445 R 2
2446 L 1
2447 R 6
2448 L 1
2449 L 3
2450 R 2
2451 L 1
2452 L 5
2453 R 2
2454 L 1
2455 R 4
2456 L 1
2457 L 3
2458 R 2
2459 L 1
2460 R 8
2461 L 1
2462 L 3
2463 R 2
2464 L 1
2465 L 5
2466 R 2
2467 L 1
2468 R 4
2469 L 1
2470 L 3
2471 R 2
2472 L 1
2473 L 7
2474 R 2
2475 L 1
2476 R 4
2477 L 1
2478 L 3
2479 R 2
2480 L 1
2481 R 6
2482 L 1
2483 L 3
2484 R 2
2485 L 1
2486 L 5
2487 R 2
2488 L 1
2489 R 4
2490 L 1
2491 L 3
2492 R 2
2493 L 1
2494 R 10
2495 L 1
2496 L 3
2497 R 2
2498 L 1
2499 L 5
2500 R 2
2501 L 1
2502 R 4
2503 L 1
2504 L 3
2505 R 2
2506 L 1
2507 L 7
2508 R 2
2509 L 1
2510 R 4
2511 L 1
2512 L 3
2513 R 2
2514 L 1
2515 R 6
2516 L 1
2517 L 3
2518 R 2
2519 L 1
2520 L 5
2521 R 2
2522 L 1
2523 R 4
2524 L 1
2525 L 3
2526 R 2
2527 L 1
2528 L 9
2529 R 2
2530 L 1
2531 R 4
2532 L 1
2533 L 3
2534 R 2
2535 L 1
2536 R 6
2537 L 1
2538 L 3
2539 R 2
2540 L 1
2541 L 5
2542 R 2
2543 L 1
2544 R 4
2545 L 1
2546 L 3
2547 R 2
2548 L 1
2549 R 8
2550 L 1
2551 L 3
2552 R 2
2553 L 1
2554 L 5
2555 R 2
2556 L 1
2557 R 4
2558 L 1
2559 L 3
2560 R 2
2561 L 1
2562 L 7
2563 R 2
2564 L 1
2565 R 4
2566 L 1
2567 L 3
2568 R 2
2569 L 1
2570 R 6
2571 L 1
2572 L 3
2573 R 2
2574 L 1
2575 L 5
2576 R 2
2577 L 1
2578 R 4
2579 L 1
2580 L 3
2581 R 2
2582 L 1
2583 R 16
2584 L 1
2585 L 3
2586 R 2
2587 L 1
2588 L 5
2589 R 2
2590 L 1
2591 R 4
2592 L 1
2593 L 3
2594 R 2
2595 L 1
2596 L 7
2597 R 2
2598 L 1
2599 R 4
2600 L 1
2601 L 3
2602 R 2
2603 L 1
2604 R 6
2605 L 1
2606 L 3
2607 R 2
2608 L 1
2609 L 5
2610 R 2
2611 L 1
2612 R 4
2613 L 1
2614 L 3
2615 R 2
2616 L 1
2617 L 9
2618 R 2
2619 L 1
2620 R 4
2621 L 1
2622 L 3
2623 R 2
2624 L 1
2625 R 6
2626 L 1
2627 L 3
2628 R 2
2629 L 1
2630 L 5
2631 R 2
2632 L 1
2633 R 4
2634 L 1
2635 L 3
2636 R 2
2637 L 1
2638 R 8
2639 L 1
2640 L 3
2641 R 2
2642 L 1
2643 L 5
2644 R 2
2645 L 1
2646 R 4
2647 L 1
2648 L 3
2649 R 2
2650 L 1
2651 L 7
2652 R 2
2653 L 1
2654 R 4
2655 L 1
2656 L 3
2657 R 2
2658 L 1
2659 R 6
2660 L 1
2661 L 3
2662 R 2
2663 L 1
2664 L 5
2665 R 2
2666 L 1
2667 R 4
2668 L 1
2669 L 3
2670 R 2
2671 L 1
2672 L 11
2673 R 2
2674 L 1
2675 R 4
2676 L 1
2677 L 3
2678 R 2
2679 L 1
2680 R 6
2681 L 1
2682 L 3
2683 R 2
2684 L 1
2685 L 5
2686 R 2
2687 L 1
2688 R 4
2689 L 1
2690 L 3
2691 R 2
2692 L 1
2693 R 8
2694 L 1
2695 L 3
2696 R 2
2697 L 1
2698 L 5
2699 R 2
2700 L 1
2701 R 4
2702 L 1
2703 L 3
2704 R 2
2705 L 1
2706 L 7
2707 R 2
2708 L 1
2709 R 4
2710 L 1
2711 L 3
2712 R 2
2713 L 1
2714 R 6
2715 L 1
2716 L 3
2717 R 2
2718 L 1
2719 L 5
2720 R 2
2721 L 1
2722 R 4
2723 L 1
2724 L 3
2725 R 2
2726 L 1
2727 R 10
2728 L 1
2729 L 3
2730 R 2
2731 L 1
2732 L 5
2733 R 2
2734 L 1
2735 R 4
2736 L 1
2737 L 3
2738 R 2
2739 L 1
2740 L 7
2741 R 2
2742 L 1
2743 R 4
2744 L 1
2745 L 3
2746 R 2
2747 L 1
2748 R 6
2749 L 1
2750 L 3
2751 R 2
2752 L 1
2753 L 5
2754 R 2
2755 L 1
2756 R 4
2757 L 1
2758 L 3
2759 R 2
2760 L 1
2761 L 9
2762 R 2
2763 L 1
2764 R 4
2765 L 1
2766 L 3
2767 R 2
2768 L 1
2769 R 6
2770 L 1
2771 L 3
2772 R 2
2773 L 1
2774 L 5
2775 R 2
2776 L 1
2777 R 4
2778 L 1
2779 L 3
2780 R 2
2781 L 1
2782 R 8
2783 L 1
2784 L 3
2785 R 2
2786 L 1
2787 L 5
2788 R 2
2789 L 1
2790 R 4
2791 L 1
2792 L 3
2793 R 2
2794 L 1
2795 L 7
2796 R 2
2797 L 1
2798 R 4
2799 L 1
2800 L 3
2801 R 2
2802 L 1
2803 R 6
2804 L 1
2805 L 3
2806 R 2
2807 L 1
2808 L 5
2809 R 2
2810 L 1
2811 R 4
2812 L 1
2813 L 3
2814 R 2
2815 L 1
2816 L 13
2817 R 2
2818 L 1
2819 R 4
2820 L 1
2821 L 3
2822 R 2
2823 L 1
2824 R 6
2825 L 1
2826 L 3
2827 R 2
2828 L 1
2829 L 5
2830 R 2
2831 L 1
2832 R 4
2833 L 1
2834 L 3
2835 R 2
2836 L 1
2837 R 8
2838 L 1
2839 L 3
2840 R 2
2841 L 1
2842 L 5
2843 R 2
2844 L 1
2845 R 4
2846 L 1
2847 L 3
2848 R 2
2849 L 1
2850 L 7
2851 R 2
2852 L 1
2853 R 4
2854 L 1
2855 L 3
2856 R 2
2857 L 1
2858 R 6
2859 L 1
2860 L 3
2861 R 2
2862 L 1
2863 L 5
2864 R 2
2865 L 1
2866 R 4
2867 L 1
2868 L 3
2869 R 2
2870 L 1
2871 R 10
2872 L 1
2873 L 3
2874 R 2
2875 L 1
2876 L 5
2877 R 2
2878 L 1
2879 R 4
2880 L 1
2881 L 3
2882 R 2
2883 L 1
2884 L 7
2885 R 2
2886 L 1
2887 R 4
2888 L 1
2889 L 3
2890 R 2
2891 L 1
2892 R 6
2893 L 1
2894 L 3
2895 R 2
2896 L 1
2897 L 5
2898 R 2
2899 L 1
2900 R 4
2901 L 1
2902 L 3
2903 R 2
2904 L 1
2905 L 9
2906 R 2
2907 L 1
2908 R 4
2909 L 1
2910 L 3
2911 R 2
2912 L 1
2913 R 6
2914 L 1
2915 L 3
2916 R 2
2917 L 1
2918 L 5
2919 R 2
2920 L 1
2921 R 4
2922 L 1
2923 L 3
2924 R 2
2925 L 1
2926 R 8
2927 L 1
2928 L 3
2929 R 2
2930 L 1
2931 L 5
2932 R 2
2933 L 1
2934 R 4
2935 L 1
2936 L 3
2937 R 2
2938 L 1
2939 L 7
2940 R 2
2941 L 1
2942 R 4
2943 L 1
2944 L 3
2945 R 2
2946 L 1
2947 R 6
2948 L 1
2949 L 3
2950 R 2
2951 L 1
2952 L 5
2953 R 2
2954 L 1
2955 R 4
2956 L 1
2957 L 3
2958 R 2
2959 L 1
2960 R 12
2961 L 1
2962 L 3
2963 R 2
2964 L 1
2965 L 5
2966 R 2
2967 L 1
2968 R 4
2969 L 1
2970 L 3
2971 R 2
2972 L 1
2973 L 7
2974 R 2
2975 L 1
2976 R 4
2977 L 1
2978 L 3
2979 R 2
2980 L 1
2981 R 6
2982 L 1
2983 L 3
2984 R 2
2985 L 1
2986 L 5
2987 R 2
2988 L 1
2989 R 4
2990 L 1
2991 L 3
2992 R 2
2993 L 1
2994 L 9
2995 R 2
2996 L 1
2997 R 4
2998 L 1
2999 L 3
3000 R 2
3001 L 1
3002 R 6
3003 L 1
3004 L 3
3005 R 2
3006 L 1
3007 L 5
3008 R 2
3009 L 1
3010 R 4
3011 L 1
3012 L 3
3013 R 2
3014 L 1
3015 R 8
3016 L 1
3017 L 3
3018 R 2
3019 L 1
3020 L 5
3021 R 2
3022 L 1
3023 R 4
3024 L 1
3025 L 3
3026 R 2
3027 L 1
3028 L 7
3029 R 2
3030 L 1
3031 R 4
3032 L 1
3033 L 3
3034 R 2
3035 L 1
3036 R 6
3037 L 1
3038 L 3
3039 R 2
3040 L 1
3041 L 5
3042 R 2
3043 L 1
3044 R 4
3045 L 1
3046 L 3
3047 R 2
3048 L 1
3049 L 11
3050 R 2
3051 L 1
3052 R 4
3053 L 1
3054 L 3
3055 R 2
3056 L 1
3057 R 6
3058 L 1
3059 L 3
3060 R 2
3061 L 1
3062 L 5
3063 R 2
3064 L 1
3065 R 4
3066 L 1
3067 L 3
3068 R 2
3069 L 1
3070 R 8
3071 L 1
3072 L 3
3073 R 2
3074 L 1
3075 L 5
3076 R 2
3077 L 1
3078 R 4
3079 L 1
3080 L 3
3081 R 2
3082 L 1
3083 L 7
3084 R 2
3085 L 1
3086 R 4
3087 L 1
3088 L 3
3089 R 2
3090 L 1
3091 R 6
3092 L 1
3093 L 3
3094 R 2
3095 L 1
3096 L 5
3097 R 2
3098 L 1
3099 R 4
3100 L 1
3101 L 3
3102 R 2
3103 L 1
3104 R 10
3105 L 1
3106 L 3
3107 R 2
3108 L 1
3109 L 5
3110 R 2
3111 L 1
3112 R 4
3113 L 1
3114 L 3
3115 R 2
3116 L 1
3117 L 7
3118 R 2
3119 L 1
3120 R 4
3121 L 1
3122 L 3
3123 R 2
3124 L 1
3125 R 6
3126 L 1
3127 L 3
3128 R 2
3129 L 1
3130 L 5
3131 R 2
3132 L 1
3133 R 4
3134 L 1
3135 L 3
3136 R 2
3137 L 1
3138 L 9
3139 R 2
3140 L 1
3141 R 4
3142 L 1
3143 L 3
3144 R 2
3145 L 1
3146 R 6
3147 L 1
3148 L 3
3149 R 2
3150 L 1
3151 L 5
3152 R 2
3153 L 1
3154 R 4
3155 L 1
3156 L 3
3157 R 2
3158 L 1
3159 R 8
3160 L 1
3161 L 3
3162 R 2
3163 L 1
3164 L 5
3165 R 2
3166 L 1
3167 R 4
3168 L 1
3169 L 3
3170 R 2
3171 L 1
3172 L 7
3173 R 2
3174 L 1
3175 R 4
3176 L 1
3177 L 3
3178 R 2
3179 L 1
3180 R 6
3181 L 1
3182 L 3
3183 R 2
3184 L 1
3185 L 5
3186 R 2
3187 L 1
3188 R 4
3189 L 1
3190 L 3
3191 R 2
3192 L 1
3193 L 15
3194 R 2
3195 L 1
3196 R 4
3197 L 1
3198 L 3
3199 R 2
3200 L 1
3201 R 6
3202 L 1
3203 L 3
3204 R 2
3205 L 1
3206 L 5
3207 R 2
3208 L 1
3209 R 4
3210 L 1
3211 L 3
3212 R 2
3213 L 1
3214 R 8
3215 L 1
3216 L 3
3217 R 2
3218 L 1
3219 L 5
3220 R 2
3221 L 1
3222 R 4
3223 L 1
3224 L 3
3225 R 2
3226 L 1
3227 L 7
3228 R 2
3229 L 1
3230 R 4
3231 L 1
3232 L 3
3233 R 2
3234 L 1
3235 R 6
3236 L 1
3237 L 3
3238 R 2
3239 L 1
3240 L 5
3241 R 2
3242 L 1
3243 R 4
3244 L 1
3245 L 3
3246 R 2
3247 L 1
3248 R 10
3249 L 1
3250 L 3
3251 R 2
3252 L 1
3253 L 5
3254 R 2
3255 L 1
3256 R 4
3257 L 1
3258 L 3
3259 R 2
3260 L 1
3261 L 7
3262 R 2
3263 L 1
3264 R 4
3265 L 1
3266 L 3
3267 R 2
3268 L 1
3269 R 6
3270 L 1
3271 L 3
3272 R 2
3273 L 1
3274 L 5
3275 R 2
3276 L 1
3277 R 4
3278 L 1
3279 L 3
3280 R 2
3281 L 1
3282 L 9
3283 R 2
3284 L 1
3285 R 4
3286 L 1
3287 L 3
3288 R 2
3289 L 1
3290 R 6
3291 L 1
3292 L 3
3293 R 2
3294 L 1
3295 L 5
3296 R 2
3297 L 1
3298 R 4
3299 L 1
3300 L 3
3301 R 2
3302 L 1
3303 R 8
3304 L 1
3305 L 3
3306 R 2
3307 L 1
3308 L 5
3309 R 2
3310 L 1
3311 R 4
3312 L 1
3313 L 3
3314 R 2
3315 L 1
3316 L 7
3317 R 2
3318 L 1
3319 R 4
3320 L 1
3321 L 3
3322 R 2
3323 L 1
3324 R 6
3325 L 1
3326 L 3
3327 R 2
3328 L 1
3329 L 5
3330 R 2
3331 L 1
3332 R 4
3333 L 1
3334 L 3
3335 R 2
3336 L 1
3337 R 12
3338 L 1
3339 L 3
3340 R 2
3341 L 1
3342 L 5
3343 R 2
3344 L 1
3345 R 4
3346 L 1
3347 L 3
3348 R 2
3349 L 1
3350 L 7
3351 R 2
3352 L 1
3353 R 4
3354 L 1
3355 L 3
3356 R 2
3357 L 1
3358 R 6
3359 L 1
3360 L 3
3361 R 2
3362 L 1
3363 L 5
3364 R 2
3365 L 1
3366 R 4
3367 L 1
3368 L 3
3369 R 2
3370 L 1
3371 L 9
3372 R 2
3373 L 1
3374 R 4
3375 L 1
3376 L 3
3377 R 2
3378 L 1
3379 R 6
3380 L 1
3381 L 3
3382 R 2
3383 L 1
3384 L 5
3385 R 2
3386 L 1
3387 R 4
3388 L 1
3389 L 3
3390 R 2
3391 L 1
3392 R 8
3393 L 1
3394 L 3
3395 R 2
3396 L 1
3397 L 5
3398 R 2
3399 L 1
3400 R 4
3401 L 1
3402 L 3
3403 R 2
3404 L 1
3405 L 7
3406 R 2
3407 L 1
3408 R 4
3409 L 1
3410 L 3
3411 R 2
3412 L 1
3413 R 6
3414 L 1
3415 L 3
3416 R 2
3417 L 1
3418 L 5
3419 R 2
3420 L 1
3421 R 4
3422 L 1
3423 L 3
3424 R 2
3425 L 1
3426 L 11
3427 R 2
3428 L 1
3429 R 4
3430 L 1
3431 L 3
3432 R 2
3433 L 1
3434 R 6
3435 L 1
3436 L 3
3437 R 2
3438 L 1
3439 L 5
3440 R 2
3441 L 1
3442 R 4
3443 L 1
3444 L 3
3445 R 2
3446 L 1
3447 R 8
3448 L 1
3449 L 3
3450 R 2
3451 L 1
3452 L 5
3453 R 2
3454 L 1
3455 R 4
3456 L 1
3457 L 3
3458 R 2
3459 L 1
3460 L 7
3461 R 2
3462 L 1
3463 R 4
3464 L 1
3465 L 3
3466 R 2
3467 L 1
3468 R 6
3469 L 1
3470 L 3
3471 R 2
3472 L 1
3473 L 5
3474 R 2
3475 L 1
3476 R 4
3477 L 1
3478 L 3
3479 R 2
3480 L 1
3481 R 10
3482 L 1
3483 L 3
3484 R 2
3485 L 1
3486 L 5
3487 R 2
3488 L 1
3489 R 4
3490 L 1
3491 L 3
3492 R 2
3493 L 1
3494 L 7
3495 R 2
3496 L 1
3497 R 4
3498 L 1
3499 L 3
3500 R 2
3501 L 1
3502 R 6
3503 L 1
3504 L 3
3505 R 2
3506 L 1
3507 L 5
3508 R 2
3509 L 1
3510 R 4
3511 L 1
3512 L 3
3513 R 2
3514 L 1
3515 L 9
3516 R 2
3517 L 1
3518 R 4
3519 L 1
3520 L 3
3521 R 2
3522 L 1
3523 R 6
3524 L 1
3525 L 3
3526 R 2
3527 L 1
3528 L 5
3529 R 2
3530 L 1
3531 R 4
3532 L 1
3533 L 3
3534 R 2
3535 L 1
3536 R 8
3537 L 1
3538 L 3
3539 R 2
3540 L 1
3541 L 5
3542 R 2
3543 L 1
3544 R 4
3545 L 1
3546 L 3
3547 R 2
3548 L 1
3549 L 7
3550 R 2
3551 L 1
3552 R 4
3553 L 1
3554 L 3
3555 R 2
3556 L 1
3557 R 6
3558 L 1
3559 L 3
3560 R 2
3561 L 1
3562 L 5
3563 R 2
3564 L 1
3565 R 4
3566 L 1
3567 L 3
3568 R 2
3569 L 1
3570 R 14
3571 L 1
3572 L 3
3573 R 2
3574 L 1
3575 L 5
3576 R 2
3577 L 1
3578 R 4
3579 L 1
3580 L 3
3581 R 2
3582 L 1
3583 L 7
3584 R 2
3585 L 1
3586 R 4
3587 L 1
3588 L 3
3589 R 2
3590 L 1
3591 R 6
3592 L 1
3593 L 3
3594 R 2
3595 L 1
3596 L 5
3597 R 2
3598 L 1
3599 R 4
3600 L 1
3601 L 3
3602 R 2
3603 L 1
3604 L 9
3605 R 2
3606 L 1
3607 R 4
3608 L 1
3609 L 3
3610 R 2
3611 L 1
3612 R 6
3613 L 1
3614 L 3
3615 R 2
3616 L 1
3617 L 5
3618 R 2
3619 L 1
3620 R 4
3621 L 1
3622 L 3
3623 R 2
3624 L 1
3625 R 8
3626 L 1
3627 L 3
3628 R 2
3629 L 1
3630 L 5
3631 R 2
3632 L 1
3633 R 4
3634 L 1
3635 L 3
3636 R 2
3637 L 1
3638 L 7
3639 R 2
3640 L 1
3641 R 4
3642 L 1
3643 L 3
3644 R 2
3645 L 1
3646 R 6
3647 L 1
3648 L 3
3649 R 2
3650 L 1
3651 L 5
3652 R 2
3653 L 1
3654 R 4
3655 L 1
3656 L 3
3657 R 2
3658 L 1
3659 L 11
3660 R 2
3661 L 1
3662 R 4
3663 L 1
3664 L 3
3665 R 2
3666 L 1
3667 R 6
3668 L 1
3669 L 3
3670 R 2
3671 L 1
3672 L 5
3673 R 2
3674 L 1
3675 R 4
3676 L 1
3677 L 3
3678 R 2
3679 L 1
3680 R 8
3681 L 1
3682 L 3
3683 R 2
3684 L 1
3685 L 5
3686 R 2
3687 L 1
3688 R 4
3689 L 1
3690 L 3
3691 R 2
3692 L 1
3693 L 7
3694 R 2
3695 L 1
3696 R 4
3697 L 1
3698 L 3
3699 R 2
3700 L 1
3701 R 6
3702 L 1
3703 L 3
3704 R 2
3705 L 1
3706 L 5
3707 R 2
3708 L 1
3709 R 4
3710 L 1
3711 L 3
3712 R 2
3713 L 1
3714 R 10
3715 L 1
3716 L 3
3717 R 2
3718 L 1
3719 L 5
3720 R 2
3721 L 1
3722 R 4
3723 L 1
3724 L 3
3725 R 2
3726 L 1
3727 L 7
3728 R 2
3729 L 1
3730 R 4
3731 L 1
3732 L 3
3733 R 2
3734 L 1
3735 R 6
3736 L 1
3737 L 3
3738 R 2
3739 L 1
3740 L 5
3741 R 2
3742 L 1
3743 R 4
3744 L 1
3745 L 3
3746 R 2
3747 L 1
3748 L 9
3749 R 2
3750 L 1
3751 R 4
3752 L 1
3753 L 3
3754 R 2
3755 L 1
3756 R 6
3757 L 1
3758 L 3
3759 R 2
3760 L 1
3761 L 5
3762 R 2
3763 L 1
3764 R 4
3765 L 1
3766 L 3
3767 R 2
3768 L 1
3769 R 8
3770 L 1
3771 L 3
3772 R 2
3773 L 1
3774 L 5
3775 R 2
3776 L 1
3777 R 4
3778 L 1
3779 L 3
3780 R 2
3781 L 1
3782 L 7
3783 R 2
3784 L 1
3785 R 4
3786 L 1
3787 L 3
3788 R 2
3789 L 1
3790 R 6
3791 L 1
3792 L 3
3793 R 2
3794 L 1
3795 L 5
3796 R 2
3797 L 1
3798 R 4
3799 L 1
3800 L 3
3801 R 2
3802 L 1
3803 L 13
3804 R 2
3805 L 1
3806 R 4
3807 L 1
3808 L 3
3809 R 2
3810 L 1
3811 R 6
3812 L 1
3813 L 3
3814 R 2
3815 L 1
3816 L 5
3817 R 2
3818 L 1
3819 R 4
3820 L 1
3821 L 3
3822 R 2
3823 L 1
3824 R 8
3825 L 1
3826 L 3
3827 R 2
3828 L 1
3829 L 5
3830 R 2
3831 L 1
3832 R 4
3833 L 1
3834 L 3
3835 R 2
3836 L 1
3837 L 7
3838 R 2
3839 L 1
3840 R 4
3841 L 1
3842 L 3
3843 R 2
3844 L 1
3845 R 6
3846 L 1
3847 L 3
3848 R 2
3849 L 1
3850 L 5
3851 R 2
3852 L 1
3853 R 4
3854 L 1
3855 L 3
3856 R 2
3857 L 1
3858 R 10
3859 L 1
3860 L 3
3861 R 2
3862 L 1
3863 L 5
3864 R 2
3865 L 1
3866 R 4
3867 L 1
3868 L 3
3869 R 2
3870 L 1
3871 L 7
3872 R 2
3873 L 1
3874 R 4
3875 L 1
3876 L 3
3877 R 2
3878 L 1
3879 R 6
3880 L 1
3881 L 3
3882 R 2
3883 L 1
3884 L 5
3885 R 2
3886 L 1
3887 R 4
3888 L 1
3889 L 3
3890 R 2
3891 L 1
3892 L 9
3893 R 2
3894 L 1
3895 R 4
3896 L 1
3897 L 3
3898 R 2
3899 L 1
3900 R 6
3901 L 1
3902 L 3
3903 R 2
3904 L 1
3905 L 5
3906 R 2
3907 L 1
3908 R 4
3909 L 1
3910 L 3
3911 R 2
3912 L 1
3913 R 8
3914 L 1
3915 L 3
3916 R 2
3917 L 1
3918 L 5
3919 R 2
3920 L 1
3921 R 4
3922 L 1
3923 L 3
3924 R 2
3925 L 1
3926 L 7
3927 R 2
3928 L 1
3929 R 4
3930 L 1
3931 L 3
3932 R 2
3933 L 1
3934 R 6
3935 L 1
3936 L 3
3937 R 2
3938 L 1
3939 L 5
3940 R 2
3941 L 1
3942 R 4
3943 L 1
3944 L 3
3945 R 2
3946 L 1
3947 R 12
3948 L 1
3949 L 3
3950 R 2
3951 L 1
3952 L 5
3953 R 2
3954 L 1
3955 R 4
3956 L 1
3957 L 3
3958 R 2
3959 L 1
3960 L 7
3961 R 2
3962 L 1
3963 R 4
3964 L 1
3965 L 3
3966 R 2
3967 L 1
3968 R 6
3969 L 1
3970 L 3
3971 R 2
3972 L 1
3973 L 5
3974 R 2
3975 L 1
3976 R 4
3977 L 1
3978 L 3
3979 R 2
3980 L 1
3981 L 9
3982 R 2
3983 L 1
3984 R 4
3985 L 1
3986 L 3
3987 R 2
3988 L 1
3989 R 6
3990 L 1
3991 L 3
3992 R 2
3993 L 1
3994 L 5
3995 R 2
3996 L 1
3997 R 4
3998 L 1
3999 L 3
4000 R 2
4001 L 1
4002 R 8
4003 L 1
4004 L 3
4005 R 2
4006 L 1
4007 L 5
4008 R 2
4009 L 1
4010 R 4
4011 L 1
4012 L 3
4013 R 2
4014 L 1
4015 L 7
4016 R 2
4017 L 1
4018 R 4
4019 L 1
4020 L 3
4021 R 2
4022 L 1
4023 R 6
4024 L 1
4025 L 3
4026 R 2
4027 L 1
4028 L 5
4029 R 2
4030 L 1
4031 R 4
4032 L 1
4033 L 3
4034 R 2
4035 L 1
4036 L 11
4037 R 2
4038 L 1
4039 R 4
4040 L 1
4041 L 3
4042 R 2
4043 L 1
4044 R 6
4045 L 1
4046 L 3
4047 R 2
4048 L 1
4049 L 5
4050 R 2
4051 L 1
4052 R 4
4053 L 1
4054 L 3
4055 R 2
4056 L 1
4057 R 8
4058 L 1
4059 L 3
4060 R 2
4061 L 1
4062 L 5
4063 R 2
4064 L 1
4065 R 4
4066 L 1
4067 L 3
4068 R 2
4069 L 1
4070 L 7
4071 R 2
4072 L 1
4073 R 4
4074 L 1
4075 L 3
4076 R 2
4077 L 1
4078 R 6
4079 L 1
4080 L 3
4081 R 2
4082 L 1
4083 L 5
4084 R 2
4085 L 1
4086 R 4
4087 L 1
4088 L 3
4089 R 2
4090 L 1
4091 R 10
4092 L 1
4093 L 3
4094 R 2
4095 L 1
4096 L 5
4097 R 2
4098 L 1
4099 R 4
4100 L 1
4101 L 3
4102 R 2
4103 L 1
4104 L 7
4105 R 2
4106 L 1
4107 R 4
4108 L 1
4109 L 3
4110 R 2
4111 L 1
4112 R 6
4113 L 1
4114 L 3
4115 R 2
4116 L 1
4117 L 5
4118 R 2
4119 L 1
4120 R 4
4121 L 1
4122 L 3
4123 R 2
4124 L 1
4125 L 9
4126 R 2
4127 L 1
4128 R 4
4129 L 1
4130 L 3
4131 R 2
4132 L 1
4133 R 6
4134 L 1
4135 L 3
4136 R 2
4137 L 1
4138 L 5
4139 R 2
4140 L 1
4141 R 4
4142 L 1
4143 L 3
4144 R 2
4145 L 1
4146 R 8
4147 L 1
4148 L 3
4149 R 2
4150 L 1
4151 L 5
4152 R 2
4153 L 1
4154 R 4
4155 L 1
4156 L 3
4157 R 2
4158 L 1
4159 L 7
4160 R 2
4161 L 1
4162 R 4
4163 L 1
4164 L 3
4165 R 2
4166 L 1
4167 R 6
4168 L 1
4169 L 3
4170 R 2
4171 L 1
4172 L 5
4173 R 2
4174 L 1
4175 R 4
4176 L 1
4177 L 3
4178 R 2
4179 L 1
4180 L 17
4181 R 2
4182 L 1
4183 R 4
4184 L 1
4185 L 3
4186 R 2
4187 L 1
4188 R 6
4189 L 1
4190 L 3
4191 R 2
4192 L 1
4193 L 5
4194 R 2
4195 L 1
4196 R 4
4197 L 1
4198 L 3
4199 R 2
4200 L 1
4201 R 8
4202 L 1
4203 L 3
4204 R 2
4205 L 1
4206 L 5
4207 R 2
4208 L 1
4209 R 4
4210 L 1
4211 L 3
4212 R 2
4213 L 1
4214 L 7
4215 R 2
4216 L 1
4217 R 4
4218 L 1
4219 L 3
4220 R 2
4221 L 1
4222 R 6
4223 L 1
4224 L 3
4225 R 2
4226 L 1
4227 L 5
4228 R 2
4229 L 1
4230 R 4
4231 L 1
4232 L 3
4233 R 2
4234 L 1
4235 R 10
4236 L 1
4237 L 3
4238 R 2
4239 L 1
4240 L 5
4241 R 2
4242 L 1
4243 R 4
4244 L 1
4245 L 3
4246 R 2
4247 L 1
4248 L 7
4249 R 2
4250 L 1
4251 R 4
4252 L 1
4253 L 3
4254 R 2
4255 L 1
4256 R 6
4257 L 1
4258 L 3
4259 R 2
4260 L 1
4261 L 5
4262 R 2
4263 L 1
4264 R 4
4265 L 1
4266 L 3
4267 R 2
4268 L 1
4269 L 9
4270 R 2
4271 L 1
4272 R 4
4273 L 1
4274 L 3
4275 R 2
4276 L 1
4277 R 6
4278 L 1
4279 L 3
4280 R 2
4281 L 1
4282 L 5
4283 R 2
4284 L 1
4285 R 4
4286 L 1
4287 L 3
4288 R 2
4289 L 1
4290 R 8
4291 L 1
4292 L 3
4293 R 2
4294 L 1
4295 L 5
4296 R 2
4297 L 1
4298 R 4
4299 L 1
4300 L 3
4301 R 2
4302 L 1
4303 L 7
4304 R 2
4305 L 1
4306 R 4
4307 L 1
4308 L 3
4309 R 2
4310 L 1
4311 R 6
4312 L 1
4313 L 3
4314 R 2
4315 L 1
4316 L 5
4317 R 2
4318 L 1
4319 R 4
4320 L 1
4321 L 3
4322 R 2
4323 L 1
4324 R 12
4325 L 1
4326 L 3
4327 R 2
4328 L 1
4329 L 5
4330 R 2
4331 L 1
4332 R 4
4333 L 1
4334 L 3
4335 R 2
4336 L 1
4337 L 7
4338 R 2
4339 L 1
4340 R 4
4341 L 1
4342 L 3
4343 R 2
4344 L 1
4345 R 6
4346 L 1
4347 L 3
4348 R 2
4349 L 1
4350 L 5
4351 R 2
4352 L 1
4353 R 4
4354 L 1
4355 L 3
4356 R 2
4357 L 1
4358 L 9
4359 R 2
4360 L 1
4361 R 4
4362 L 1
4363 L 3
4364 R 2
4365 L 1
4366 R 6
4367 L 1
4368 L 3
4369 R 2
4370 L 1
4371 L 5
4372 R 2
4373 L 1
4374 R 4
4375 L 1
4376 L 3
4377 R 2
4378 L 1
4379 R 8
4380 L 1
4381 L 3
4382 R 2
4383 L 1
4384 L 5
4385 R 2
4386 L 1
4387 R 4
4388 L 1
4389 L 3
4390 R 2
4391 L 1
4392 L 7
4393 R 2
4394 L 1
4395 R 4
4396 L 1
4397 L 3
4398 R 2
4399 L 1
4400 R 6
4401 L 1
4402 L 3
4403 R 2
4404 L 1
4405 L 5
4406 R 2
4407 L 1
4408 R 4
4409 L 1
4410 L 3
4411 R 2
4412 L 1
4413 L 11
4414 R 2
4415 L 1
4416 R 4
4417 L 1
4418 L 3
4419 R 2
4420 L 1
4421 R 6
4422 L 1
4423 L 3
4424 R 2
4425 L 1
4426 L 5
4427 R 2
4428 L 1
4429 R 4
4430 L 1
4431 L 3
4432 R 2
4433 L 1
4434 R 8
4435 L 1
4436 L 3
4437 R 2
4438 L 1
4439 L 5
4440 R 2
4441 L 1
4442 R 4
4443 L 1
4444 L 3
4445 R 2
4446 L 1
4447 L 7
4448 R 2
4449 L 1
4450 R 4
4451 L 1
4452 L 3
4453 R 2
4454 L 1
4455 R 6
4456 L 1
4457 L 3
4458 R 2
4459 L 1
4460 L 5
4461 R 2
4462 L 1
4463 R 4
4464 L 1
4465 L 3
4466 R 2
4467 L 1
4468 R 10
4469 L 1
4470 L 3
4471 R 2
4472 L 1
4473 L 5
4474 R 2
4475 L 1
4476 R 4
4477 L 1
4478 L 3
4479 R 2
4480 L 1
4481 L 7
4482 R 2
4483 L 1
4484 R 4
4485 L 1
4486 L 3
4487 R 2
4488 L 1
4489 R 6
4490 L 1
4491 L 3
4492 R 2
4493 L 1
4494 L 5
4495 R 2
4496 L 1
4497 R 4
4498 L 1
4499 L 3
4500 R 2
4501 L 1
4502 L 9
4503 R 2
4504 L 1
4505 R 4
4506 L 1
4507 L 3
4508 R 2
4509 L 1
4510 R 6
4511 L 1
4512 L 3
4513 R 2
4514 L 1
4515 L 5
4516 R 2
4517 L 1
4518 R 4
4519 L 1
4520 L 3
4521 R 2
4522 L 1
4523 R 8
4524 L 1
4525 L 3
4526 R 2
4527 L 1
4528 L 5
4529 R 2
4530 L 1
4531 R 4
4532 L 1
4533 L 3
4534 R 2
4535 L 1
4536 L 7
4537 R 2
4538 L 1
4539 R 4
4540 L 1
4541 L 3
4542 R 2
4543 L 1
4544 R 6
4545 L 1
4546 L 3
4547 R 2
4548 L 1
4549 L 5
4550 R 2
4551 L 1
4552 R 4
4553 L 1
4554 L 3
4555 R 2
4556 L 1
4557 R 14
4558 L 1
4559 L 3
4560 R 2
4561 L 1
4562 L 5
4563 R 2
4564 L 1
4565 R 4
4566 L 1
4567 L 3
4568 R 2
4569 L 1
4570 L 7
4571 R 2
4572 L 1
4573 R 4
4574 L 1
4575 L 3
4576 R 2
4577 L 1
4578 R 6
4579 L 1
4580 L 3
4581 R 2
4582 L 1
4583 L 5
4584 R 2
4585 L 1
4586 R 4
4587 L 1
4588 L 3
4589 R 2
4590 L 1
4591 L 9
4592 R 2
4593 L 1
4594 R 4
4595 L 1
4596 L 3
4597 R 2
4598 L 1
4599 R 6
4600 L 1
4601 L 3
4602 R 2
4603 L 1
4604 L 5
4605 R 2
4606 L 1
4607 R 4
4608 L 1
4609 L 3
4610 R 2
4611 L 1
4612 R 8
4613 L 1
4614 L 3
4615 R 2
4616 L 1
4617 L 5
4618 R 2
4619 L 1
4620 R 4
4621 L 1
4622 L 3
4623 R 2
4624 L 1
4625 L 7
4626 R 2
4627 L 1
4628 R 4
4629 L 1
4630 L 3
4631 R 2
4632 L 1
4633 R 6
4634 L 1
4635 L 3
4636 R 2
4637 L 1
4638 L 5
4639 R 2
4640 L 1
4641 R 4
4642 L 1
4643 L 3
4644 R 2
4645 L 1
4646 L 11
4647 R 2
4648 L 1
4649 R 4
4650 L 1
4651 L 3
4652 R 2
4653 L 1
4654 R 6
4655 L 1
4656 L 3
4657 R 2
4658 L 1
4659 L 5
4660 R 2
4661 L 1
4662 R 4
4663 L 1
4664 L 3
4665 R 2
4666 L 1
4667 R 8
4668 L 1
4669 L 3
4670 R 2
4671 L 1
4672 L 5
4673 R 2
4674 L 1
4675 R 4
4676 L 1
4677 L 3
4678 R 2
4679 L 1
4680 L 7
4681 R 2
4682 L 1
4683 R 4
4684 L 1
4685 L 3
4686 R 2
4687 L 1
4688 R 6
4689 L 1
4690 L 3
4691 R 2
4692 L 1
4693 L 5
4694 R 2
4695 L 1
4696 R 4
4697 L 1
4698 L 3
4699 R 2
4700 L 1
4701 R 10
4702 L 1
4703 L 3
4704 R 2
4705 L 1
4706 L 5
4707 R 2
4708 L 1
4709 R 4
4710 L 1
4711 L 3
4712 R 2
4713 L 1
4714 L 7
4715 R 2
4716 L 1
4717 R 4
4718 L 1
4719 L 3
4720 R 2
4721 L 1
4722 R 6
4723 L 1
4724 L 3
4725 R 2
4726 L 1
4727 L 5
4728 R 2
4729 L 1
4730 R 4
4731 L 1
4732 L 3
4733 R 2
4734 L 1
4735 L 9
4736 R 2
4737 L 1
4738 R 4
4739 L 1
4740 L 3
4741 R 2
4742 L 1
4743 R 6
4744 L 1
4745 L 3
4746 R 2
4747 L 1
4748 L 5
4749 R 2
4750 L 1
4751 R 4
4752 L 1
4753 L 3
4754 R 2
4755 L 1
4756 R 8
4757 L 1
4758 L 3
4759 R 2
4760 L 1
4761 L 5
4762 R 2
4763 L 1
4764 R 4
4765 L 1
4766 L 3
4767 R 2
4768 L 1
4769 L 7
4770 R 2
4771 L 1
4772 R 4
4773 L 1
4774 L 3
4775 R 2
4776 L 1
4777 R 6
4778 L 1
4779 L 3
4780 R 2
4781 L 1
4782 L 5
4783 R 2
4784 L 1
4785 R 4
4786 L 1
4787 L 3
4788 R 2
4789 L 1
4790 L 13
4791 R 2
4792 L 1
4793 R 4
4794 L 1
4795 L 3
4796 R 2
4797 L 1
4798 R 6
4799 L 1
4800 L 3
4801 R 2
4802 L 1
4803 L 5
4804 R 2
4805 L 1
4806 R 4
4807 L 1
4808 L 3
4809 R 2
4810 L 1
4811 R 8
4812 L 1
4813 L 3
4814 R 2
4815 L 1
4816 L 5
4817 R 2
4818 L 1
4819 R 4
4820 L 1
4821 L 3
4822 R 2
4823 L 1
4824 L 7
4825 R 2
4826 L 1
4827 R 4
4828 L 1
4829 L 3
4830 R 2
4831 L 1
4832 R 6
4833 L 1
4834 L 3
4835 R 2
4836 L 1
4837 L 5
4838 R 2
4839 L 1
4840 R 4
4841 L 1
4842 L 3
4843 R 2
4844 L 1
4845 R 10
4846 L 1
4847 L 3
4848 R 2
4849 L 1
4850 L 5
4851 R 2
4852 L 1
4853 R 4
4854 L 1
4855 L 3
4856 R 2
4857 L 1
4858 L 7
4859 R 2
4860 L 1
4861 R 4
4862 L 1
4863 L 3
4864 R 2
4865 L 1
4866 R 6
4867 L 1
4868 L 3
4869 R 2
4870 L 1
4871 L 5
4872 R 2
4873 L 1
4874 R 4
4875 L 1
4876 L 3
4877 R 2
4878 L 1
4879 L 9
4880 R 2
4881 L 1
4882 R 4
4883 L 1
4884 L 3
4885 R 2
4886 L 1
4887 R 6
4888 L 1
4889 L 3
4890 R 2
4891 L 1
4892 L 5
4893 R 2
4894 L 1
4895 R 4
4896 L 1
4897 L 3
4898 R 2
4899 L 1
4900 R 8
4901 L 1
4902 L 3
4903 R 2
4904 L 1
4905 L 5
4906 R 2
4907 L 1
4908 R 4
4909 L 1
4910 L 3
4911 R 2
4912 L 1
4913 L 7
4914 R 2
4915 L 1
4916 R 4
4917 L 1
4918 L 3
4919 R 2
4920 L 1
4921 R 6
4922 L 1
4923 L 3
4924 R 2
4925 L 1
4926 L 5
4927 R 2
4928 L 1
4929 R 4
4930 L 1
4931 L 3
4932 R 2
4933 L 1
4934 R 12
4935 L 1
4936 L 3
4937 R 2
4938 L 1
4939 L 5
4940 R 2
4941 L 1
4942 R 4
4943 L 1
4944 L 3
4945 R 2
4946 L 1
4947 L 7
4948 R 2
4949 L 1
4950 R 4
4951 L 1
4952 L 3
4953 R 2
4954 L 1
4955 R 6
4956 L 1
4957 L 3
4958 R 2
4959 L 1
4960 L 5
4961 R 2
4962 L 1
4963 R 4
4964 L 1
4965 L 3
4966 R 2
4967 L 1
4968 L 9
4969 R 2
4970 L 1
4971 R 4
4972 L 1
4973 L 3
4974 R 2
4975 L 1
4976 R 6
4977 L 1
4978 L 3
4979 R 2
4980 L 1
4981 L 5
4982 R 2
4983 L 1
4984 R 4
4985 L 1
4986 L 3
4987 R 2
4988 L 1
4989 R 8
4990 L 1
4991 L 3
4992 R 2
4993 L 1
4994 L 5
4995 R 2
4996 L 1
4997 R 4
4998 L 1
4999 L 3
5000 R 2
5001 L 1
5002 L 7
5003 R 2
5004 L 1
5005 R 4
5006 L 1
5007 L 3
5008 R 2
5009 L 1
5010 R 6
5011 L 1
5012 L 3
5013 R 2
5014 L 1
5015 L 5
5016 R 2
5017 L 1
5018 R 4
5019 L 1
5020 L 3
5021 R 2
5022 L 1
5023 L 11
5024 R 2
5025 L 1
5026 R 4
5027 L 1
5028 L 3
5029 R 2
5030 L 1
5031 R 6
5032 L 1
5033 L 3
5034 R 2
5035 L 1
5036 L 5
5037 R 2
5038 L 1
5039 R 4
5040 L 1
5041 L 3
5042 R 2
5043 L 1
5044 R 8
5045 L 1
5046 L 3
5047 R 2
5048 L 1
5049 L 5
5050 R 2
5051 L 1
5052 R 4
5053 L 1
5054 L 3
5055 R 2
5056 L 1
5057 L 7
5058 R 2
5059 L 1
5060 R 4
5061 L 1
5062 L 3
5063 R 2
5064 L 1
5065 R 6
5066 L 1
5067 L 3
5068 R 2
5069 L 1
5070 L 5
5071 R 2
5072 L 1
5073 R 4
5074 L 1
5075 L 3
5076 R 2
5077 L 1
5078 R 10
5079 L 1
5080 L 3
5081 R 2
5082 L 1
5083 L 5
5084 R 2
5085 L 1
5086 R 4
5087 L 1
5088 L 3
5089 R 2
5090 L 1
5091 L 7
5092 R 2
5093 L 1
5094 R 4
5095 L 1
5096 L 3
5097 R 2
5098 L 1
5099 R 6
5100 L 1
5101 L 3
5102 R 2
5103 L 1
5104 L 5
5105 R 2
5106 L 1
5107 R 4
5108 L 1
5109 L 3
5110 R 2
5111 L 1
5112 L 9
5113 R 2
5114 L 1
5115 R 4
5116 L 1
5117 L 3
5118 R 2
5119 L 1
5120 R 6
5121 L 1
5122 L 3
5123 R 2
5124 L 1
5125 L 5
5126 R 2
5127 L 1
5128 R 4
5129 L 1
5130 L 3
5131 R 2
5132 L 1
5133 R 8
5134 L 1
5135 L 3
5136 R 2
5137 L 1
5138 L 5
5139 R 2
5140 L 1
5141 R 4
5142 L 1
5143 L 3
5144 R 2
5145 L 1
5146 L 7
5147 R 2
5148 L 1
5149 R 4
5150 L 1
5151 L 3
5152 R 2
5153 L 1
5154 R 6
5155 L 1
5156 L 3
5157 R 2
5158 L 1
5159 L 5
5160 R 2
5161 L 1
5162 R 4
5163 L 1
5164 L 3
5165 R 2
5166 L 1
5167 R 16
5168 L 1
5169 L 3
5170 R 2
5171 L 1
5172 L 5
5173 R 2
5174 L 1
5175 R 4
5176 L 1
5177 L 3
5178 R 2
5179 L 1
5180 L 7
5181 R 2
5182 L 1
5183 R 4
5184 L 1
5185 L 3
5186 R 2
5187 L 1
5188 R 6
5189 L 1
5190 L 3
5191 R 2
5192 L 1
5193 L 5
5194 R 2
5195 L 1
5196 R 4
5197 L 1
5198 L 3
5199 R 2
5200 L 1
5201 L 9
5202 R 2
5203 L 1
5204 R 4
5205 L 1
5206 L 3
5207 R 2
5208 L 1
5209 R 6
5210 L 1
5211 L 3
5212 R 2
5213 L 1
5214 L 5
5215 R 2
5216 L 1
5217 R 4
5218 L 1
5219 L 3
5220 R 2
5221 L 1
5222 R 8
5223 L 1
5224 L 3
5225 R 2
5226 L 1
5227 L 5
5228 R 2
5229 L 1
5230 R 4
5231 L 1
5232 L 3
5233 R 2
5234 L 1
5235 L 7
5236 R 2
5237 L 1
5238 R 4
5239 L 1
5240 L 3
5241 R 2
5242 L 1
5243 R 6
5244 L 1
5245 L 3
5246 R 2
5247 L 1
5248 L 5
5249 R 2
5250 L 1
5251 R 4
5252 L 1
5253 L 3
5254 R 2
5255 L 1
5256 L 11
5257 R 2
5258 L 1
5259 R 4
5260 L 1
5261 L 3
5262 R 2
5263 L 1
5264 R 6
5265 L 1
5266 L 3
5267 R 2
5268 L 1
5269 L 5
5270 R 2
5271 L 1
5272 R 4
5273 L 1
5274 L 3
5275 R 2
5276 L 1
5277 R 8
5278 L 1
5279 L 3
5280 R 2
5281 L 1
5282 L 5
5283 R 2
5284 L 1
5285 R 4
5286 L 1
5287 L 3
5288 R 2
5289 L 1
5290 L 7
5291 R 2
5292 L 1
5293 R 4
5294 L 1
5295 L 3
5296 R 2
5297 L 1
5298 R 6
5299 L 1
5300 L 3
5301 R 2
5302 L 1
5303 L 5
5304 R 2
5305 L 1
5306 R 4
5307 L 1
5308 L 3
5309 R 2
5310 L 1
5311 R 10
5312 L 1
5313 L 3
5314 R 2
5315 L 1
5316 L 5
5317 R 2
5318 L 1
5319 R 4
5320 L 1
5321 L 3
5322 R 2
5323 L 1
5324 L 7
5325 R 2
5326 L 1
5327 R 4
5328 L 1
5329 L 3
5330 R 2
5331 L 1
5332 R 6
5333 L 1
5334 L 3
5335 R 2
5336 L 1
5337 L 5
5338 R 2
5339 L 1
5340 R 4
5341 L 1
5342 L 3
5343 R 2
5344 L 1
5345 L 9
5346 R 2
5347 L 1
5348 R 4
5349 L 1
5350 L 3
5351 R 2
5352 L 1
5353 R 6
5354 L 1
5355 L 3
5356 R 2
5357 L 1
5358 L 5
5359 R 2
5360 L 1
5361 R 4
5362 L 1
5363 L 3
5364 R 2
5365 L 1
5366 R 8
5367 L 1
5368 L 3
5369 R 2
5370 L 1
5371 L 5
5372 R 2
5373 L 1
5374 R 4
5375 L 1
5376 L 3
5377 R 2
5378 L 1
5379 L 7
5380 R 2
5381 L 1
5382 R 4
5383 L 1
5384 L 3
5385 R 2
5386 L 1
5387 R 6
5388 L 1
5389 L 3
5390 R 2
5391 L 1
5392 L 5
5393 R 2
5394 L 1
5395 R 4
5396 L 1
5397 L 3
5398 R 2
5399 L 1
5400 L 13
5401 R 2
5402 L 1
5403 R 4
5404 L 1
5405 L 3
5406 R 2
5407 L 1
5408 R 6
5409 L 1
5410 L 3
5411 R 2
5412 L 1
5413 L 5
5414 R 2
5415 L 1
5416 R 4
5417 L 1
5418 L 3
5419 R 2
5420 L 1
5421 R 8
5422 L 1
5423 L 3
5424 R 2
5425 L 1
5426 L 5
5427 R 2
5428 L 1
5429 R 4
5430 L 1
5431 L 3
5432 R 2
5433 L 1
5434 L 7
5435 R 2
5436 L 1
5437 R 4
5438 L 1
5439 L 3
5440 R 2
5441 L 1
5442 R 6
5443 L 1
5444 L 3
5445 R 2
5446 L 1
5447 L 5
5448 R 2
5449 L 1
5450 R 4
5451 L 1
5452 L 3
5453 R 2
5454 L 1
5455 R 10
5456 L 1
5457 L 3
5458 R 2
5459 L 1
5460 L 5
5461 R 2
5462 L 1
5463 R 4
5464 L 1
5465 L 3
5466 R 2
5467 L 1
5468 L 7
5469 R 2
5470 L 1
5471 R 4
5472 L 1
5473 L 3
5474 R 2
5475 L 1
5476 R 6
5477 L 1
5478 L 3
5479 R 2
5480 L 1
5481 L 5
5482 R 2
5483 L 1
5484 R 4
5485 L 1
5486 L 3
5487 R 2
5488 L 1
5489 L 9
5490 R 2
5491 L 1
5492 R 4
5493 L 1
5494 L 3
5495 R 2
5496 L 1
5497 R 6
5498 L 1
5499 L 3
5500 R 2
5501 L 1
5502 L 5
5503 R 2
5504 L 1
5505 R 4
5506 L 1
5507 L 3
5508 R 2
5509 L 1
5510 R 8
5511 L 1
5512 L 3
5513 R 2
5514 L 1
5515 L 5
5516 R 2
5517 L 1
5518 R 4
5519 L 1
5520 L 3
5521 R 2
5522 L 1
5523 L 7
5524 R 2
5525 L 1
5526 R 4
5527 L 1
5528 L 3
5529 R 2
5530 L 1
5531 R 6
5532 L 1
5533 L 3
5534 R 2
5535 L 1
5536 L 5
5537 R 2
5538 L 1
5539 R 4
5540 L 1
5541 L 3
5542 R 2
5543 L 1
5544 R 12
5545 L 1
5546 L 3
5547 R 2
5548 L 1
5549 L 5
5550 R 2
5551 L 1
5552 R 4
5553 L 1
5554 L 3
5555 R 2
5556 L 1
5557 L 7
5558 R 2
5559 L 1
5560 R 4
5561 L 1
5562 L 3
5563 R 2
5564 L 1
5565 R 6
5566 L 1
5567 L 3
5568 R 2
5569 L 1
5570 L 5
5571 R 2
5572 L 1
5573 R 4
5574 L 1
5575 L 3
5576 R 2
5577 L 1
5578 L 9
5579 R 2
5580 L 1
5581 R 4
5582 L 1
5583 L 3
5584 R 2
5585 L 1
5586 R 6
5587 L 1
5588 L 3
5589 R 2
5590 L 1
5591 L 5
5592 R 2
5593 L 1
5594 R 4
5595 L 1
5596 L 3
5597 R 2
5598 L 1
5599 R 8
5600 L 1
5601 L 3
5602 R 2
5603 L 1
5604 L 5
5605 R 2
5606 L 1
5607 R 4
5608 L 1
5609 L 3
5610 R 2
5611 L 1
5612 L 7
5613 R 2
5614 L 1
5615 R 4
5616 L 1
5617 L 3
5618 R 2
5619 L 1
5620 R 6
5621 L 1
5622 L 3
5623 R 2
5624 L 1
5625 L 5
5626 R 2
5627 L 1
5628 R 4
5629 L 1
5630 L 3
5631 R 2
5632 L 1
5633 L 11
5634 R 2
5635 L 1
5636 R 4
5637 L 1
5638 L 3
5639 R 2
5640 L 1
5641 R 6
5642 L 1
5643 L 3
5644 R 2
5645 L 1
5646 L 5
5647 R 2
5648 L 1
5649 R 4
5650 L 1
5651 L 3
5652 R 2
5653 L 1
5654 R 8
5655 L 1
5656 L 3
5657 R 2
5658 L 1
5659 L 5
5660 R 2
5661 L 1
5662 R 4
5663 L 1
5664 L 3
5665 R 2
5666 L 1
5667 L 7
5668 R 2
5669 L 1
5670 R 4
5671 L 1
5672 L 3
5673 R 2
5674 L 1
5675 R 6
5676 L 1
5677 L 3
5678 R 2
5679 L 1
5680 L 5
5681 R 2
5682 L 1
5683 R 4
5684 L 1
5685 L 3
5686 R 2
5687 L 1
5688 R 10
5689 L 1
5690 L 3
5691 R 2
5692 L 1
5693 L 5
5694 R 2
5695 L 1
5696 R 4
5697 L 1
5698 L 3
5699 R 2
5700 L 1
5701 L 7
5702 R 2
5703 L 1
5704 R 4
5705 L 1
5706 L 3
5707 R 2
5708 L 1
5709 R 6
5710 L 1
5711 L 3
5712 R 2
5713 L 1
5714 L 5
5715 R 2
5716 L 1
5717 R 4
5718 L 1
5719 L 3
5720 R 2
5721 L 1
5722 L 9
5723 R 2
5724 L 1
5725 R 4
5726 L 1
5727 L 3
5728 R 2
5729 L 1
5730 R 6
5731 L 1
5732 L 3
5733 R 2
5734 L 1
5735 L 5
5736 R 2
5737 L 1
5738 R 4
5739 L 1
5740 L 3
5741 R 2
5742 L 1
5743 R 8
5744 L 1
5745 L 3
5746 R 2
5747 L 1
5748 L 5
5749 R 2
5750 L 1
5751 R 4
5752 L 1
5753 L 3
5754 R 2
5755 L 1
5756 L 7
5757 R 2
5758 L 1
5759 R 4
5760 L 1
5761 L 3
5762 R 2
5763 L 1
5764 R 6
5765 L 1
5766 L 3
5767 R 2
5768 L 1
5769 L 5
5770 R 2
5771 L 1
5772 R 4
5773 L 1
5774 L 3
5775 R 2
5776 L 1
5777 L 15
5778 R 2
5779 L 1
5780 R 4
5781 L 1
5782 L 3
5783 R 2
5784 L 1
5785 R 6
5786 L 1
5787 L 3
5788 R 2
5789 L 1
5790 L 5
5791 R 2
5792 L 1
5793 R 4
5794 L 1
5795 L 3
5796 R 2
5797 L 1
5798 R 8
5799 L 1
5800 L 3
5801 R 2
5802 L 1
5803 L 5
5804 R 2
5805 L 1
5806 R 4
5807 L 1
5808 L 3
5809 R 2
5810 L 1
5811 L 7
5812 R 2
5813 L 1
5814 R 4
5815 L 1
5816 L 3
5817 R 2
5818 L 1
5819 R 6
5820 L 1
5821 L 3
5822 R 2
5823 L 1
5824 L 5
5825 R 2
5826 L 1
5827 R 4
5828 L 1
5829 L 3
5830 R 2
5831 L 1
5832 R 10
5833 L 1
5834 L 3
5835 R 2
5836 L 1
5837 L 5
5838 R 2
5839 L 1
5840 R 4
5841 L 1
5842 L 3
5843 R 2
5844 L 1
5845 L 7
5846 R 2
5847 L 1
5848 R 4
5849 L 1
5850 L 3
5851 R 2
5852 L 1
5853 R 6
5854 L 1
5855 L 3
5856 R 2
5857 L 1
5858 L 5
5859 R 2
5860 L 1
5861 R 4
5862 L 1
5863 L 3
5864 R 2
5865 L 1
5866 L 9
5867 R 2
5868 L 1
5869 R 4
5870 L 1
5871 L 3
5872 R 2
5873 L 1
5874 R 6
5875 L 1
5876 L 3
5877 R 2
5878 L 1
5879 L 5
5880 R 2
5881 L 1
5882 R 4
5883 L 1
5884 L 3
5885 R 2
5886 L 1
5887 R 8
5888 L 1
5889 L 3
5890 R 2
5891 L 1
5892 L 5
5893 R 2
5894 L 1
5895 R 4
5896 L 1
5897 L 3
5898 R 2
5899 L 1
5900 L 7
5901 R 2
5902 L 1
5903 R 4
5904 L 1
5905 L 3
5906 R 2
5907 L 1
5908 R 6
5909 L 1
5910 L 3
5911 R 2
5912 L 1
5913 L 5
5914 R 2
5915 L 1
5916 R 4
5917 L 1
5918 L 3
5919 R 2
5920 L 1
5921 R 12
5922 L 1
5923 L 3
5924 R 2
5925 L 1
5926 L 5
5927 R 2
5928 L 1
5929 R 4
5930 L 1
5931 L 3
5932 R 2
5933 L 1
5934 L 7
5935 R 2
5936 L 1
5937 R 4
5938 L 1
5939 L 3
5940 R 2
5941 L 1
5942 R 6
5943 L 1
5944 L 3
5945 R 2
5946 L 1
5947 L 5
5948 R 2
5949 L 1
5950 R 4
5951 L 1
5952 L 3
5953 R 2
5954 L 1
5955 L 9
5956 R 2
5957 L 1
5958 R 4
5959 L 1
5960 L 3
5961 R 2
5962 L 1
5963 R 6
5964 L 1
5965 L 3
5966 R 2
5967 L 1
5968 L 5
5969 R 2
5970 L 1
5971 R 4
5972 L 1
5973 L 3
5974 R 2
5975 L 1
5976 R 8
5977 L 1
5978 L 3
5979 R 2
5980 L 1
5981 L 5
5982 R 2
5983 L 1
5984 R 4
5985 L 1
5986 L 3
5987 R 2
5988 L 1
5989 L 7
5990 R 2
5991 L 1
5992 R 4
5993 L 1
5994 L 3
5995 R 2
5996 L 1
5997 R 6
5998 L 1
5999 L 3
6000 R 2
6001 L 1
6002 L 5
6003 R 2
6004 L 1
6005 R 4
6006 L 1
6007 L 3
6008 R 2
6009 L 1
6010 L 11
6011 R 2
6012 L 1
6013 R 4
6014 L 1
6015 L 3
6016 R 2
6017 L 1
6018 R 6
6019 L 1
6020 L 3
6021 R 2
6022 L 1
6023 L 5
6024 R 2
6025 L 1
6026 R 4
6027 L 1
6028 L 3
6029 R 2
6030 L 1
6031 R 8
6032 L 1
6033 L 3
6034 R 2
6035 L 1
6036 L 5
6037 R 2
6038 L 1
6039 R 4
6040 L 1
6041 L 3
6042 R 2
6043 L 1
6044 L 7
6045 R 2
6046 L 1
6047 R 4
6048 L 1
6049 L 3
6050 R 2
6051 L 1
6052 R 6
6053 L 1
6054 L 3
6055 R 2
6056 L 1
6057 L 5
6058 R 2
6059 L 1
6060 R 4
6061 L 1
6062 L 3
6063 R 2
6064 L 1
6065 R 10
6066 L 1
6067 L 3
6068 R 2
6069 L 1
6070 L 5
6071 R 2
6072 L 1
6073 R 4
6074 L 1
6075 L 3
6076 R 2
6077 L 1
6078 L 7
6079 R 2
6080 L 1
6081 R 4
6082 L 1
6083 L 3
6084 R 2
6085 L 1
6086 R 6
6087 L 1
6088 L 3
6089 R 2
6090 L 1
6091 L 5
6092 R 2
6093 L 1
6094 R 4
6095 L 1
6096 L 3
6097 R 2
6098 L 1
6099 L 9
6100 R 2
6101 L 1
6102 R 4
6103 L 1
6104 L 3
6105 R 2
6106 L 1
6107 R 6
6108 L 1
6109 L 3
6110 R 2
6111 L 1
6112 L 5
6113 R 2
6114 L 1
6115 R 4
6116 L 1
6117 L 3
6118 R 2
6119 L 1
6120 R 8
6121 L 1
6122 L 3
6123 R 2
6124 L 1
6125 L 5
6126 R 2
6127 L 1
6128 R 4
6129 L 1
6130 L 3
6131 R 2
6132 L 1
6133 L 7
6134 R 2
6135 L 1
6136 R 4
6137 L 1
6138 L 3
6139 R 2
6140 L 1
6141 R 6
6142 L 1
6143 L 3
6144 R 2
6145 L 1
6146 L 5
6147 R 2
6148 L 1
6149 R 4
6150 L 1
6151 L 3
6152 R 2
6153 L 1
6154 R 14
6155 L 1
6156 L 3
6157 R 2
6158 L 1
6159 L 5
6160 R 2
6161 L 1
6162 R 4
6163 L 1
6164 L 3
6165 R 2
6166 L 1
6167 L 7
6168 R 2
6169 L 1
6170 R 4
6171 L 1
6172 L 3
6173 R 2
6174 L 1
6175 R 6
6176 L 1
6177 L 3
6178 R 2
6179 L 1
6180 L 5
6181 R 2
6182 L 1
6183 R 4
6184 L 1
6185 L 3
6186 R 2
6187 L 1
6188 L 9
6189 R 2
6190 L 1
6191 R 4
6192 L 1
6193 L 3
6194 R 2
6195 L 1
6196 R 6
6197 L 1
6198 L 3
6199 R 2
6200 L 1
6201 L 5
6202 R 2
6203 L 1
6204 R 4
6205 L 1
6206 L 3
6207 R 2
6208 L 1
6209 R 8
6210 L 1
6211 L 3
6212 R 2
6213 L 1
6214 L 5
6215 R 2
6216 L 1
6217 R 4
6218 L 1
6219 L 3
6220 R 2
6221 L 1
6222 L 7
6223 R 2
6224 L 1
6225 R 4
6226 L 1
6227 L 3
6228 R 2
6229 L 1
6230 R 6
6231 L 1
6232 L 3
6233 R 2
6234 L 1
6235 L 5
6236 R 2
6237 L 1
6238 R 4
6239 L 1
6240 L 3
6241 R 2
6242 L 1
6243 L 11
6244 R 2
6245 L 1
6246 R 4
6247 L 1
6248 L 3
6249 R 2
6250 L 1
6251 R 6
6252 L 1
6253 L 3
6254 R 2
6255 L 1
6256 L 5
6257 R 2
6258 L 1
6259 R 4
6260 L 1
6261 L 3
6262 R 2
6263 L 1
6264 R 8
6265 L 1
6266 L 3
6267 R 2
6268 L 1
6269 L 5
6270 R 2
6271 L 1
6272 R 4
6273 L 1
6274 L 3
6275 R 2
6276 L 1
6277 L 7
6278 R 2
6279 L 1
6280 R 4
6281 L 1
6282 L 3
6283 R 2
6284 L 1
6285 R 6
6286 L 1
6287 L 3
6288 R 2
6289 L 1
6290 L 5
6291 R 2
6292 L 1
6293 R 4
6294 L 1
6295 L 3
6296 R 2
6297 L 1
6298 R 10
6299 L 1
6300 L 3
6301 R 2
6302 L 1
6303 L 5
6304 R 2
6305 L 1
6306 R 4
6307 L 1
6308 L 3
6309 R 2
6310 L 1
6311 L 7
6312 R 2
6313 L 1
6314 R 4
6315 L 1
6316 L 3
6317 R 2
6318 L 1
6319 R 6
6320 L 1
6321 L 3
6322 R 2
6323 L 1
6324 L 5
6325 R 2
6326 L 1
6327 R 4
6328 L 1
6329 L 3
6330 R 2
6331 L 1
6332 L 9
6333 R 2
6334 L 1
6335 R 4
6336 L 1
6337 L 3
6338 R 2
6339 L 1
6340 R 6
6341 L 1
6342 L 3
6343 R 2
6344 L 1
6345 L 5
6346 R 2
6347 L 1
6348 R 4
6349 L 1
6350 L 3
6351 R 2
6352 L 1
6353 R 8
6354 L 1
6355 L 3
6356 R 2
6357 L 1
6358 L 5
6359 R 2
6360 L 1
6361 R 4
6362 L 1
6363 L 3
6364 R 2
6365 L 1
6366 L 7
6367 R 2
6368 L 1
6369 R 4
6370 L 1
6371 L 3
6372 R 2
6373 L 1
6374 R 6
6375 L 1
6376 L 3
6377 R 2
6378 L 1
6379 L 5
6380 R 2
6381 L 1
6382 R 4
6383 L 1
6384 L 3
6385 R 2
6386 L 1
6387 L 13
6388 R 2
6389 L 1
6390 R 4
6391 L 1
6392 L 3
6393 R 2
6394 L 1
6395 R 6
6396 L 1
6397 L 3
6398 R 2
6399 L 1
6400 L 5
6401 R 2
6402 L 1
6403 R 4
6404 L 1
6405 L 3
6406 R 2
6407 L 1
6408 R 8
6409 L 1
6410 L 3
6411 R 2
6412 L 1
6413 L 5
6414 R 2
6415 L 1
6416 R 4
6417 L 1
6418 L 3
6419 R 2
6420 L 1
6421 L 7
6422 R 2
6423 L 1
6424 R 4
6425 L 1
6426 L 3
6427 R 2
6428 L 1
6429 R 6
6430 L 1
6431 L 3
6432 R 2
6433 L 1
6434 L 5
6435 R 2
6436 L 1
6437 R 4
6438 L 1
6439 L 3
6440 R 2
6441 L 1
6442 R 10
6443 L 1
6444 L 3
6445 R 2
6446 L 1
6447 L 5
6448 R 2
6449 L 1
6450 R 4
6451 L 1
6452 L 3
6453 R 2
6454 L 1
6455 L 7
6456 R 2
6457 L 1
6458 R 4
6459 L 1
6460 L 3
6461 R 2
6462 L 1
6463 R 6
6464 L 1
6465 L 3
6466 R 2
6467 L 1
6468 L 5
6469 R 2
6470 L 1
6471 R 4
6472 L 1
6473 L 3
6474 R 2
6475 L 1
6476 L 9
6477 R 2
6478 L 1
6479 R 4
6480 L 1
6481 L 3
6482 R 2
6483 L 1
6484 R 6
6485 L 1
6486 L 3
6487 R 2
6488 L 1
6489 L 5
6490 R 2
6491 L 1
6492 R 4
6493 L 1
6494 L 3
6495 R 2
6496 L 1
6497 R 8
6498 L 1
6499 L 3
6500 R 2
6501 L 1
6502 L 5
6503 R 2
6504 L 1
6505 R 4
6506 L 1
6507 L 3
6508 R 2
6509 L 1
6510 L 7
6511 R 2
6512 L 1
6513 R 4
6514 L 1
6515 L 3
6516 R 2
6517 L 1
6518 R 6
6519 L 1
6520 L 3
6521 R 2
6522 L 1
6523 L 5
6524 R 2
6525 L 1
6526 R 4
6527 L 1
6528 L 3
6529 R 2
6530 L 1
6531 R 12
6532 L 1
6533 L 3
6534 R 2
6535 L 1
6536 L 5
6537 R 2
6538 L 1
6539 R 4
6540 L 1
6541 L 3
6542 R 2
6543 L 1
6544 L 7
6545 R 2
6546 L 1
6547 R 4
6548 L 1
6549 L 3
6550 R 2
6551 L 1
6552 R 6
6553 L 1
6554 L 3
6555 R 2
6556 L 1
6557 L 5
6558 R 2
6559 L 1
6560 R 4
6561 L 1
6562 L 3
6563 R 2
6564 L 1
6565 L 9
6566 R 2
6567 L 1
6568 R 4
6569 L 1
6570 L 3
6571 R 2
6572 L 1
6573 R 6
6574 L 1
6575 L 3
6576 R 2
6577 L 1
6578 L 5
6579 R 2
6580 L 1
6581 R 4
6582 L 1
6583 L 3
6584 R 2
6585 L 1
6586 R 8
6587 L 1
6588 L 3
6589 R 2
6590 L 1
6591 L 5
6592 R 2
6593 L 1
6594 R 4
6595 L 1
6596 L 3
6597 R 2
6598 L 1
6599 L 7
6600 R 2
6601 L 1
6602 R 4
6603 L 1
6604 L 3
6605 R 2
6606 L 1
6607 R 6
6608 L 1
6609 L 3
6610 R 2
6611 L 1
6612 L 5
6613 R 2
6614 L 1
6615 R 4
6616 L 1
6617 L 3
6618 R 2
6619 L 1
6620 L 11
6621 R 2
6622 L 1
6623 R 4
6624 L 1
6625 L 3
6626 R 2
6627 L 1
6628 R 6
6629 L 1
6630 L 3
6631 R 2
6632 L 1
6633 L 5
6634 R 2
6635 L 1
6636 R 4
6637 L 1
6638 L 3
6639 R 2
6640 L 1
6641 R 8
6642 L 1
6643 L 3
6644 R 2
6645 L 1
6646 L 5
6647 R 2
6648 L 1
6649 R 4
6650 L 1
6651 L 3
6652 R 2
6653 L 1
6654 L 7
6655 R 2
6656 L 1
6657 R 4
6658 L 1
6659 L 3
6660 R 2
6661 L 1
6662 R 6
6663 L 1
6664 L 3
6665 R 2
6666 L 1
6667 L 5
6668 R 2
6669 L 1
6670 R 4
6671 L 1
6672 L 3
6673 R 2
6674 L 1
6675 R 10
6676 L 1
6677 L 3
6678 R 2
6679 L 1
6680 L 5
6681 R 2
6682 L 1
6683 R 4
6684 L 1
6685 L 3
6686 R 2
6687 L 1
6688 L 7
6689 R 2
6690 L 1
6691 R 4
6692 L 1
6693 L 3
6694 R 2
6695 L 1
6696 R 6
6697 L 1
6698 L 3
6699 R 2
6700 L 1
6701 L 5
6702 R 2
6703 L 1
6704 R 4
6705 L 1
6706 L 3
6707 R 2
6708 L 1
6709 L 9
6710 R 2
6711 L 1
6712 R 4
6713 L 1
6714 L 3
6715 R 2
6716 L 1
6717 R 6
6718 L 1
6719 L 3
6720 R 2
6721 L 1
6722 L 5
6723 R 2
6724 L 1
6725 R 4
6726 L 1
6727 L 3
6728 R 2
6729 L 1
6730 R 8
6731 L 1
6732 L 3
6733 R 2
6734 L 1
6735 L 5
6736 R 2
6737 L 1
6738 R 4
6739 L 1
6740 L 3
6741 R 2
6742 L 1
6743 L 7
6744 R 2
6745 L 1
6746 R 4
6747 L 1
6748 L 3
6749 R 2
6750 L 1
6751 R 6
6752 L 1
6753 L 3
6754 R 2
6755 L 1
6756 L 5
6757 R 2
6758 L 1
6759 R 4
6760 L 1
6761 L 3
6762 R 2
6763 L 1
6764 R 18
6765 L 1
6766 L 3
6767 R 2
6768 L 1
6769 L 5
6770 R 2
6771 L 1
6772 R 4
6773 L 1
6774 L 3
6775 R 2
6776 L 1
6777 L 7
6778 R 2
6779 L 1
6780 R 4
6781 L 1
6782 L 3
6783 R 2
6784 L 1
6785 R 6
6786 L 1
6787 L 3
6788 R 2
6789 L 1
6790 L 5
6791 R 2
6792 L 1
6793 R 4
6794 L 1
6795 L 3
6796 R 2
6797 L 1
6798 L 9
6799 R 2
6800 L 1
6801 R 4
6802 L 1
6803 L 3
6804 R 2
6805 L 1
6806 R 6
6807 L 1
6808 L 3
6809 R 2
6810 L 1
6811 L 5
6812 R 2
6813 L 1
6814 R 4
6815 L 1
6816 L 3
6817 R 2
6818 L 1
6819 R 8
6820 L 1
6821 L 3
6822 R 2
6823 L 1
6824 L 5
6825 R 2
6826 L 1
6827 R 4
6828 L 1
6829 L 3
6830 R 2
6831 L 1
6832 L 7
6833 R 2
6834 L 1
6835 R 4
6836 L 1
6837 L 3
6838 R 2
6839 L 1
6840 R 6
6841 L 1
6842 L 3
6843 R 2
6844 L 1
6845 L 5
6846 R 2
6847 L 1
6848 R 4
6849 L 1
6850 L 3
6851 R 2
6852 L 1
6853 L 11
6854 R 2
6855 L 1
6856 R 4
6857 L 1
6858 L 3
6859 R 2
6860 L 1
6861 R 6
6862 L 1
6863 L 3
6864 R 2
6865 L 1
6866 L 5
6867 R 2
6868 L 1
6869 R 4
6870 L 1
6871 L 3
6872 R 2
6873 L 1
6874 R 8
6875 L 1
6876 L 3
6877 R 2
6878 L 1
6879 L 5
6880 R 2
6881 L 1
6882 R 4
6883 L 1
6884 L 3
6885 R 2
6886 L 1
6887 L 7
6888 R 2
6889 L 1
6890 R 4
6891 L 1
6892 L 3
6893 R 2
6894 L 1
6895 R 6
6896 L 1
6897 L 3
6898 R 2
6899 L 1
6900 L 5
6901 R 2
6902 L 1
6903 R 4
6904 L 1
6905 L 3
6906 R 2
6907 L 1
6908 R 10
6909 L 1
6910 L 3
6911 R 2
6912 L 1
6913 L 5
6914 R 2
6915 L 1
6916 R 4
6917 L 1
6918 L 3
6919 R 2
6920 L 1
6921 L 7
6922 R 2
6923 L 1
6924 R 4
6925 L 1
6926 L 3
6927 R 2
6928 L 1
6929 R 6
6930 L 1
6931 L 3
6932 R 2
6933 L 1
6934 L 5
6935 R 2
6936 L 1
6937 R 4
6938 L 1
6939 L 3
6940 R 2
6941 L 1
6942 L 9
6943 R 2
6944 L 1
6945 R 4
6946 L 1
6947 L 3
6948 R 2
6949 L 1
6950 R 6
6951 L 1
6952 L 3
6953 R 2
6954 L 1
6955 L 5
6956 R 2
6957 L 1
6958 R 4
6959 L 1
6960 L 3
6961 R 2
6962 L 1
6963 R 8
6964 L 1
6965 L 3
6966 R 2
6967 L 1
6968 L 5
6969 R 2
6970 L 1
6971 R 4
6972 L 1
6973 L 3
6974 R 2
6975 L 1
6976 L 7
6977 R 2
6978 L 1
6979 R 4
6980 L 1
6981 L 3
6982 R 2
6983 L 1
6984 R 6
6985 L 1
6986 L 3
6987 R 2
6988 L 1
6989 L 5
6990 R 2
6991 L 1
6992 R 4
6993 L 1
6994 L 3
6995 R 2
6996 L 1
6997 L 13
6998 R 2
6999 L 1
7000 R 4
7001 L 1
7002 L 3
7003 R 2
7004 L 1
7005 R 6
7006 L 1
7007 L 3
7008 R 2
7009 L 1
7010 L 5
7011 R 2
7012 L 1
7013 R 4
7014 L 1
7015 L 3
7016 R 2
7017 L 1
7018 R 8
7019 L 1
7020 L 3
7021 R 2
7022 L 1
7023 L 5
7024 R 2
7025 L 1
7026 R 4
7027 L 1
7028 L 3
7029 R 2
7030 L 1
7031 L 7
7032 R 2
7033 L 1
7034 R 4
7035 L 1
7036 L 3
7037 R 2
7038 L 1
7039 R 6
7040 L 1
7041 L 3
7042 R 2
7043 L 1
7044 L 5
7045 R 2
7046 L 1
7047 R 4
7048 L 1
7049 L 3
7050 R 2
7051 L 1
7052 R 10
7053 L 1
7054 L 3
7055 R 2
7056 L 1
7057 L 5
7058 R 2
7059 L 1
7060 R 4
7061 L 1
7062 L 3
7063 R 2
7064 L 1
7065 L 7
7066 R 2
7067 L 1
7068 R 4
7069 L 1
7070 L 3
7071 R 2
7072 L 1
7073 R 6
7074 L 1
7075 L 3
7076 R 2
7077 L 1
7078 L 5
7079 R 2
7080 L 1
7081 R 4
7082 L 1
7083 L 3
7084 R 2
7085 L 1
7086 L 9
7087 R 2
7088 L 1
7089 R 4
7090 L 1
7091 L 3
7092 R 2
7093 L 1
7094 R 6
7095 L 1
7096 L 3
7097 R 2
7098 L 1
7099 L 5
7100 R 2
7101 L 1
7102 R 4
7103 L 1
7104 L 3
7105 R 2
7106 L 1
7107 R 8
7108 L 1
7109 L 3
7110 R 2
7111 L 1
7112 L 5
7113 R 2
7114 L 1
7115 R 4
7116 L 1
7117 L 3
7118 R 2
7119 L 1
7120 L 7
7121 R 2
7122 L 1
7123 R 4
7124 L 1
7125 L 3
7126 R 2
7127 L 1
7128 R 6
7129 L 1
7130 L 3
7131 R 2
7132 L 1
7133 L 5
7134 R 2
7135 L 1
7136 R 4
7137 L 1
7138 L 3
7139 R 2
7140 L 1
7141 R 12
7142 L 1
7143 L 3
7144 R 2
7145 L 1
7146 L 5
7147 R 2
7148 L 1
7149 R 4
7150 L 1
7151 L 3
7152 R 2
7153 L 1
7154 L 7
7155 R 2
7156 L 1
7157 R 4
7158 L 1
7159 L 3
7160 R 2
7161 L 1
7162 R 6
7163 L 1
7164 L 3
7165 R 2
7166 L 1
7167 L 5
7168 R 2
7169 L 1
7170 R 4
7171 L 1
7172 L 3
7173 R 2
7174 L 1
7175 L 9
7176 R 2
7177 L 1
7178 R 4
7179 L 1
7180 L 3
7181 R 2
7182 L 1
7183 R 6
7184 L 1
7185 L 3
7186 R 2
7187 L 1
7188 L 5
7189 R 2
7190 L 1
7191 R 4
7192 L 1
7193 L 3
7194 R 2
7195 L 1
7196 R 8
7197 L 1
7198 L 3
7199 R 2
7200 L 1
7201 L 5
7202 R 2
7203 L 1
7204 R 4
7205 L 1
7206 L 3
7207 R 2
7208 L 1
7209 L 7
7210 R 2
7211 L 1
7212 R 4
7213 L 1
7214 L 3
7215 R 2
7216 L 1
7217 R 6
7218 L 1
7219 L 3
7220 R 2
7221 L 1
7222 L 5
7223 R 2
7224 L 1
7225 R 4
7226 L 1
7227 L 3
7228 R 2
7229 L 1
7230 L 11
7231 R 2
7232 L 1
7233 R 4
7234 L 1
7235 L 3
7236 R 2
7237 L 1
7238 R 6
7239 L 1
7240 L 3
7241 R 2
7242 L 1
7243 L 5
7244 R 2
7245 L 1
7246 R 4
7247 L 1
7248 L 3
7249 R 2
7250 L 1
7251 R 8
7252 L 1
7253 L 3
7254 R 2
7255 L 1
7256 L 5
7257 R 2
7258 L 1
7259 R 4
7260 L 1
7261 L 3
7262 R 2
7263 L 1
7264 L 7
7265 R 2
7266 L 1
7267 R 4
7268 L 1
7269 L 3
7270 R 2
7271 L 1
7272 R 6
7273 L 1
7274 L 3
7275 R 2
7276 L 1
7277 L 5
7278 R 2
7279 L 1
7280 R 4
7281 L 1
7282 L 3
7283 R 2
7284 L 1
7285 R 10
7286 L 1
7287 L 3
7288 R 2
7289 L 1
7290 L 5
7291 R 2
7292 L 1
7293 R 4
7294 L 1
7295 L 3
7296 R 2
7297 L 1
7298 L 7
7299 R 2
7300 L 1
7301 R 4
7302 L 1
7303 L 3
7304 R 2
7305 L 1
7306 R 6
7307 L 1
7308 L 3
7309 R 2
7310 L 1
7311 L 5
7312 R 2
7313 L 1
7314 R 4
7315 L 1
7316 L 3
7317 R 2
7318 L 1
7319 L 9
7320 R 2
7321 L 1
7322 R 4
7323 L 1
7324 L 3
7325 R 2
7326 L 1
7327 R 6
7328 L 1
7329 L 3
7330 R 2
7331 L 1
7332 L 5
7333 R 2
7334 L 1
7335 R 4
7336 L 1
7337 L 3
7338 R 2
7339 L 1
7340 R 8
7341 L 1
7342 L 3
7343 R 2
7344 L 1
7345 L 5
7346 R 2
7347 L 1
7348 R 4
7349 L 1
7350 L 3
7351 R 2
7352 L 1
7353 L 7
7354 R 2
7355 L 1
7356 R 4
7357 L 1
7358 L 3
7359 R 2
7360 L 1
7361 R 6
7362 L 1
7363 L 3
7364 R 2
7365 L 1
7366 L 5
7367 R 2
7368 L 1
7369 R 4
7370 L 1
7371 L 3
7372 R 2
7373 L 1
7374 L 15
7375 R 2
7376 L 1
7377 R 4
7378 L 1
7379 L 3
7380 R 2
7381 L 1
7382 R 6
7383 L 1
7384 L 3
7385 R 2
7386 L 1
7387 L 5
7388 R 2
7389 L 1
7390 R 4
7391 L 1
7392 L 3
7393 R 2
7394 L 1
7395 R 8
7396 L 1
7397 L 3
7398 R 2
7399 L 1
7400 L 5
7401 R 2
7402 L 1
7403 R 4
7404 L 1
7405 L 3
7406 R 2
7407 L 1
7408 L 7
7409 R 2
7410 L 1
7411 R 4
7412 L 1
7413 L 3
7414 R 2
7415 L 1
7416 R 6
7417 L 1
7418 L 3
7419 R 2
7420 L 1
7421 L 5
7422 R 2
7423 L 1
7424 R 4
7425 L 1
7426 L 3
7427 R 2
7428 L 1
7429 R 10
7430 L 1
7431 L 3
7432 R 2
7433 L 1
7434 L 5
7435 R 2
7436 L 1
7437 R 4
7438 L 1
7439 L 3
7440 R 2
7441 L 1
7442 L 7
7443 R 2
7444 L 1
7445 R 4
7446 L 1
7447 L 3
7448 R 2
7449 L 1
7450 R 6
7451 L 1
7452 L 3
7453 R 2
7454 L 1
7455 L 5
7456 R 2
7457 L 1
7458 R 4
7459 L 1
7460 L 3
7461 R 2
7462 L 1
7463 L 9
7464 R 2
7465 L 1
7466 R 4
7467 L 1
7468 L 3
7469 R 2
7470 L 1
7471 R 6
7472 L 1
7473 L 3
7474 R 2
7475 L 1
7476 L 5
7477 R 2
7478 L 1
7479 R 4
7480 L 1
7481 L 3
7482 R 2
7483 L 1
7484 R 8
7485 L 1
7486 L 3
7487 R 2
7488 L 1
7489 L 5
7490 R 2
7491 L 1
7492 R 4
7493 L 1
7494 L 3
7495 R 2
7496 L 1
7497 L 7
7498 R 2
7499 L 1
7500 R 4
7501 L 1
7502 L 3
7503 R 2
7504 L 1
7505 R 6
7506 L 1
7507 L 3
7508 R 2
7509 L 1
7510 L 5
7511 R 2
7512 L 1
7513 R 4
7514 L 1
7515 L 3
7516 R 2
7517 L 1
7518 R 12
7519 L 1
7520 L 3
7521 R 2
7522 L 1
7523 L 5
7524 R 2
7525 L 1
7526 R 4
7527 L 1
7528 L 3
7529 R 2
7530 L 1
7531 L 7
7532 R 2
7533 L 1
7534 R 4
7535 L 1
7536 L 3
7537 R 2
7538 L 1
7539 R 6
7540 L 1
7541 L 3
7542 R 2
7543 L 1
7544 L 5
7545 R 2
7546 L 1
7547 R 4
7548 L 1
7549 L 3
7550 R 2
7551 L 1
7552 L 9
7553 R 2
7554 L 1
7555 R 4
7556 L 1
7557 L 3
7558 R 2
7559 L 1
7560 R 6
7561 L 1
7562 L 3
7563 R 2
7564 L 1
7565 L 5
7566 R 2
7567 L 1
7568 R 4
7569 L 1
7570 L 3
7571 R 2
7572 L 1
7573 R 8
7574 L 1
7575 L 3
7576 R 2
7577 L 1
7578 L 5
7579 R 2
7580 L 1
7581 R 4
7582 L 1
7583 L 3
7584 R 2
7585 L 1
7586 L 7
7587 R 2
7588 L 1
7589 R 4
7590 L 1
7591 L 3
7592 R 2
7593 L 1
7594 R 6
7595 L 1
7596 L 3
7597 R 2
7598 L 1
7599 L 5
7600 R 2
7601 L 1
7602 R 4
7603 L 1
7604 L 3
7605 R 2
7606 L 1
7607 L 11
7608 R 2
7609 L 1
7610 R 4
7611 L 1
7612 L 3
7613 R 2
7614 L 1
7615 R 6
7616 L 1
7617 L 3
7618 R 2
7619 L 1
7620 L 5
7621 R 2
7622 L 1
7623 R 4
7624 L 1
7625 L 3
7626 R 2
7627 L 1
7628 R 8
7629 L 1
7630 L 3
7631 R 2
7632 L 1
7633 L 5
7634 R 2
7635 L 1
7636 R 4
7637 L 1
7638 L 3
7639 R 2
7640 L 1
7641 L 7
7642 R 2
7643 L 1
7644 R 4
7645 L 1
7646 L 3
7647 R 2
7648 L 1
7649 R 6
7650 L 1
7651 L 3
7652 R 2
7653 L 1
7654 L 5
7655 R 2
7656 L 1
7657 R 4
7658 L 1
7659 L 3
7660 R 2
7661 L 1
7662 R 10
7663 L 1
7664 L 3
7665 R 2
7666 L 1
7667 L 5
7668 R 2
7669 L 1
7670 R 4
7671 L 1
7672 L 3
7673 R 2
7674 L 1
7675 L 7
7676 R 2
7677 L 1
7678 R 4
7679 L 1
7680 L 3
7681 R 2
7682 L 1
7683 R 6
7684 L 1
7685 L 3
7686 R 2
7687 L 1
7688 L 5
7689 R 2
7690 L 1
7691 R 4
7692 L 1
7693 L 3
7694 R 2
7695 L 1
7696 L 9
7697 R 2
7698 L 1
7699 R 4
7700 L 1
7701 L 3
7702 R 2
7703 L 1
7704 R 6
7705 L 1
7706 L 3
7707 R 2
7708 L 1
7709 L 5
7710 R 2
7711 L 1
7712 R 4
7713 L 1
7714 L 3
7715 R 2
7716 L 1
7717 R 8
7718 L 1
7719 L 3
7720 R 2
7721 L 1
7722 L 5
7723 R 2
7724 L 1
7725 R 4
7726 L 1
7727 L 3
7728 R 2
7729 L 1
7730 L 7
7731 R 2
7732 L 1
7733 R 4
7734 L 1
7735 L 3
7736 R 2
7737 L 1
7738 R 6
7739 L 1
7740 L 3
7741 R 2
7742 L 1
7743 L 5
7744 R 2
7745 L 1
7746 R 4
7747 L 1
7748 L 3
7749 R 2
7750 L 1
7751 R 14
7752 L 1
7753 L 3
7754 R 2
7755 L 1
7756 L 5
7757 R 2
7758 L 1
7759 R 4
7760 L 1
7761 L 3
7762 R 2
7763 L 1
7764 L 7
7765 R 2
7766 L 1
7767 R 4
7768 L 1
7769 L 3
7770 R 2
7771 L 1
7772 R 6
7773 L 1
7774 L 3
7775 R 2
7776 L 1
7777 L 5
7778 R 2
7779 L 1
7780 R 4
7781 L 1
7782 L 3
7783 R 2
7784 L 1
7785 L 9
7786 R 2
7787 L 1
7788 R 4
7789 L 1
7790 L 3
7791 R 2
7792 L 1
7793 R 6
7794 L 1
7795 L 3
7796 R 2
7797 L 1
7798 L 5
7799 R 2
7800 L 1
7801 R 4
7802 L 1
7803 L 3
7804 R 2
7805 L 1
7806 R 8
7807 L 1
7808 L 3
7809 R 2
7810 L 1
7811 L 5
7812 R 2
7813 L 1
7814 R 4
7815 L 1
7816 L 3
7817 R 2
7818 L 1
7819 L 7
7820 R 2
7821 L 1
7822 R 4
7823 L 1
7824 L 3
7825 R 2
7826 L 1
7827 R 6
7828 L 1
7829 L 3
7830 R 2
7831 L 1
7832 L 5
7833 R 2
7834 L 1
7835 R 4
7836 L 1
7837 L 3
7838 R 2
7839 L 1
7840 L 11
7841 R 2
7842 L 1
7843 R 4
7844 L 1
7845 L 3
7846 R 2
7847 L 1
7848 R 6
7849 L 1
7850 L 3
7851 R 2
7852 L 1
7853 L 5
7854 R 2
7855 L 1
7856 R 4
7857 L 1
7858 L 3
7859 R 2
7860 L 1
7861 R 8
7862 L 1
7863 L 3
7864 R 2
7865 L 1
7866 L 5
7867 R 2
7868 L 1
7869 R 4
7870 L 1
7871 L 3
7872 R 2
7873 L 1
7874 L 7
7875 R 2
7876 L 1
7877 R 4
7878 L 1
7879 L 3
7880 R 2
7881 L 1
7882 R 6
7883 L 1
7884 L 3
7885 R 2
7886 L 1
7887 L 5
7888 R 2
7889 L 1
7890 R 4
7891 L 1
7892 L 3
7893 R 2
7894 L 1
7895 R 10
7896 L 1
7897 L 3
7898 R 2
7899 L 1
7900 L 5
7901 R 2
7902 L 1
7903 R 4
7904 L 1
7905 L 3
7906 R 2
7907 L 1
7908 L 7
7909 R 2
7910 L 1
7911 R 4
7912 L 1
7913 L 3
7914 R 2
7915 L 1
7916 R 6
7917 L 1
7918 L 3
7919 R 2
7920 L 1
7921 L 5
7922 R 2
7923 L 1
7924 R 4
7925 L 1
7926 L 3
7927 R 2
7928 L 1
7929 L 9
7930 R 2
7931 L 1
7932 R 4
7933 L 1
7934 L 3
7935 R 2
7936 L 1
7937 R 6
7938 L 1
7939 L 3
7940 R 2
7941 L 1
7942 L 5
7943 R 2
7944 L 1
7945 R 4
7946 L 1
7947 L 3
7948 R 2
7949 L 1
7950 R 8
7951 L 1
7952 L 3
7953 R 2
7954 L 1
7955 L 5
7956 R 2
7957 L 1
7958 R 4
7959 L 1
7960 L 3
7961 R 2
7962 L 1
7963 L 7
7964 R 2
7965 L 1
7966 R 4
7967 L 1
7968 L 3
7969 R 2
7970 L 1
7971 R 6
7972 L 1
7973 L 3
7974 R 2
7975 L 1
7976 L 5
7977 R 2
7978 L 1
7979 R 4
7980 L 1
7981 L 3
7982 R 2
7983 L 1
7984 L 13
7985 R 2
7986 L 1
7987 R 4
7988 L 1
7989 L 3
7990 R 2
7991 L 1
7992 R 6
7993 L 1
7994 L 3
7995 R 2
7996 L 1
7997 L 5
7998 R 2
7999 L 1
8000 R 4
8001 L 1
8002 L 3
8003 R 2
8004 L 1
8005 R 8
8006 L 1
8007 L 3
8008 R 2
8009 L 1
8010 L 5
8011 R 2
8012 L 1
8013 R 4
8014 L 1
8015 L 3
8016 R 2
8017 L 1
8018 L 7
8019 R 2
8020 L 1
8021 R 4
8022 L 1
8023 L 3
8024 R 2
8025 L 1
8026 R 6
8027 L 1
8028 L 3
8029 R 2
8030 L 1
8031 L 5
8032 R 2
8033 L 1
8034 R 4
8035 L 1
8036 L 3
8037 R 2
8038 L 1
8039 R 10
8040 L 1
8041 L 3
8042 R 2
8043 L 1
8044 L 5
8045 R 2
8046 L 1
8047 R 4
8048 L 1
8049 L 3
8050 R 2
8051 L 1
8052 L 7
8053 R 2
8054 L 1
8055 R 4
8056 L 1
8057 L 3
8058 R 2
8059 L 1
8060 R 6
8061 L 1
8062 L 3
8063 R 2
8064 L 1
8065 L 5
8066 R 2
8067 L 1
8068 R 4
8069 L 1
8070 L 3
8071 R 2
8072 L 1
8073 L 9
8074 R 2
8075 L 1
8076 R 4
8077 L 1
8078 L 3
8079 R 2
8080 L 1
8081 R 6
8082 L 1
8083 L 3
8084 R 2
8085 L 1
8086 L 5
8087 R 2
8088 L 1
8089 R 4
8090 L 1
8091 L 3
8092 R 2
8093 L 1
8094 R 8
8095 L 1
8096 L 3
8097 R 2
8098 L 1
8099 L 5
8100 R 2
8101 L 1
8102 R 4
8103 L 1
8104 L 3
8105 R 2
8106 L 1
8107 L 7
8108 R 2
8109 L 1
8110 R 4
8111 L 1
8112 L 3
8113 R 2
8114 L 1
8115 R 6
8116 L 1
8117 L 3
8118 R 2
8119 L 1
8120 L 5
8121 R 2
8122 L 1
8123 R 4
8124 L 1
8125 L 3
8126 R 2
8127 L 1
8128 R 12
8129 L 1
8130 L 3
8131 R 2
8132 L 1
8133 L 5
8134 R 2
8135 L 1
8136 R 4
8137 L 1
8138 L 3
8139 R 2
8140 L 1
8141 L 7
8142 R 2
8143 L 1
8144 R 4
8145 L 1
8146 L 3
8147 R 2
8148 L 1
8149 R 6
8150 L 1
8151 L 3
8152 R 2
8153 L 1
8154 L 5
8155 R 2
8156 L 1
8157 R 4
8158 L 1
8159 L 3
8160 R 2
8161 L 1
8162 L 9
8163 R 2
8164 L 1
8165 R 4
8166 L 1
8167 L 3
8168 R 2
8169 L 1
8170 R 6
8171 L 1
8172 L 3
8173 R 2
8174 L 1
8175 L 5
8176 R 2
8177 L 1
8178 R 4
8179 L 1
8180 L 3
8181 R 2
8182 L 1
8183 R 8
8184 L 1
8185 L 3
8186 R 2
8187 L 1
8188 L 5
8189 R 2
8190 L 1
8191 R 4
8192 L 1
8193 L 3
8194 R 2
8195 L 1
8196 L 7
8197 R 2
8198 L 1
8199 R 4
8200 L 1
8201 L 3
8202 R 2
8203 L 1
8204 R 6
8205 L 1
8206 L 3
8207 R 2
8208 L 1
8209 L 5
8210 R 2
8211 L 1
8212 R 4
8213 L 1
8214 L 3
8215 R 2
8216 L 1
8217 L 11
8218 R 2
8219 L 1
8220 R 4
8221 L 1
8222 L 3
8223 R 2
8224 L 1
8225 R 6
8226 L 1
8227 L 3
8228 R 2
8229 L 1
8230 L 5
8231 R 2
8232 L 1
8233 R 4
8234 L 1
8235 L 3
8236 R 2
8237 L 1
8238 R 8
8239 L 1
8240 L 3
8241 R 2
8242 L 1
8243 L 5
8244 R 2
8245 L 1
8246 R 4
8247 L 1
8248 L 3
8249 R 2
8250 L 1
8251 L 7
8252 R 2
8253 L 1
8254 R 4
8255 L 1
8256 L 3
8257 R 2
8258 L 1
8259 R 6
8260 L 1
8261 L 3
8262 R 2
8263 L 1
8264 L 5
8265 R 2
8266 L 1
8267 R 4
8268 L 1
8269 L 3
8270 R 2
8271 L 1
8272 R 10
8273 L 1
8274 L 3
8275 R 2
8276 L 1
8277 L 5
8278 R 2
8279 L 1
8280 R 4
8281 L 1
8282 L 3
8283 R 2
8284 L 1
8285 L 7
8286 R 2
8287 L 1
8288 R 4
8289 L 1
8290 L 3
8291 R 2
8292 L 1
8293 R 6
8294 L 1
8295 L 3
8296 R 2
8297 L 1
8298 L 5
8299 R 2
8300 L 1
8301 R 4
8302 L 1
8303 L 3
8304 R 2
8305 L 1
8306 L 9
8307 R 2
8308 L 1
8309 R 4
8310 L 1
8311 L 3
8312 R 2
8313 L 1
8314 R 6
8315 L 1
8316 L 3
8317 R 2
8318 L 1
8319 L 5
8320 R 2
8321 L 1
8322 R 4
8323 L 1
8324 L 3
8325 R 2
8326 L 1
8327 R 8
8328 L 1
8329 L 3
8330 R 2
8331 L 1
8332 L 5
8333 R 2
8334 L 1
8335 R 4
8336 L 1
8337 L 3
8338 R 2
8339 L 1
8340 L 7
8341 R 2
8342 L 1
8343 R 4
8344 L 1
8345 L 3
8346 R 2
8347 L 1
8348 R 6
8349 L 1
8350 L 3
8351 R 2
8352 L 1
8353 L 5
8354 R 2
8355 L 1
8356 R 4
8357 L 1
8358 L 3
8359 R 2
8360 L 1
8361 L 17
8362 R 2
8363 L 1
8364 R 4
8365 L 1
8366 L 3
8367 R 2
8368 L 1
8369 R 6
8370 L 1
8371 L 3
8372 R 2
8373 L 1
8374 L 5
8375 R 2
8376 L 1
8377 R 4
8378 L 1
8379 L 3
8380 R 2
8381 L 1
8382 R 8
8383 L 1
8384 L 3
8385 R 2
8386 L 1
8387 L 5
8388 R 2
8389 L 1
8390 R 4
8391 L 1
8392 L 3
8393 R 2
8394 L 1
8395 L 7
8396 R 2
8397 L 1
8398 R 4
8399 L 1
8400 L 3
8401 R 2
8402 L 1
8403 R 6
8404 L 1
8405 L 3
8406 R 2
8407 L 1
8408 L 5
8409 R 2
8410 L 1
8411 R 4
8412 L 1
8413 L 3
8414 R 2
8415 L 1
8416 R 10
8417 L 1
8418 L 3
8419 R 2
8420 L 1
8421 L 5
8422 R 2
8423 L 1
8424 R 4
8425 L 1
8426 L 3
8427 R 2
8428 L 1
8429 L 7
8430 R 2
8431 L 1
8432 R 4
8433 L 1
8434 L 3
8435 R 2
8436 L 1
8437 R 6
8438 L 1
8439 L 3
8440 R 2
8441 L 1
8442 L 5
8443 R 2
8444 L 1
8445 R 4
8446 L 1
8447 L 3
8448 R 2
8449 L 1
8450 L 9
8451 R 2
8452 L 1
8453 R 4
8454 L 1
8455 L 3
8456 R 2
8457 L 1
8458 R 6
8459 L 1
8460 L 3
8461 R 2
8462 L 1
8463 L 5
8464 R 2
8465 L 1
8466 R 4
8467 L 1
8468 L 3
8469 R 2
8470 L 1
8471 R 8
8472 L 1
8473 L 3
8474 R 2
8475 L 1
8476 L 5
8477 R 2
8478 L 1
8479 R 4
8480 L 1
8481 L 3
8482 R 2
8483 L 1
8484 L 7
8485 R 2
8486 L 1
8487 R 4
8488 L 1
8489 L 3
8490 R 2
8491 L 1
8492 R 6
8493 L 1
8494 L 3
8495 R 2
8496 L 1
8497 L 5
8498 R 2
8499 L 1
8500 R 4
8501 L 1
8502 L 3
8503 R 2
8504 L 1
8505 R 12
8506 L 1
8507 L 3
8508 R 2
8509 L 1
8510 L 5
8511 R 2
8512 L 1
8513 R 4
8514 L 1
8515 L 3
8516 R 2
8517 L 1
8518 L 7
8519 R 2
8520 L 1
8521 R 4
8522 L 1
8523 L 3
8524 R 2
8525 L 1
8526 R 6
8527 L 1
8528 L 3
8529 R 2
8530 L 1
8531 L 5
8532 R 2
8533 L 1
8534 R 4
8535 L 1
8536 L 3
8537 R 2
8538 L 1
8539 L 9
8540 R 2
8541 L 1
8542 R 4
8543 L 1
8544 L 3
8545 R 2
8546 L 1
8547 R 6
8548 L 1
8549 L 3
8550 R 2
8551 L 1
8552 L 5
8553 R 2
8554 L 1
8555 R 4
8556 L 1
8557 L 3
8558 R 2
8559 L 1
8560 R 8
8561 L 1
8562 L 3
8563 R 2
8564 L 1
8565 L 5
8566 R 2
8567 L 1
8568 R 4
8569 L 1
8570 L 3
8571 R 2
8572 L 1
8573 L 7
8574 R 2
8575 L 1
8576 R 4
8577 L 1
8578 L 3
8579 R 2
8580 L 1
8581 R 6
8582 L 1
8583 L 3
8584 R 2
8585 L 1
8586 L 5
8587 R 2
8588 L 1
8589 R 4
8590 L 1
8591 L 3
8592 R 2
8593 L 1
8594 L 11
8595 R 2
8596 L 1
8597 R 4
8598 L 1
8599 L 3
8600 R 2
8601 L 1
8602 R 6
8603 L 1
8604 L 3
8605 R 2
8606 L 1
8607 L 5
8608 R 2
8609 L 1
8610 R 4
8611 L 1
8612 L 3
8613 R 2
8614 L 1
8615 R 8
8616 L 1
8617 L 3
8618 R 2
8619 L 1
8620 L 5
8621 R 2
8622 L 1
8623 R 4
8624 L 1
8625 L 3
8626 R 2
8627 L 1
8628 L 7
8629 R 2
8630 L 1
8631 R 4
8632 L 1
8633 L 3
8634 R 2
8635 L 1
8636 R 6
8637 L 1
8638 L 3
8639 R 2
8640 L 1
8641 L 5
8642 R 2
8643 L 1
8644 R 4
8645 L 1
8646 L 3
8647 R 2
8648 L 1
8649 R 10
8650 L 1
8651 L 3
8652 R 2
8653 L 1
8654 L 5
8655 R 2
8656 L 1
8657 R 4
8658 L 1
8659 L 3
8660 R 2
8661 L 1
8662 L 7
8663 R 2
8664 L 1
8665 R 4
8666 L 1
8667 L 3
8668 R 2
8669 L 1
8670 R 6
8671 L 1
8672 L 3
8673 R 2
8674 L 1
8675 L 5
8676 R 2
8677 L 1
8678 R 4
8679 L 1
8680 L 3
8681 R 2
8682 L 1
8683 L 9
8684 R 2
8685 L 1
8686 R 4
8687 L 1
8688 L 3
8689 R 2
8690 L 1
8691 R 6
8692 L 1
8693 L 3
8694 R 2
8695 L 1
8696 L 5
8697 R 2
8698 L 1
8699 R 4
8700 L 1
8701 L 3
8702 R 2
8703 L 1
8704 R 8
8705 L 1
8706 L 3
8707 R 2
8708 L 1
8709 L 5
8710 R 2
8711 L 1
8712 R 4
8713 L 1
8714 L 3
8715 R 2
8716 L 1
8717 L 7
8718 R 2
8719 L 1
8720 R 4
8721 L 1
8722 L 3
8723 R 2
8724 L 1
8725 R 6
8726 L 1
8727 L 3
8728 R 2
8729 L 1
8730 L 5
8731 R 2
8732 L 1
8733 R 4
8734 L 1
8735 L 3
8736 R 2
8737 L 1
8738 R 14
8739 L 1
8740 L 3
8741 R 2
8742 L 1
8743 L 5
8744 R 2
8745 L 1
8746 R 4
8747 L 1
8748 L 3
8749 R 2
8750 L 1
8751 L 7
8752 R 2
8753 L 1
8754 R 4
8755 L 1
8756 L 3
8757 R 2
8758 L 1
8759 R 6
8760 L 1
8761 L 3
8762 R 2
8763 L 1
8764 L 5
8765 R 2
8766 L 1
8767 R 4
8768 L 1
8769 L 3
8770 R 2
8771 L 1
8772 L 9
8773 R 2
8774 L 1
8775 R 4
8776 L 1
8777 L 3
8778 R 2
8779 L 1
8780 R 6
8781 L 1
8782 L 3
8783 R 2
8784 L 1
8785 L 5
8786 R 2
8787 L 1
8788 R 4
8789 L 1
8790 L 3
8791 R 2
8792 L 1
8793 R 8
8794 L 1
8795 L 3
8796 R 2
8797 L 1
8798 L 5
8799 R 2
8800 L 1
8801 R 4
8802 L 1
8803 L 3
8804 R 2
8805 L 1
8806 L 7
8807 R 2
8808 L 1
8809 R 4
8810 L 1
8811 L 3
8812 R 2
8813 L 1
8814 R 6
8815 L 1
8816 L 3
8817 R 2
8818 L 1
8819 L 5
8820 R 2
8821 L 1
8822 R 4
8823 L 1
8824 L 3
8825 R 2
8826 L 1
8827 L 11
8828 R 2
8829 L 1
8830 R 4
8831 L 1
8832 L 3
8833 R 2
8834 L 1
8835 R 6
8836 L 1
8837 L 3
8838 R 2
8839 L 1
8840 L 5
8841 R 2
8842 L 1
8843 R 4
8844 L 1
8845 L 3
8846 R 2
8847 L 1
8848 R 8
8849 L 1
8850 L 3
8851 R 2
8852 L 1
8853 L 5
8854 R 2
8855 L 1
8856 R 4
8857 L 1
8858 L 3
8859 R 2
8860 L 1
8861 L 7
8862 R 2
8863 L 1
8864 R 4
8865 L 1
8866 L 3
8867 R 2
8868 L 1
8869 R 6
8870 L 1
8871 L 3
8872 R 2
8873 L 1
8874 L 5
8875 R 2
8876 L 1
8877 R 4
8878 L 1
8879 L 3
8880 R 2
8881 L 1
8882 R 10
8883 L 1
8884 L 3
8885 R 2
8886 L 1
8887 L 5
8888 R 2
8889 L 1
8890 R 4
8891 L 1
8892 L 3
8893 R 2
8894 L 1
8895 L 7
8896 R 2
8897 L 1
8898 R 4
8899 L 1
8900 L 3
8901 R 2
8902 L 1
8903 R 6
8904 L 1
8905 L 3
8906 R 2
8907 L 1
8908 L 5
8909 R 2
8910 L 1
8911 R 4
8912 L 1
8913 L 3
8914 R 2
8915 L 1
8916 L 9
8917 R 2
8918 L 1
8919 R 4
8920 L 1
8921 L 3
8922 R 2
8923 L 1
8924 R 6
8925 L 1
8926 L 3
8927 R 2
8928 L 1
8929 L 5
8930 R 2
8931 L 1
8932 R 4
8933 L 1
8934 L 3
8935 R 2
8936 L 1
8937 R 8
8938 L 1
8939 L 3
8940 R 2
8941 L 1
8942 L 5
8943 R 2
8944 L 1
8945 R 4
8946 L 1
8947 L 3
8948 R 2
8949 L 1
8950 L 7
8951 R 2
8952 L 1
8953 R 4
8954 L 1
8955 L 3
8956 R 2
8957 L 1
8958 R 6
8959 L 1
8960 L 3
8961 R 2
8962 L 1
8963 L 5
8964 R 2
8965 L 1
8966 R 4
8967 L 1
8968 L 3
8969 R 2
8970 L 1
8971 L 13
8972 R 2
8973 L 1
8974 R 4
8975 L 1
8976 L 3
8977 R 2
8978 L 1
8979 R 6
8980 L 1
8981 L 3
8982 R 2
8983 L 1
8984 L 5
8985 R 2
8986 L 1
8987 R 4
8988 L 1
8989 L 3
8990 R 2
8991 L 1
8992 R 8
8993 L 1
8994 L 3
8995 R 2
8996 L 1
8997 L 5
8998 R 2
8999 L 1
9000 R 4
9001 L 1
9002 L 3
9003 R 2
9004 L 1
9005 L 7
9006 R 2
9007 L 1
9008 R 4
9009 L 1
9010 L 3
9011 R 2
9012 L 1
9013 R 6
9014 L 1
9015 L 3
9016 R 2
9017 L 1
9018 L 5
9019 R 2
9020 L 1
9021 R 4
9022 L 1
9023 L 3
9024 R 2
9025 L 1
9026 R 10
9027 L 1
9028 L 3
9029 R 2
9030 L 1
9031 L 5
9032 R 2
9033 L 1
9034 R 4
9035 L 1
9036 L 3
9037 R 2
9038 L 1
9039 L 7
9040 R 2
9041 L 1
9042 R 4
9043 L 1
9044 L 3
9045 R 2
9046 L 1
9047 R 6
9048 L 1
9049 L 3
9050 R 2
9051 L 1
9052 L 5
9053 R 2
9054 L 1
9055 R 4
9056 L 1
9057 L 3
9058 R 2
9059 L 1
9060 L 9
9061 R 2
9062 L 1
9063 R 4
9064 L 1
9065 L 3
9066 R 2
9067 L 1
9068 R 6
9069 L 1
9070 L 3
9071 R 2
9072 L 1
9073 L 5
9074 R 2
9075 L 1
9076 R 4
9077 L 1
9078 L 3
9079 R 2
9080 L 1
9081 R 8
9082 L 1
9083 L 3
9084 R 2
9085 L 1
9086 L 5
9087 R 2
9088 L 1
9089 R 4
9090 L 1
9091 L 3
9092 R 2
9093 L 1
9094 L 7
9095 R 2
9096 L 1
9097 R 4
9098 L 1
9099 L 3
9100 R 2
9101 L 1
9102 R 6
9103 L 1
9104 L 3
9105 R 2
9106 L 1
9107 L 5
9108 R 2
9109 L 1
9110 R 4
9111 L 1
9112 L 3
9113 R 2
9114 L 1
9115 R 12
9116 L 1
9117 L 3
9118 R 2
9119 L 1
9120 L 5
9121 R 2
9122 L 1
9123 R 4
9124 L 1
9125 L 3
9126 R 2
9127 L 1
9128 L 7
9129 R 2
9130 L 1
9131 R 4
9132 L 1
9133 L 3
9134 R 2
9135 L 1
9136 R 6
9137 L 1
9138 L 3
9139 R 2
9140 L 1
9141 L 5
9142 R 2
9143 L 1
9144 R 4
9145 L 1
9146 L 3
9147 R 2
9148 L 1
9149 L 9
9150 R 2
9151 L 1
9152 R 4
9153 L 1
9154 L 3
9155 R 2
9156 L 1
9157 R 6
9158 L 1
9159 L 3
9160 R 2
9161 L 1
9162 L 5
9163 R 2
9164 L 1
9165 R 4
9166 L 1
9167 L 3
9168 R 2
9169 L 1
9170 R 8
9171 L 1
9172 L 3
9173 R 2
9174 L 1
9175 L 5
9176 R 2
9177 L 1
9178 R 4
9179 L 1
9180 L 3
9181 R 2
9182 L 1
9183 L 7
9184 R 2
9185 L 1
9186 R 4
9187 L 1
9188 L 3
9189 R 2
9190 L 1
9191 R 6
9192 L 1
9193 L 3
9194 R 2
9195 L 1
9196 L 5
9197 R 2
9198 L 1
9199 R 4
9200 L 1
9201 L 3
9202 R 2
9203 L 1
9204 L 11
9205 R 2
9206 L 1
9207 R 4
9208 L 1
9209 L 3
9210 R 2
9211 L 1
9212 R 6
9213 L 1
9214 L 3
9215 R 2
9216 L 1
9217 L 5
9218 R 2
9219 L 1
9220 R 4
9221 L 1
9222 L 3
9223 R 2
9224 L 1
9225 R 8
9226 L 1
9227 L 3
9228 R 2
9229 L 1
9230 L 5
9231 R 2
9232 L 1
9233 R 4
9234 L 1
9235 L 3
9236 R 2
9237 L 1
9238 L 7
9239 R 2
9240 L 1
9241 R 4
9242 L 1
9243 L 3
9244 R 2
9245 L 1
9246 R 6
9247 L 1
9248 L 3
9249 R 2
9250 L 1
9251 L 5
9252 R 2
9253 L 1
9254 R 4
9255 L 1
9256 L 3
9257 R 2
9258 L 1
9259 R 10
9260 L 1
9261 L 3
9262 R 2
9263 L 1
9264 L 5
9265 R 2
9266 L 1
9267 R 4
9268 L 1
9269 L 3
9270 R 2
9271 L 1
9272 L 7
9273 R 2
9274 L 1
9275 R 4
9276 L 1
9277 L 3
9278 R 2
9279 L 1
9280 R 6
9281 L 1
9282 L 3
9283 R 2
9284 L 1
9285 L 5
9286 R 2
9287 L 1
9288 R 4
9289 L 1
9290 L 3
9291 R 2
9292 L 1
9293 L 9
9294 R 2
9295 L 1
9296 R 4
9297 L 1
9298 L 3
9299 R 2
9300 L 1
9301 R 6
9302 L 1
9303 L 3
9304 R 2
9305 L 1
9306 L 5
9307 R 2
9308 L 1
9309 R 4
9310 L 1
9311 L 3
9312 R 2
9313 L 1
9314 R 8
9315 L 1
9316 L 3
9317 R 2
9318 L 1
9319 L 5
9320 R 2
9321 L 1
9322 R 4
9323 L 1
9324 L 3
9325 R 2
9326 L 1
9327 L 7
9328 R 2
9329 L 1
9330 R 4
9331 L 1
9332 L 3
9333 R 2
9334 L 1
9335 R 6
9336 L 1
9337 L 3
9338 R 2
9339 L 1
9340 L 5
9341 R 2
9342 L 1
9343 R 4
9344 L 1
9345 L 3
9346 R 2
9347 L 1
9348 R 16
9349 L 1
9350 L 3
9351 R 2
9352 L 1
9353 L 5
9354 R 2
9355 L 1
9356 R 4
9357 L 1
9358 L 3
9359 R 2
9360 L 1
9361 L 7
9362 R 2
9363 L 1
9364 R 4
9365 L 1
9366 L 3
9367 R 2
9368 L 1
9369 R 6
9370 L 1
9371 L 3
9372 R 2
9373 L 1
9374 L 5
9375 R 2
9376 L 1
9377 R 4
9378 L 1
9379 L 3
9380 R 2
9381 L 1
9382 L 9
9383 R 2
9384 L 1
9385 R 4
9386 L 1
9387 L 3
9388 R 2
9389 L 1
9390 R 6
9391 L 1
9392 L 3
9393 R 2
9394 L 1
9395 L 5
9396 R 2
9397 L 1
9398 R 4
9399 L 1
9400 L 3
9401 R 2
9402 L 1
9403 R 8
9404 L 1
9405 L 3
9406 R 2
9407 L 1
9408 L 5
9409 R 2
9410 L 1
9411 R 4
9412 L 1
9413 L 3
9414 R 2
9415 L 1
9416 L 7
9417 R 2
9418 L 1
9419 R 4
9420 L 1
9421 L 3
9422 R 2
9423 L 1
9424 R 6
9425 L 1
9426 L 3
9427 R 2
9428 L 1
9429 L 5
9430 R 2
9431 L 1
9432 R 4
9433 L 1
9434 L 3
9435 R 2
9436 L 1
9437 L 11
9438 R 2
9439 L 1
9440 R 4
9441 L 1
9442 L 3
9443 R 2
9444 L 1
9445 R 6
9446 L 1
9447 L 3
9448 R 2
9449 L 1
9450 L 5
9451 R 2
9452 L 1
9453 R 4
9454 L 1
9455 L 3
9456 R 2
9457 L 1
9458 R 8
9459 L 1
9460 L 3
9461 R 2
9462 L 1
9463 L 5
9464 R 2
9465 L 1
9466 R 4
9467 L 1
9468 L 3
9469 R 2
9470 L 1
9471 L 7
9472 R 2
9473 L 1
9474 R 4
9475 L 1
9476 L 3
9477 R 2
9478 L 1
9479 R 6
9480 L 1
9481 L 3
9482 R 2
9483 L 1
9484 L 5
9485 R 2
9486 L 1
9487 R 4
9488 L 1
9489 L 3
9490 R 2
9491 L 1
9492 R 10
9493 L 1
9494 L 3
9495 R 2
9496 L 1
9497 L 5
9498 R 2
9499 L 1
9500 R 4
9501 L 1
9502 L 3
9503 R 2
9504 L 1
9505 L 7
9506 R 2
9507 L 1
9508 R 4
9509 L 1
9510 L 3
9511 R 2
9512 L 1
9513 R 6
9514 L 1
9515 L 3
9516 R 2
9517 L 1
9518 L 5
9519 R 2
9520 L 1
9521 R 4
9522 L 1
9523 L 3
9524 R 2
9525 L 1
9526 L 9
9527 R 2
9528 L 1
9529 R 4
9530 L 1
9531 L 3
9532 R 2
9533 L 1
9534 R 6
9535 L 1
9536 L 3
9537 R 2
9538 L 1
9539 L 5
9540 R 2
9541 L 1
9542 R 4
9543 L 1
9544 L 3
9545 R 2
9546 L 1
9547 R 8
9548 L 1
9549 L 3
9550 R 2
9551 L 1
9552 L 5
9553 R 2
9554 L 1
9555 R 4
9556 L 1
9557 L 3
9558 R 2
9559 L 1
9560 L 7
9561 R 2
9562 L 1
9563 R 4
9564 L 1
9565 L 3
9566 R 2
9567 L 1
9568 R 6
9569 L 1
9570 L 3
9571 R 2
9572 L 1
9573 L 5
9574 R 2
9575 L 1
9576 R 4
9577 L 1
9578 L 3
9579 R 2
9580 L 1
9581 L 13
9582 R 2
9583 L 1
9584 R 4
9585 L 1
9586 L 3
9587 R 2
9588 L 1
9589 R 6
9590 L 1
9591 L 3
9592 R 2
9593 L 1
9594 L 5
9595 R 2
9596 L 1
9597 R 4
9598 L 1
9599 L 3
9600 R 2
9601 L 1
9602 R 8
9603 L 1
9604 L 3
9605 R 2
9606 L 1
9607 L 5
9608 R 2
9609 L 1
9610 R 4
9611 L 1
9612 L 3
9613 R 2
9614 L 1
9615 L 7
9616 R 2
9617 L 1
9618 R 4
9619 L 1
9620 L 3
9621 R 2
9622 L 1
9623 R 6
9624 L 1
9625 L 3
9626 R 2
9627 L 1
9628 L 5
9629 R 2
9630 L 1
9631 R 4
9632 L 1
9633 L 3
9634 R 2
9635 L 1
9636 R 10
9637 L 1
9638 L 3
9639 R 2
9640 L 1
9641 L 5
9642 R 2
9643 L 1
9644 R 4
9645 L 1
9646 L 3
9647 R 2
9648 L 1
9649 L 7
9650 R 2
9651 L 1
9652 R 4
9653 L 1
9654 L 3
9655 R 2
9656 L 1
9657 R 6
9658 L 1
9659 L 3
9660 R 2
9661 L 1
9662 L 5
9663 R 2
9664 L 1
9665 R 4
9666 L 1
9667 L 3
9668 R 2
9669 L 1
9670 L 9
9671 R 2
9672 L 1
9673 R 4
9674 L 1
9675 L 3
9676 R 2
9677 L 1
9678 R 6
9679 L 1
9680 L 3
9681 R 2
9682 L 1
9683 L 5
9684 R 2
9685 L 1
9686 R 4
9687 L 1
9688 L 3
9689 R 2
9690 L 1
9691 R 8
9692 L 1
9693 L 3
9694 R 2
9695 L 1
9696 L 5
9697 R 2
9698 L 1
9699 R 4
9700 L 1
9701 L 3
9702 R 2
9703 L 1
9704 L 7
9705 R 2
9706 L 1
9707 R 4
9708 L 1
9709 L 3
9710 R 2
9711 L 1
9712 R 6
9713 L 1
9714 L 3
9715 R 2
9716 L 1
9717 L 5
9718 R 2
9719 L 1
9720 R 4
9721 L 1
9722 L 3
9723 R 2
9724 L 1
9725 R 12
9726 L 1
9727 L 3
9728 R 2
9729 L 1
9730 L 5
9731 R 2
9732 L 1
9733 R 4
9734 L 1
9735 L 3
9736 R 2
9737 L 1
9738 L 7
9739 R 2
9740 L 1
9741 R 4
9742 L 1
9743 L 3
9744 R 2
9745 L 1
9746 R 6
9747 L 1
9748 L 3
9749 R 2
9750 L 1
9751 L 5
9752 R 2
9753 L 1
9754 R 4
9755 L 1
9756 L 3
9757 R 2
9758 L 1
9759 L 9
9760 R 2
9761 L 1
9762 R 4
9763 L 1
9764 L 3
9765 R 2
9766 L 1
9767 R 6
9768 L 1
9769 L 3
9770 R 2
9771 L 1
9772 L 5
9773 R 2
9774 L 1
9775 R 4
9776 L 1
9777 L 3
9778 R 2
9779 L 1
9780 R 8
9781 L 1
9782 L 3
9783 R 2
9784 L 1
9785 L 5
9786 R 2
9787 L 1
9788 R 4
9789 L 1
9790 L 3
9791 R 2
9792 L 1
9793 L 7
9794 R 2
9795 L 1
9796 R 4
9797 L 1
9798 L 3
9799 R 2
9800 L 1
9801 R 6
9802 L 1
9803 L 3
9804 R 2
9805 L 1
9806 L 5
9807 R 2
9808 L 1
9809 R 4
9810 L 1
9811 L 3
9812 R 2
9813 L 1
9814 L 11
9815 R 2
9816 L 1
9817 R 4
9818 L 1
9819 L 3
9820 R 2
9821 L 1
9822 R 6
9823 L 1
9824 L 3
9825 R 2
9826 L 1
9827 L 5
9828 R 2
9829 L 1
9830 R 4
9831 L 1
9832 L 3
9833 R 2
9834 L 1
9835 R 8
9836 L 1
9837 L 3
9838 R 2
9839 L 1
9840 L 5
9841 R 2
9842 L 1
9843 R 4
9844 L 1
9845 L 3
9846 R 2
9847 L 1
9848 L 7
9849 R 2
9850 L 1
9851 R 4
9852 L 1
9853 L 3
9854 R 2
9855 L 1
9856 R 6
9857 L 1
9858 L 3
9859 R 2
9860 L 1
9861 L 5
9862 R 2
9863 L 1
9864 R 4
9865 L 1
9866 L 3
9867 R 2
9868 L 1
9869 R 10
9870 L 1
9871 L 3
9872 R 2
9873 L 1
9874 L 5
9875 R 2
9876 L 1
9877 R 4
9878 L 1
9879 L 3
9880 R 2
9881 L 1
9882 L 7
9883 R 2
9884 L 1
9885 R 4
9886 L 1
9887 L 3
9888 R 2
9889 L 1
9890 R 6
9891 L 1
9892 L 3
9893 R 2
9894 L 1
9895 L 5
9896 R 2
9897 L 1
9898 R 4
9899 L 1
9900 L 3
9901 R 2
9902 L 1
9903 L 9
9904 R 2
9905 L 1
9906 R 4
9907 L 1
9908 L 3
9909 R 2
9910 L 1
9911 R 6
9912 L 1
9913 L 3
9914 R 2
9915 L 1
9916 L 5
9917 R 2
9918 L 1
9919 R 4
9920 L 1
9921 L 3
9922 R 2
9923 L 1
9924 R 8
9925 L 1
9926 L 3
9927 R 2
9928 L 1
9929 L 5
9930 R 2
9931 L 1
9932 R 4
9933 L 1
9934 L 3
9935 R 2
9936 L 1
9937 L 7
9938 R 2
9939 L 1
9940 R 4
9941 L 1
9942 L 3
9943 R 2
9944 L 1
9945 R 6
9946 L 1
9947 L 3
9948 R 2
9949 L 1
9950 L 5
9951 R 2
9952 L 1
9953 R 4
9954 L 1
9955 L 3
9956 R 2
9957 L 1
9958 L 15
9959 R 2
9960 L 1
9961 R 4
9962 L 1
9963 L 3
9964 R 2
9965 L 1
9966 R 6
9967 L 1
9968 L 3
9969 R 2
9970 L 1
9971 L 5
9972 R 2
9973 L 1
9974 R 4
9975 L 1
9976 L 3
9977 R 2
9978 L 1
9979 R 8
9980 L 1
9981 L 3
9982 R 2
9983 L 1
9984 L 5
9985 R 2
9986 L 1
9987 R 4
9988 L 1
9989 L 3
9990 R 2
9991 L 1
9992 L 7
9993 R 2
9994 L 1
9995 R 4
9996 L 1
9997 L 3
9998 R 2
9999 L 1
10000 R 6
