S 0 0 0! All-zero: 1 0
H 1 0 0! 1
F -1! 0 0 1
L 0 0 0! 2
F 0 0 0 0! All-zero: 2 2
H 0 1 0 0! 1
F -2! 1 0 0 1 Forbidden_jump
L -1 1 0! 1 1
F -1 -1! 0 1 1 Forbidden_jump
R 0 -1 0! 2 1
F 0 -1 0 0! 1
H 0 0 0 0! 2
F 0 0 0 0 0! All-zero: 3 6
H 0 0 1 0 0! 1
F -2! 0 1 0 0 1 Forbidden_jump
L -1 0 1! 1 0 1
F -1 0 -1! 1 0 1 Forbidden_jump
H 0 0 -1! 2 0 1
F 0 0 -1 0! 0 1
H 0 1 -1 0! 1 1
F 0 1 -1 0 -1! 1
H 0 1 0 0 -1! 2
F 0 1 0 0 -1 0!
H 0 1 0 1 -1 0! 1
F 0 1 0 -1! -1 0 1
H 0 2 0 -1! 0 0 1
F 0 0! 0 -1 0 0 1
R 1 0 0! 0 0 0 1
F -1! 0 0 0 0 0 1
L 0 0 0! 1 0 0 1
F -2! 0 0 1 0 0 1
L -1 0 0! 2 0 0 1
F -1 0 0 0! 0 0 1
H -1 1 0 0! 1 0 1
F -1 -1! 0 0 1 0 1
R 0 -1 0! 1 1 0 1
F 0 -1 0 -1! 1 0 1
H 0 0 0 -1! 2 0 1
F -2! 0 0 -1 2 0 1 Forbidden_jump
L -1 0 0! 0 2 0 1
F -1 0 0 0 0! 0 1 Forbidden_jump
H -1 0 1 0 0! 1 1
F -1 0 -1! 0 0 1 1
H 0 0 -1! 1 0 1 1
F -2! 0 -1 1 0 1 1
L -1 0 -1! 2 0 1 1
F -1 0 -1 0! 0 1 1
H -1 1 -1 0! 1 1 1
F -1 -1! -1 0 1 1 1
R 0 -1 -1! 1 1 1 1
F 0 -1 -1 -1! 1 1 1
H 0 0 -1 -1! 2 1 1
F 0 0 -1 -1 0! 1 1
H 0 0 0 -1 0! 2 1
F 0 0 0 -1 0 0! 1
H 0 0 0 0 0 0! 2
F 0 0 0 0 0 0 0! All-zero: 5 28
H 0 0 0 0 1 0 0! 1
F -2! 0 0 0 1 0 0 1 Forbidden_jump
L -1 0 0! 1 1 0 0 1
F -3! 0 0 1 1 0 0 1
L -2 0 0! 2 1 0 0 1
F -2 0 0 0! 1 0 0 1
H -2 1 0 0! 2 0 0 1
F -2 -1! 0 0 2 0 0 1
R -1 -1 0! 1 2 0 0 1
F -1 -1 0 -1! 2 0 0 1
H -1 0 0 -1! 3 0 0 1
F -3! 0 0 -1 3 0 0 1 Forbidden_jump
L -2 0 0! 0 3 0 0 1
F -2 0 0 0 1! 0 0 1 Forbidden_jump
H -2 0 1 0 1! 1 0 1
F -2 0 -1! 0 1 1 0 1
H -1 0 -1! 1 1 1 0 1
F -1 0 -1 1 -1! 1 0 1 Forbidden_jump
H -1 0 0 1 -1! 2 0 1
F -1 0 0 -1! -1 2 0 1 Forbidden_jump
H -1 1 0 -1! 0 2 0 1
F -1 -1! 0 -1 0 2 0 1
R 0 -1 0! 0 0 2 0 1
F 0 -1 0 0 0 0! 0 1 Forbidden_jump
H 0 -1 0 1 0 0! 1 1
F 0 -1 0 -1! 0 0 1 1
H 0 0 0 -1! 1 0 1 1
F -2! 0 0 -1 1 0 1 1 Forbidden_jump
L -1 0 0! 0 1 0 1 1
F -3! 0 0 0 1 0 1 1
L -2 0 0! 1 1 0 1 1
F -4! 0 0 1 1 0 1 1
L -3 0 0! 2 1 0 1 1
F -3 0 0 0! 1 0 1 1
H -3 1 0 0! 2 0 1 1
F -3 -1! 0 0 2 0 1 1
R -2 -1 0! 1 2 0 1 1
F -2 -1 0 -1! 2 0 1 1
H -2 0 0 -1! 3 0 1 1
F -4! 0 0 -1 3 0 1 1 Forbidden_jump
L -3 0 0! 0 3 0 1 1
F -3 0 0 0 1! 0 1 1 Forbidden_jump
H -3 0 1 0 1! 1 1 1
F -3 0 -1! 0 1 1 1 1
H -2 0 -1! 1 1 1 1 1
F -2 0 -1 1 -1! 1 1 1 Forbidden_jump
H -2 0 0 1 -1! 2 1 1
F -2 0 0 -1! -1 2 1 1 Forbidden_jump
H -2 1 0 -1! 0 2 1 1
F -2 -1! 0 -1 0 2 1 1
R -1 -1 0! 0 0 2 1 1
F -1 -1 0 0 0 0! 1 1 Forbidden_jump
H -1 -1 0 1 0 0! 2 1
F -1 -1 0 -1! 0 0 2 1
H -1 0 0 -1! 1 0 2 1
F -3! 0 0 -1 1 0 2 1 Forbidden_jump
L -2 0 0! 0 1 0 2 1
F -2 0 0 0 1 0 0! 1 Forbidden_jump
H -2 0 0 0 2 0 0! 2
F -2 0 0 0 0! 0 0 2
H -2 0 1 0 0! 1 0 2
F -2 0 -1! 0 0 1 0 2
H -1 0 -1! 1 0 1 0 2
F -1 0 -1 1 0 1 0 0! Forbidden_jump
H -1 0 -1 1 0 2 0 0! 1
F -1 0 -1 1 0 0! 0 0 1
H -1 0 -1 2 0 0! 1 0 1
F -1 0 -1 0! 0 0 1 0 1
H -1 1 -1 0! 1 0 1 0 1
F -1 -1! -1 0 1 0 1 0 1
R 0 -1 -1! 1 1 0 1 0 1
F 0 -1 -1 -1! 1 0 1 0 1
H 0 0 -1 -1! 2 0 1 0 1
F 0 0 -1 -1 0! 0 1 0 1
H 0 0 0 -1 0! 1 1 0 1
F -2! 0 0 -1 0 1 1 0 1 Forbidden_jump
L -1 0 0! 0 0 1 1 0 1
F -3! 0 0 0 0 1 1 0 1
L -2 0 0! 1 0 1 1 0 1
F -4! 0 0 1 0 1 1 0 1
L -3 0 0! 2 0 1 1 0 1
F -3 0 0 0! 0 1 1 0 1
H -3 1 0 0! 1 1 1 0 1
F -3 -1! 0 0 1 1 1 0 1
R -2 -1 0! 1 1 1 1 0 1
F -2 -1 0 -1! 1 1 1 0 1
H -2 0 0 -1! 2 1 1 0 1
F -4! 0 0 -1 2 1 1 0 1 Forbidden_jump
L -3 0 0! 0 2 1 1 0 1
F -3 0 0 0 0! 1 1 0 1 Forbidden_jump
H -3 0 1 0 0! 2 1 0 1
F -3 0 -1! 0 0 2 1 0 1
H -2 0 -1! 1 0 2 1 0 1
F -2 0 -1 1 0 0! 1 0 1 Forbidden_jump
H -2 0 -1 2 0 0! 2 0 1
F -2 0 -1 0! 0 0 2 0 1
H -2 1 -1 0! 1 0 2 0 1
F -2 -1! -1 0 1 0 2 0 1
R -1 -1 -1! 1 1 0 2 0 1
F -1 -1 -1 -1! 1 0 2 0 1
H -1 0 -1 -1! 2 0 2 0 1
F -1 0 -1 -1 0! 0 2 0 1
H -1 0 0 -1 0! 1 2 0 1
F -3! 0 0 -1 0 1 2 0 1 Forbidden_jump
L -2 0 0! 0 0 1 2 0 1
F -2 0 0 0 0 1 0! 0 1 Forbidden_jump
H -2 0 0 0 1 1 0! 1 1
F -4! 0 0 0 1 1 0 1 1 Forbidden_jump
L -3 0 0! 1 1 1 0 1 1
F -5! 0 0 1 1 1 0 1 1
L -4 0 0! 2 1 1 0 1 1
F -4 0 0 0! 1 1 0 1 1
H -4 1 0 0! 2 1 0 1 1
F -4 -1! 0 0 2 1 0 1 1
R -3 -1 0! 1 2 1 0 1 1
F -3 -1 0 -1! 2 1 0 1 1
H -3 0 0 -1! 3 1 0 1 1
F -5! 0 0 -1 3 1 0 1 1 Forbidden_jump
L -4 0 0! 0 3 1 0 1 1
F -4 0 0 0 1! 1 0 1 1 Forbidden_jump
H -4 0 1 0 1! 2 0 1 1
F -4 0 -1! 0 1 2 0 1 1
H -3 0 -1! 1 1 2 0 1 1
F -3 0 -1 1 -1! 2 0 1 1 Forbidden_jump
H -3 0 0 1 -1! 3 0 1 1
F -3 0 0 -1! -1 3 0 1 1 Forbidden_jump
H -3 1 0 -1! 0 3 0 1 1
F -3 -1! 0 -1 0 3 0 1 1
R -2 -1 0! 0 0 3 0 1 1
F -2 -1 0 0 0 1! 0 1 1 Forbidden_jump
H -2 -1 0 1 0 1! 1 1 1
F -2 -1 0 -1! 0 1 1 1 1
H -2 0 0 -1! 1 1 1 1 1
F -4! 0 0 -1 1 1 1 1 1 Forbidden_jump
L -3 0 0! 0 1 1 1 1 1
F -5! 0 0 0 1 1 1 1 1
L -4 0 0! 1 1 1 1 1 1
F -6! 0 0 1 1 1 1 1 1
L -5 0 0! 2 1 1 1 1 1
F -5 0 0 0! 1 1 1 1 1
H -5 1 0 0! 2 1 1 1 1
F -5 -1! 0 0 2 1 1 1 1
R -4 -1 0! 1 2 1 1 1 1
F -4 -1 0 -1! 2 1 1 1 1
H -4 0 0 -1! 3 1 1 1 1
F -6! 0 0 -1 3 1 1 1 1 Forbidden_jump
L -5 0 0! 0 3 1 1 1 1
F -5 0 0 0 1! 1 1 1 1 Forbidden_jump
H -5 0 1 0 1! 2 1 1 1
F -5 0 -1! 0 1 2 1 1 1
H -4 0 -1! 1 1 2 1 1 1
F -4 0 -1 1 -1! 2 1 1 1 Forbidden_jump
H -4 0 0 1 -1! 3 1 1 1
F -4 0 0 -1! -1 3 1 1 1 Forbidden_jump
H -4 1 0 -1! 0 3 1 1 1
F -4 -1! 0 -1 0 3 1 1 1
R -3 -1 0! 0 0 3 1 1 1
F -3 -1 0 0 0 1! 1 1 1 Forbidden_jump
H -3 -1 0 1 0 1! 2 1 1
F -3 -1 0 -1! 0 1 2 1 1
H -3 0 0 -1! 1 1 2 1 1
F -5! 0 0 -1 1 1 2 1 1 Forbidden_jump
L -4 0 0! 0 1 1 2 1 1
F -4 0 0 0 1 1 0! 1 1 Forbidden_jump
H -4 0 0 0 2 1 0! 2 1
F -4 0 0 0 0! 1 0 2 1
H -4 0 1 0 0! 2 0 2 1
F -4 0 -1! 0 0 2 0 2 1
H -3 0 -1! 1 0 2 0 2 1
F -3 0 -1 1 0 0! 0 2 1 Forbidden_jump
H -3 0 -1 2 0 0! 1 2 1
F -3 0 -1 0! 0 0 1 2 1
H -3 1 -1 0! 1 0 1 2 1
F -3 -1! -1 0 1 0 1 2 1
R -2 -1 -1! 1 1 0 1 2 1
F -2 -1 -1 -1! 1 0 1 2 1
H -2 0 -1 -1! 2 0 1 2 1
F -2 0 -1 -1 0! 0 1 2 1
H -2 0 0 -1 0! 1 1 2 1
F -4! 0 0 -1 0 1 1 2 1 Forbidden_jump
L -3 0 0! 0 0 1 1 2 1
F -3 0 0 0 0 1 1 0! 1 Forbidden_jump
H -3 0 0 0 0 2 1 0! 2
F -3 0 0 0 0 0! 1 0 2
H -3 0 0 1 0 0! 2 0 2
F -3 0 0 1 0 0 0! 0 2
H -3 0 0 1 1 0 0! 1 2
F -3 0 0 1 1 0 0 1 0! Forbidden_jump
H -3 0 0 1 1 0 1 1 0! 1
F -5! 0 0 1 1 0 1 1 0 1 Forbidden_jump
L -4 0 0! 2 1 0 1 1 0 1
F -4 0 0 0! 1 0 1 1 0 1
H -4 1 0 0! 2 0 1 1 0 1
F -4 -1! 0 0 2 0 1 1 0 1
R -3 -1 0! 1 2 0 1 1 0 1
F -3 -1 0 -1! 2 0 1 1 0 1
H -3 0 0 -1! 3 0 1 1 0 1
F -5! 0 0 -1 3 0 1 1 0 1 Forbidden_jump
L -4 0 0! 0 3 0 1 1 0 1
F -4 0 0 0 1! 0 1 1 0 1 Forbidden_jump
H -4 0 1 0 1! 1 1 1 0 1
F -4 0 -1! 0 1 1 1 1 0 1
H -3 0 -1! 1 1 1 1 1 0 1
F -3 0 -1 1 -1! 1 1 1 0 1 Forbidden_jump
H -3 0 0 1 -1! 2 1 1 0 1
F -3 0 0 -1! -1 2 1 1 0 1 Forbidden_jump
H -3 1 0 -1! 0 2 1 1 0 1
F -3 -1! 0 -1 0 2 1 1 0 1
R -2 -1 0! 0 0 2 1 1 0 1
F -2 -1 0 0 0 0! 1 1 0 1 Forbidden_jump
H -2 -1 0 1 0 0! 2 1 0 1
F -2 -1 0 -1! 0 0 2 1 0 1
H -2 0 0 -1! 1 0 2 1 0 1
F -4! 0 0 -1 1 0 2 1 0 1 Forbidden_jump
L -3 0 0! 0 1 0 2 1 0 1
F -3 0 0 0 1 0 0! 1 0 1 Forbidden_jump
H -3 0 0 0 2 0 0! 2 0 1
F -3 0 0 0 0! 0 0 2 0 1
H -3 0 1 0 0! 1 0 2 0 1
F -3 0 -1! 0 0 1 0 2 0 1
H -2 0 -1! 1 0 1 0 2 0 1
F -2 0 -1 1 0 1 0 0! 0 1 Forbidden_jump
H -2 0 -1 1 0 2 0 0! 1 1
F -2 0 -1 1 0 0! 0 0 1 1
H -2 0 -1 2 0 0! 1 0 1 1
F -2 0 -1 0! 0 0 1 0 1 1
H -2 1 -1 0! 1 0 1 0 1 1
F -2 -1! -1 0 1 0 1 0 1 1
R -1 -1 -1! 1 1 0 1 0 1 1
F -1 -1 -1 -1! 1 0 1 0 1 1
H -1 0 -1 -1! 2 0 1 0 1 1
F -1 0 -1 -1 0! 0 1 0 1 1
H -1 0 0 -1 0! 1 1 0 1 1
F -3! 0 0 -1 0 1 1 0 1 1 Forbidden_jump
L -2 0 0! 0 0 1 1 0 1 1
F -4! 0 0 0 0 1 1 0 1 1
L -3 0 0! 1 0 1 1 0 1 1
F -5! 0 0 1 0 1 1 0 1 1
L -4 0 0! 2 0 1 1 0 1 1
F -4 0 0 0! 0 1 1 0 1 1
H -4 1 0 0! 1 1 1 0 1 1
F -4 -1! 0 0 1 1 1 0 1 1
R -3 -1 0! 1 1 1 1 0 1 1
F -3 -1 0 -1! 1 1 1 0 1 1
H -3 0 0 -1! 2 1 1 0 1 1
F -5! 0 0 -1 2 1 1 0 1 1 Forbidden_jump
L -4 0 0! 0 2 1 1 0 1 1
F -4 0 0 0 0! 1 1 0 1 1 Forbidden_jump
H -4 0 1 0 0! 2 1 0 1 1
F -4 0 -1! 0 0 2 1 0 1 1
H -3 0 -1! 1 0 2 1 0 1 1
F -3 0 -1 1 0 0! 1 0 1 1 Forbidden_jump
H -3 0 -1 2 0 0! 2 0 1 1
F -3 0 -1 0! 0 0 2 0 1 1
H -3 1 -1 0! 1 0 2 0 1 1
F -3 -1! -1 0 1 0 2 0 1 1
R -2 -1 -1! 1 1 0 2 0 1 1
F -2 -1 -1 -1! 1 0 2 0 1 1
H -2 0 -1 -1! 2 0 2 0 1 1
F -2 0 -1 -1 0! 0 2 0 1 1
H -2 0 0 -1 0! 1 2 0 1 1
F -4! 0 0 -1 0 1 2 0 1 1 Forbidden_jump
L -3 0 0! 0 0 1 2 0 1 1
F -3 0 0 0 0 1 0! 0 1 1 Forbidden_jump
H -3 0 0 0 1 1 0! 1 1 1
F -5! 0 0 0 1 1 0 1 1 1 Forbidden_jump
L -4 0 0! 1 1 1 0 1 1 1
F -6! 0 0 1 1 1 0 1 1 1
L -5 0 0! 2 1 1 0 1 1 1
F -5 0 0 0! 1 1 0 1 1 1
H -5 1 0 0! 2 1 0 1 1 1
F -5 -1! 0 0 2 1 0 1 1 1
R -4 -1 0! 1 2 1 0 1 1 1
F -4 -1 0 -1! 2 1 0 1 1 1
H -4 0 0 -1! 3 1 0 1 1 1
F -6! 0 0 -1 3 1 0 1 1 1 Forbidden_jump
L -5 0 0! 0 3 1 0 1 1 1
F -5 0 0 0 1! 1 0 1 1 1 Forbidden_jump
H -5 0 1 0 1! 2 0 1 1 1
F -5 0 -1! 0 1 2 0 1 1 1
H -4 0 -1! 1 1 2 0 1 1 1
F -4 0 -1 1 -1! 2 0 1 1 1 Forbidden_jump
H -4 0 0 1 -1! 3 0 1 1 1
F -4 0 0 -1! -1 3 0 1 1 1 Forbidden_jump
H -4 1 0 -1! 0 3 0 1 1 1
F -4 -1! 0 -1 0 3 0 1 1 1
R -3 -1 0! 0 0 3 0 1 1 1
F -3 -1 0 0 0 1! 0 1 1 1 Forbidden_jump
H -3 -1 0 1 0 1! 1 1 1 1
F -3 -1 0 -1! 0 1 1 1 1 1
H -3 0 0 -1! 1 1 1 1 1 1
F -5! 0 0 -1 1 1 1 1 1 1 Forbidden_jump
L -4 0 0! 0 1 1 1 1 1 1
F -6! 0 0 0 1 1 1 1 1 1
L -5 0 0! 1 1 1 1 1 1 1
F -7! 0 0 1 1 1 1 1 1 1
L -6 0 0! 2 1 1 1 1 1 1
F -6 0 0 0! 1 1 1 1 1 1
H -6 1 0 0! 2 1 1 1 1 1
F -6 -1! 0 0 2 1 1 1 1 1
R -5 -1 0! 1 2 1 1 1 1 1
F -5 -1 0 -1! 2 1 1 1 1 1
H -5 0 0 -1! 3 1 1 1 1 1
F -7! 0 0 -1 3 1 1 1 1 1 Forbidden_jump
L -6 0 0! 0 3 1 1 1 1 1
F -6 0 0 0 1! 1 1 1 1 1 Forbidden_jump
H -6 0 1 0 1! 2 1 1 1 1
F -6 0 -1! 0 1 2 1 1 1 1
H -5 0 -1! 1 1 2 1 1 1 1
F -5 0 -1 1 -1! 2 1 1 1 1 Forbidden_jump
H -5 0 0 1 -1! 3 1 1 1 1
F -5 0 0 -1! -1 3 1 1 1 1 Forbidden_jump
H -5 1 0 -1! 0 3 1 1 1 1
F -5 -1! 0 -1 0 3 1 1 1 1
R -4 -1 0! 0 0 3 1 1 1 1
F -4 -1 0 0 0 1! 1 1 1 1 Forbidden_jump
H -4 -1 0 1 0 1! 2 1 1 1
F -4 -1 0 -1! 0 1 2 1 1 1
H -4 0 0 -1! 1 1 2 1 1 1
F -6! 0 0 -1 1 1 2 1 1 1 Forbidden_jump
L -5 0 0! 0 1 1 2 1 1 1
F -5 0 0 0 1 1 0! 1 1 1 Forbidden_jump
H -5 0 0 0 2 1 0! 2 1 1
F -5 0 0 0 0! 1 0 2 1 1
H -5 0 1 0 0! 2 0 2 1 1
F -5 0 -1! 0 0 2 0 2 1 1
H -4 0 -1! 1 0 2 0 2 1 1
F -4 0 -1 1 0 0! 0 2 1 1 Forbidden_jump
H -4 0 -1 2 0 0! 1 2 1 1
F -4 0 -1 0! 0 0 1 2 1 1
H -4 1 -1 0! 1 0 1 2 1 1
F -4 -1! -1 0 1 0 1 2 1 1
R -3 -1 -1! 1 1 0 1 2 1 1
F -3 -1 -1 -1! 1 0 1 2 1 1
H -3 0 -1 -1! 2 0 1 2 1 1
F -3 0 -1 -1 0! 0 1 2 1 1
H -3 0 0 -1 0! 1 1 2 1 1
F -5! 0 0 -1 0 1 1 2 1 1 Forbidden_jump
L -4 0 0! 0 0 1 1 2 1 1
F -4 0 0 0 0 1 1 0! 1 1 Forbidden_jump
H -4 0 0 0 0 2 1 0! 2 1
F -4 0 0 0 0 0! 1 0 2 1
H -4 0 0 1 0 0! 2 0 2 1
F -4 0 0 1 0 0 0! 0 2 1
H -4 0 0 1 1 0 0! 1 2 1
F -4 0 0 1 1 0 0 1 0! 1 Forbidden_jump
H -4 0 0 1 1 0 1 1 0! 2
F -4 0 0 1 1 0 1 1 0 0!
H -4 0 0 1 1 0 1 2 0 0! 1
F -4 0 0 1 1 0 1 0! 0 0 1
H -4 0 0 1 1 1 1 0! 1 0 1
F -6! 0 0 1 1 1 1 0 1 0 1 Forbidden_jump
L -5 0 0! 2 1 1 1 0 1 0 1
F -5 0 0 0! 1 1 1 0 1 0 1
H -5 1 0 0! 2 1 1 0 1 0 1
F -5 -1! 0 0 2 1 1 0 1 0 1
R -4 -1 0! 1 2 1 1 0 1 0 1
F -4 -1 0 -1! 2 1 1 0 1 0 1
H -4 0 0 -1! 3 1 1 0 1 0 1
F -6! 0 0 -1 3 1 1 0 1 0 1 Forbidden_jump
L -5 0 0! 0 3 1 1 0 1 0 1
F -5 0 0 0 1! 1 1 0 1 0 1 Forbidden_jump
H -5 0 1 0 1! 2 1 0 1 0 1
F -5 0 -1! 0 1 2 1 0 1 0 1
H -4 0 -1! 1 1 2 1 0 1 0 1
F -4 0 -1 1 -1! 2 1 0 1 0 1 Forbidden_jump
H -4 0 0 1 -1! 3 1 0 1 0 1
F -4 0 0 -1! -1 3 1 0 1 0 1 Forbidden_jump
H -4 1 0 -1! 0 3 1 0 1 0 1
F -4 -1! 0 -1 0 3 1 0 1 0 1
R -3 -1 0! 0 0 3 1 0 1 0 1
F -3 -1 0 0 0 1! 1 0 1 0 1 Forbidden_jump
H -3 -1 0 1 0 1! 2 0 1 0 1
F -3 -1 0 -1! 0 1 2 0 1 0 1
H -3 0 0 -1! 1 1 2 0 1 0 1
F -5! 0 0 -1 1 1 2 0 1 0 1 Forbidden_jump
L -4 0 0! 0 1 1 2 0 1 0 1
F -4 0 0 0 1 1 0! 0 1 0 1 Forbidden_jump
H -4 0 0 0 2 1 0! 1 1 0 1
F -4 0 0 0 0! 1 0 1 1 0 1
H -4 0 1 0 0! 2 0 1 1 0 1
F -4 0 -1! 0 0 2 0 1 1 0 1
H -3 0 -1! 1 0 2 0 1 1 0 1
F -3 0 -1 1 0 0! 0 1 1 0 1 Forbidden_jump
H -3 0 -1 2 0 0! 1 1 1 0 1
F -3 0 -1 0! 0 0 1 1 1 0 1
H -3 1 -1 0! 1 0 1 1 1 0 1
F -3 -1! -1 0 1 0 1 1 1 0 1
R -2 -1 -1! 1 1 0 1 1 1 0 1
F -2 -1 -1 -1! 1 0 1 1 1 0 1
H -2 0 -1 -1! 2 0 1 1 1 0 1
F -2 0 -1 -1 0! 0 1 1 1 0 1
H -2 0 0 -1 0! 1 1 1 1 0 1
F -4! 0 0 -1 0 1 1 1 1 0 1 Forbidden_jump
L -3 0 0! 0 0 1 1 1 1 0 1
F -5! 0 0 0 0 1 1 1 1 0 1
L -4 0 0! 1 0 1 1 1 1 0 1
F -6! 0 0 1 0 1 1 1 1 0 1
L -5 0 0! 2 0 1 1 1 1 0 1
F -5 0 0 0! 0 1 1 1 1 0 1
H -5 1 0 0! 1 1 1 1 1 0 1
F -5 -1! 0 0 1 1 1 1 1 0 1
R -4 -1 0! 1 1 1 1 1 1 0 1
F -4 -1 0 -1! 1 1 1 1 1 0 1
H -4 0 0 -1! 2 1 1 1 1 0 1
F -6! 0 0 -1 2 1 1 1 1 0 1 Forbidden_jump
L -5 0 0! 0 2 1 1 1 1 0 1
F -5 0 0 0 0! 1 1 1 1 0 1 Forbidden_jump
H -5 0 1 0 0! 2 1 1 1 0 1
F -5 0 -1! 0 0 2 1 1 1 0 1
H -4 0 -1! 1 0 2 1 1 1 0 1
F -4 0 -1 1 0 0! 1 1 1 0 1 Forbidden_jump
H -4 0 -1 2 0 0! 2 1 1 0 1
F -4 0 -1 0! 0 0 2 1 1 0 1
H -4 1 -1 0! 1 0 2 1 1 0 1
F -4 -1! -1 0 1 0 2 1 1 0 1
R -3 -1 -1! 1 1 0 2 1 1 0 1
F -3 -1 -1 -1! 1 0 2 1 1 0 1
H -3 0 -1 -1! 2 0 2 1 1 0 1
F -3 0 -1 -1 0! 0 2 1 1 0 1
H -3 0 0 -1 0! 1 2 1 1 0 1
F -5! 0 0 -1 0 1 2 1 1 0 1 Forbidden_jump
L -4 0 0! 0 0 1 2 1 1 0 1
F -4 0 0 0 0 1 0! 1 1 0 1 Forbidden_jump
H -4 0 0 0 1 1 0! 2 1 0 1
F -4 0 0 0 1 1 0 0! 1 0 1
H -4 0 0 0 1 2 0 0! 2 0 1
F -4 0 0 0 1 0! 0 0 2 0 1
H -4 0 0 1 1 0! 1 0 2 0 1
F -4 0 0 1 1 0 1 0 0! 0 1 Forbidden_jump
H -4 0 0 1 1 0 2 0 0! 1 1
F -4 0 0 1 1 0 0! 0 0 1 1
H -4 0 0 1 2 0 0! 1 0 1 1
F -4 0 0 1 0! 0 0 1 0 1 1
H -4 0 1 1 0! 1 0 1 0 1 1
F -4 0 -1! 1 0 1 0 1 0 1 1
H -3 0 -1! 2 0 1 0 1 0 1 1
F -3 0 -1 0! 0 1 0 1 0 1 1
H -3 1 -1 0! 1 1 0 1 0 1 1
F -3 -1! -1 0 1 1 0 1 0 1 1
R -2 -1 -1! 1 1 1 0 1 0 1 1
F -2 -1 -1 -1! 1 1 0 1 0 1 1
H -2 0 -1 -1! 2 1 0 1 0 1 1
F -2 0 -1 -1 0! 1 0 1 0 1 1
H -2 0 0 -1 0! 2 0 1 0 1 1
F -2 0 0 -1 0 0! 0 1 0 1 1
H -2 0 0 0 0 0! 1 1 0 1 1
F -4! 0 0 0 0 0 1 1 0 1 1 Forbidden_jump
L -3 0 0! 1 0 0 1 1 0 1 1
F -5! 0 0 1 0 0 1 1 0 1 1
L -4 0 0! 2 0 0 1 1 0 1 1
F -4 0 0 0! 0 0 1 1 0 1 1
H -4 1 0 0! 1 0 1 1 0 1 1
F -4 -1! 0 0 1 0 1 1 0 1 1
R -3 -1 0! 1 1 0 1 1 0 1 1
F -3 -1 0 -1! 1 0 1 1 0 1 1
H -3 0 0 -1! 2 0 1 1 0 1 1
F -5! 0 0 -1 2 0 1 1 0 1 1 Forbidden_jump
L -4 0 0! 0 2 0 1 1 0 1 1
F -4 0 0 0 0! 0 1 1 0 1 1 Forbidden_jump
H -4 0 1 0 0! 1 1 1 0 1 1
F -4 0 -1! 0 0 1 1 1 0 1 1
H -3 0 -1! 1 0 1 1 1 0 1 1
F -5! 0 -1 1 0 1 1 1 0 1 1
L -4 0 -1! 2 0 1 1 1 0 1 1
F -4 0 -1 0! 0 1 1 1 0 1 1
H -4 1 -1 0! 1 1 1 1 0 1 1
F -4 -1! -1 0 1 1 1 1 0 1 1
R -3 -1 -1! 1 1 1 1 1 0 1 1
F -3 -1 -1 -1! 1 1 1 1 0 1 1
H -3 0 -1 -1! 2 1 1 1 0 1 1
F -3 0 -1 -1 0! 1 1 1 0 1 1
H -3 0 0 -1 0! 2 1 1 0 1 1
F -3 0 0 -1 0 0! 1 1 0 1 1
H -3 0 0 0 0 0! 2 1 0 1 1
F -3 0 0 0 0 0 0! 1 0 1 1
H -3 0 0 0 1 0 0! 2 0 1 1
F -3 0 0 0 1 0 0 0! 0 1 1
H -3 0 0 0 1 1 0 0! 1 1 1
F -5! 0 0 0 1 1 0 0 1 1 1 Forbidden_jump
L -4 0 0! 1 1 1 0 0 1 1 1
F -6! 0 0 1 1 1 0 0 1 1 1
L -5 0 0! 2 1 1 0 0 1 1 1
F -5 0 0 0! 1 1 0 0 1 1 1
H -5 1 0 0! 2 1 0 0 1 1 1
F -5 -1! 0 0 2 1 0 0 1 1 1
R -4 -1 0! 1 2 1 0 0 1 1 1
F -4 -1 0 -1! 2 1 0 0 1 1 1
H -4 0 0 -1! 3 1 0 0 1 1 1
F -6! 0 0 -1 3 1 0 0 1 1 1 Forbidden_jump
L -5 0 0! 0 3 1 0 0 1 1 1
F -5 0 0 0 1! 1 0 0 1 1 1 Forbidden_jump
H -5 0 1 0 1! 2 0 0 1 1 1
F -5 0 -1! 0 1 2 0 0 1 1 1
H -4 0 -1! 1 1 2 0 0 1 1 1
F -4 0 -1 1 -1! 2 0 0 1 1 1 Forbidden_jump
H -4 0 0 1 -1! 3 0 0 1 1 1
F -4 0 0 -1! -1 3 0 0 1 1 1 Forbidden_jump
H -4 1 0 -1! 0 3 0 0 1 1 1
F -4 -1! 0 -1 0 3 0 0 1 1 1
R -3 -1 0! 0 0 3 0 0 1 1 1
F -3 -1 0 0 0 1! 0 0 1 1 1 Forbidden_jump
H -3 -1 0 1 0 1! 1 0 1 1 1
F -3 -1 0 -1! 0 1 1 0 1 1 1
H -3 0 0 -1! 1 1 1 0 1 1 1
F -5! 0 0 -1 1 1 1 0 1 1 1 Forbidden_jump
L -4 0 0! 0 1 1 1 0 1 1 1
F -6! 0 0 0 1 1 1 0 1 1 1
L -5 0 0! 1 1 1 1 0 1 1 1
F -7! 0 0 1 1 1 1 0 1 1 1
L -6 0 0! 2 1 1 1 0 1 1 1
F -6 0 0 0! 1 1 1 0 1 1 1
H -6 1 0 0! 2 1 1 0 1 1 1
F -6 -1! 0 0 2 1 1 0 1 1 1
R -5 -1 0! 1 2 1 1 0 1 1 1
F -5 -1 0 -1! 2 1 1 0 1 1 1
H -5 0 0 -1! 3 1 1 0 1 1 1
F -7! 0 0 -1 3 1 1 0 1 1 1 Forbidden_jump
L -6 0 0! 0 3 1 1 0 1 1 1
F -6 0 0 0 1! 1 1 0 1 1 1 Forbidden_jump
H -6 0 1 0 1! 2 1 0 1 1 1
F -6 0 -1! 0 1 2 1 0 1 1 1
H -5 0 -1! 1 1 2 1 0 1 1 1
F -5 0 -1 1 -1! 2 1 0 1 1 1 Forbidden_jump
H -5 0 0 1 -1! 3 1 0 1 1 1
F -5 0 0 -1! -1 3 1 0 1 1 1 Forbidden_jump
H -5 1 0 -1! 0 3 1 0 1 1 1
F -5 -1! 0 -1 0 3 1 0 1 1 1
R -4 -1 0! 0 0 3 1 0 1 1 1
F -4 -1 0 0 0 1! 1 0 1 1 1 Forbidden_jump
H -4 -1 0 1 0 1! 2 0 1 1 1
F -4 -1 0 -1! 0 1 2 0 1 1 1
H -4 0 0 -1! 1 1 2 0 1 1 1
F -6! 0 0 -1 1 1 2 0 1 1 1 Forbidden_jump
L -5 0 0! 0 1 1 2 0 1 1 1
F -5 0 0 0 1 1 0! 0 1 1 1 Forbidden_jump
H -5 0 0 0 2 1 0! 1 1 1 1
F -5 0 0 0 0! 1 0 1 1 1 1
H -5 0 1 0 0! 2 0 1 1 1 1
F -5 0 -1! 0 0 2 0 1 1 1 1
H -4 0 -1! 1 0 2 0 1 1 1 1
F -4 0 -1 1 0 0! 0 1 1 1 1 Forbidden_jump
H -4 0 -1 2 0 0! 1 1 1 1 1
F -4 0 -1 0! 0 0 1 1 1 1 1
H -4 1 -1 0! 1 0 1 1 1 1 1
F -4 -1! -1 0 1 0 1 1 1 1 1
R -3 -1 -1! 1 1 0 1 1 1 1 1
F -3 -1 -1 -1! 1 0 1 1 1 1 1
H -3 0 -1 -1! 2 0 1 1 1 1 1
F -3 0 -1 -1 0! 0 1 1 1 1 1
H -3 0 0 -1 0! 1 1 1 1 1 1
F -5! 0 0 -1 0 1 1 1 1 1 1 Forbidden_jump
L -4 0 0! 0 0 1 1 1 1 1 1
F -6! 0 0 0 0 1 1 1 1 1 1
L -5 0 0! 1 0 1 1 1 1 1 1
F -7! 0 0 1 0 1 1 1 1 1 1
L -6 0 0! 2 0 1 1 1 1 1 1
F -6 0 0 0! 0 1 1 1 1 1 1
H -6 1 0 0! 1 1 1 1 1 1 1
F -6 -1! 0 0 1 1 1 1 1 1 1
R -5 -1 0! 1 1 1 1 1 1 1 1
F -5 -1 0 -1! 1 1 1 1 1 1 1
H -5 0 0 -1! 2 1 1 1 1 1 1
F -7! 0 0 -1 2 1 1 1 1 1 1 Forbidden_jump
L -6 0 0! 0 2 1 1 1 1 1 1
F -6 0 0 0 0! 1 1 1 1 1 1 Forbidden_jump
H -6 0 1 0 0! 2 1 1 1 1 1
F -6 0 -1! 0 0 2 1 1 1 1 1
H -5 0 -1! 1 0 2 1 1 1 1 1
F -5 0 -1 1 0 0! 1 1 1 1 1 Forbidden_jump
H -5 0 -1 2 0 0! 2 1 1 1 1
F -5 0 -1 0! 0 0 2 1 1 1 1
H -5 1 -1 0! 1 0 2 1 1 1 1
F -5 -1! -1 0 1 0 2 1 1 1 1
R -4 -1 -1! 1 1 0 2 1 1 1 1
F -4 -1 -1 -1! 1 0 2 1 1 1 1
H -4 0 -1 -1! 2 0 2 1 1 1 1
F -4 0 -1 -1 0! 0 2 1 1 1 1
H -4 0 0 -1 0! 1 2 1 1 1 1
F -6! 0 0 -1 0 1 2 1 1 1 1 Forbidden_jump
L -5 0 0! 0 0 1 2 1 1 1 1
F -5 0 0 0 0 1 0! 1 1 1 1 Forbidden_jump
H -5 0 0 0 1 1 0! 2 1 1 1
F -5 0 0 0 1 1 0 0! 1 1 1
H -5 0 0 0 1 2 0 0! 2 1 1
F -5 0 0 0 1 0! 0 0 2 1 1
H -5 0 0 1 1 0! 1 0 2 1 1
F -5 0 0 1 1 0 1 0 0! 1 1 Forbidden_jump
H -5 0 0 1 1 0 2 0 0! 2 1
F -5 0 0 1 1 0 0! 0 0 2 1
H -5 0 0 1 2 0 0! 1 0 2 1
F -5 0 0 1 0! 0 0 1 0 2 1
H -5 0 1 1 0! 1 0 1 0 2 1
F -5 0 -1! 1 0 1 0 1 0 2 1
H -4 0 -1! 2 0 1 0 1 0 2 1
F -4 0 -1 0! 0 1 0 1 0 2 1
H -4 1 -1 0! 1 1 0 1 0 2 1
F -4 -1! -1 0 1 1 0 1 0 2 1
R -3 -1 -1! 1 1 1 0 1 0 2 1
F -3 -1 -1 -1! 1 1 0 1 0 2 1
H -3 0 -1 -1! 2 1 0 1 0 2 1
F -3 0 -1 -1 0! 1 0 1 0 2 1
H -3 0 0 -1 0! 2 0 1 0 2 1
F -3 0 0 -1 0 0! 0 1 0 2 1
H -3 0 0 0 0 0! 1 1 0 2 1
F -3 0 0 0 0 0 1 1 0 0! 1 Forbidden_jump
H -3 0 0 0 0 0 1 2 0 0! 2
F -3 0 0 0 0 0 1 0! 0 0 2
H -3 0 0 0 0 1 1 0! 1 0 2
F -3 0 0 0 0 1 1 0 1 0 0! Forbidden_jump
H -3 0 0 0 0 1 1 0 2 0 0! 1
F -3 0 0 0 0 1 1 0 0! 0 0 1
H -3 0 0 0 0 1 2 0 0! 1 0 1
F -3 0 0 0 0 1 0! 0 0 1 0 1
H -3 0 0 0 1 1 0! 1 0 1 0 1
F -5! 0 0 0 1 1 0 1 0 1 0 1 Forbidden_jump
L -4 0 0! 1 1 1 0 1 0 1 0 1
F -6! 0 0 1 1 1 0 1 0 1 0 1
L -5 0 0! 2 1 1 0 1 0 1 0 1
F -5 0 0 0! 1 1 0 1 0 1 0 1
H -5 1 0 0! 2 1 0 1 0 1 0 1
F -5 -1! 0 0 2 1 0 1 0 1 0 1
R -4 -1 0! 1 2 1 0 1 0 1 0 1
F -4 -1 0 -1! 2 1 0 1 0 1 0 1
H -4 0 0 -1! 3 1 0 1 0 1 0 1
F -6! 0 0 -1 3 1 0 1 0 1 0 1 Forbidden_jump
L -5 0 0! 0 3 1 0 1 0 1 0 1
F -5 0 0 0 1! 1 0 1 0 1 0 1 Forbidden_jump
H -5 0 1 0 1! 2 0 1 0 1 0 1
F -5 0 -1! 0 1 2 0 1 0 1 0 1
H -4 0 -1! 1 1 2 0 1 0 1 0 1
F -4 0 -1 1 -1! 2 0 1 0 1 0 1 Forbidden_jump
H -4 0 0 1 -1! 3 0 1 0 1 0 1
F -4 0 0 -1! -1 3 0 1 0 1 0 1 Forbidden_jump
H -4 1 0 -1! 0 3 0 1 0 1 0 1
F -4 -1! 0 -1 0 3 0 1 0 1 0 1
R -3 -1 0! 0 0 3 0 1 0 1 0 1
F -3 -1 0 0 0 1! 0 1 0 1 0 1 Forbidden_jump
H -3 -1 0 1 0 1! 1 1 0 1 0 1
F -3 -1 0 -1! 0 1 1 1 0 1 0 1
H -3 0 0 -1! 1 1 1 1 0 1 0 1
F -5! 0 0 -1 1 1 1 1 0 1 0 1 Forbidden_jump
L -4 0 0! 0 1 1 1 1 0 1 0 1
F -6! 0 0 0 1 1 1 1 0 1 0 1
L -5 0 0! 1 1 1 1 1 0 1 0 1
F -7! 0 0 1 1 1 1 1 0 1 0 1
L -6 0 0! 2 1 1 1 1 0 1 0 1
F -6 0 0 0! 1 1 1 1 0 1 0 1
H -6 1 0 0! 2 1 1 1 0 1 0 1
F -6 -1! 0 0 2 1 1 1 0 1 0 1
R -5 -1 0! 1 2 1 1 1 0 1 0 1
F -5 -1 0 -1! 2 1 1 1 0 1 0 1
H -5 0 0 -1! 3 1 1 1 0 1 0 1
F -7! 0 0 -1 3 1 1 1 0 1 0 1 Forbidden_jump
L -6 0 0! 0 3 1 1 1 0 1 0 1
F -6 0 0 0 1! 1 1 1 0 1 0 1 Forbidden_jump
H -6 0 1 0 1! 2 1 1 0 1 0 1
F -6 0 -1! 0 1 2 1 1 0 1 0 1
H -5 0 -1! 1 1 2 1 1 0 1 0 1
F -5 0 -1 1 -1! 2 1 1 0 1 0 1 Forbidden_jump
H -5 0 0 1 -1! 3 1 1 0 1 0 1
F -5 0 0 -1! -1 3 1 1 0 1 0 1 Forbidden_jump
H -5 1 0 -1! 0 3 1 1 0 1 0 1
F -5 -1! 0 -1 0 3 1 1 0 1 0 1
R -4 -1 0! 0 0 3 1 1 0 1 0 1
F -4 -1 0 0 0 1! 1 1 0 1 0 1 Forbidden_jump
H -4 -1 0 1 0 1! 2 1 0 1 0 1
F -4 -1 0 -1! 0 1 2 1 0 1 0 1
H -4 0 0 -1! 1 1 2 1 0 1 0 1
F -6! 0 0 -1 1 1 2 1 0 1 0 1 Forbidden_jump
L -5 0 0! 0 1 1 2 1 0 1 0 1
F -5 0 0 0 1 1 0! 1 0 1 0 1 Forbidden_jump
H -5 0 0 0 2 1 0! 2 0 1 0 1
F -5 0 0 0 0! 1 0 2 0 1 0 1
H -5 0 1 0 0! 2 0 2 0 1 0 1
F -5 0 -1! 0 0 2 0 2 0 1 0 1
H -4 0 -1! 1 0 2 0 2 0 1 0 1
F -4 0 -1 1 0 0! 0 2 0 1 0 1 Forbidden_jump
H -4 0 -1 2 0 0! 1 2 0 1 0 1
F -4 0 -1 0! 0 0 1 2 0 1 0 1
H -4 1 -1 0! 1 0 1 2 0 1 0 1
F -4 -1! -1 0 1 0 1 2 0 1 0 1
R -3 -1 -1! 1 1 0 1 2 0 1 0 1
F -3 -1 -1 -1! 1 0 1 2 0 1 0 1
H -3 0 -1 -1! 2 0 1 2 0 1 0 1
F -3 0 -1 -1 0! 0 1 2 0 1 0 1
H -3 0 0 -1 0! 1 1 2 0 1 0 1
F -5! 0 0 -1 0 1 1 2 0 1 0 1 Forbidden_jump
L -4 0 0! 0 0 1 1 2 0 1 0 1
F -4 0 0 0 0 1 1 0! 0 1 0 1 Forbidden_jump
H -4 0 0 0 0 2 1 0! 1 1 0 1
F -4 0 0 0 0 0! 1 0 1 1 0 1
H -4 0 0 1 0 0! 2 0 1 1 0 1
F -4 0 0 1 0 0 0! 0 1 1 0 1
H -4 0 0 1 1 0 0! 1 1 1 0 1
F -6! 0 0 1 1 0 0 1 1 1 0 1 Forbidden_jump
L -5 0 0! 2 1 0 0 1 1 1 0 1
F -5 0 0 0! 1 0 0 1 1 1 0 1
H -5 1 0 0! 2 0 0 1 1 1 0 1
F -5 -1! 0 0 2 0 0 1 1 1 0 1
R -4 -1 0! 1 2 0 0 1 1 1 0 1
F -4 -1 0 -1! 2 0 0 1 1 1 0 1
H -4 0 0 -1! 3 0 0 1 1 1 0 1
F -6! 0 0 -1 3 0 0 1 1 1 0 1 Forbidden_jump
L -5 0 0! 0 3 0 0 1 1 1 0 1
F -5 0 0 0 1! 0 0 1 1 1 0 1 Forbidden_jump
H -5 0 1 0 1! 1 0 1 1 1 0 1
F -5 0 -1! 0 1 1 0 1 1 1 0 1
H -4 0 -1! 1 1 1 0 1 1 1 0 1
F -4 0 -1 1 -1! 1 0 1 1 1 0 1 Forbidden_jump
H -4 0 0 1 -1! 2 0 1 1 1 0 1
F -4 0 0 -1! -1 2 0 1 1 1 0 1 Forbidden_jump
H -4 1 0 -1! 0 2 0 1 1 1 0 1
F -4 -1! 0 -1 0 2 0 1 1 1 0 1
R -3 -1 0! 0 0 2 0 1 1 1 0 1
F -3 -1 0 0 0 0! 0 1 1 1 0 1 Forbidden_jump
H -3 -1 0 1 0 0! 1 1 1 1 0 1
F -3 -1 0 -1! 0 0 1 1 1 1 0 1
H -3 0 0 -1! 1 0 1 1 1 1 0 1
F -5! 0 0 -1 1 0 1 1 1 1 0 1 Forbidden_jump
L -4 0 0! 0 1 0 1 1 1 1 0 1
F -6! 0 0 0 1 0 1 1 1 1 0 1
L -5 0 0! 1 1 0 1 1 1 1 0 1
F -7! 0 0 1 1 0 1 1 1 1 0 1
L -6 0 0! 2 1 0 1 1 1 1 0 1
F -6 0 0 0! 1 0 1 1 1 1 0 1
H -6 1 0 0! 2 0 1 1 1 1 0 1
F -6 -1! 0 0 2 0 1 1 1 1 0 1
R -5 -1 0! 1 2 0 1 1 1 1 0 1
F -5 -1 0 -1! 2 0 1 1 1 1 0 1
H -5 0 0 -1! 3 0 1 1 1 1 0 1
F -7! 0 0 -1 3 0 1 1 1 1 0 1 Forbidden_jump
L -6 0 0! 0 3 0 1 1 1 1 0 1
F -6 0 0 0 1! 0 1 1 1 1 0 1 Forbidden_jump
H -6 0 1 0 1! 1 1 1 1 1 0 1
F -6 0 -1! 0 1 1 1 1 1 1 0 1
H -5 0 -1! 1 1 1 1 1 1 1 0 1
F -5 0 -1 1 -1! 1 1 1 1 1 0 1 Forbidden_jump
H -5 0 0 1 -1! 2 1 1 1 1 0 1
F -5 0 0 -1! -1 2 1 1 1 1 0 1 Forbidden_jump
H -5 1 0 -1! 0 2 1 1 1 1 0 1
F -5 -1! 0 -1 0 2 1 1 1 1 0 1
R -4 -1 0! 0 0 2 1 1 1 1 0 1
F -4 -1 0 0 0 0! 1 1 1 1 0 1 Forbidden_jump
H -4 -1 0 1 0 0! 2 1 1 1 0 1
F -4 -1 0 -1! 0 0 2 1 1 1 0 1
H -4 0 0 -1! 1 0 2 1 1 1 0 1
F -6! 0 0 -1 1 0 2 1 1 1 0 1 Forbidden_jump
L -5 0 0! 0 1 0 2 1 1 1 0 1
F -5 0 0 0 1 0 0! 1 1 1 0 1 Forbidden_jump
H -5 0 0 0 2 0 0! 2 1 1 0 1
F -5 0 0 0 0! 0 0 2 1 1 0 1
H -5 0 1 0 0! 1 0 2 1 1 0 1
F -5 0 -1! 0 0 1 0 2 1 1 0 1
H -4 0 -1! 1 0 1 0 2 1 1 0 1
F -4 0 -1 1 0 1 0 0! 1 1 0 1 Forbidden_jump
H -4 0 -1 1 0 2 0 0! 2 1 0 1
F -4 0 -1 1 0 0! 0 0 2 1 0 1
H -4 0 -1 2 0 0! 1 0 2 1 0 1
F -4 0 -1 0! 0 0 1 0 2 1 0 1
H -4 1 -1 0! 1 0 1 0 2 1 0 1
F -4 -1! -1 0 1 0 1 0 2 1 0 1
R -3 -1 -1! 1 1 0 1 0 2 1 0 1
F -3 -1 -1 -1! 1 0 1 0 2 1 0 1
H -3 0 -1 -1! 2 0 1 0 2 1 0 1
F -3 0 -1 -1 0! 0 1 0 2 1 0 1
H -3 0 0 -1 0! 1 1 0 2 1 0 1
F -5! 0 0 -1 0 1 1 0 2 1 0 1 Forbidden_jump
L -4 0 0! 0 0 1 1 0 2 1 0 1
F -4 0 0 0 0 1 1 0 0! 1 0 1 Forbidden_jump
H -4 0 0 0 0 1 2 0 0! 2 0 1
F -4 0 0 0 0 1 0! 0 0 2 0 1
H -4 0 0 0 1 1 0! 1 0 2 0 1
F -4 0 0 0 1 1 0 1 0 0! 0 1 Forbidden_jump
H -4 0 0 0 1 1 0 2 0 0! 1 1
F -4 0 0 0 1 1 0 0! 0 0 1 1
H -4 0 0 0 1 2 0 0! 1 0 1 1
F -4 0 0 0 1 0! 0 0 1 0 1 1
H -4 0 0 1 1 0! 1 0 1 0 1 1
F -6! 0 0 1 1 0 1 0 1 0 1 1 Forbidden_jump
L -5 0 0! 2 1 0 1 0 1 0 1 1
F -5 0 0 0! 1 0 1 0 1 0 1 1
H -5 1 0 0! 2 0 1 0 1 0 1 1
F -5 -1! 0 0 2 0 1 0 1 0 1 1
R -4 -1 0! 1 2 0 1 0 1 0 1 1
F -4 -1 0 -1! 2 0 1 0 1 0 1 1
H -4 0 0 -1! 3 0 1 0 1 0 1 1
F -6! 0 0 -1 3 0 1 0 1 0 1 1 Forbidden_jump
L -5 0 0! 0 3 0 1 0 1 0 1 1
F -5 0 0 0 1! 0 1 0 1 0 1 1 Forbidden_jump
H -5 0 1 0 1! 1 1 0 1 0 1 1
F -5 0 -1! 0 1 1 1 0 1 0 1 1
H -4 0 -1! 1 1 1 1 0 1 0 1 1
F -4 0 -1 1 -1! 1 1 0 1 0 1 1 Forbidden_jump
H -4 0 0 1 -1! 2 1 0 1 0 1 1
F -4 0 0 -1! -1 2 1 0 1 0 1 1 Forbidden_jump
H -4 1 0 -1! 0 2 1 0 1 0 1 1
F -4 -1! 0 -1 0 2 1 0 1 0 1 1
R -3 -1 0! 0 0 2 1 0 1 0 1 1
F -3 -1 0 0 0 0! 1 0 1 0 1 1 Forbidden_jump
H -3 -1 0 1 0 0! 2 0 1 0 1 1
F -3 -1 0 -1! 0 0 2 0 1 0 1 1
H -3 0 0 -1! 1 0 2 0 1 0 1 1
F -5! 0 0 -1 1 0 2 0 1 0 1 1 Forbidden_jump
L -4 0 0! 0 1 0 2 0 1 0 1 1
F -4 0 0 0 1 0 0! 0 1 0 1 1 Forbidden_jump
H -4 0 0 0 2 0 0! 1 1 0 1 1
F -4 0 0 0 0! 0 0 1 1 0 1 1
H -4 0 1 0 0! 1 0 1 1 0 1 1
F -4 0 -1! 0 0 1 0 1 1 0 1 1
H -3 0 -1! 1 0 1 0 1 1 0 1 1
F -5! 0 -1 1 0 1 0 1 1 0 1 1
L -4 0 -1! 2 0 1 0 1 1 0 1 1
F -4 0 -1 0! 0 1 0 1 1 0 1 1
H -4 1 -1 0! 1 1 0 1 1 0 1 1
F -4 -1! -1 0 1 1 0 1 1 0 1 1
R -3 -1 -1! 1 1 1 0 1 1 0 1 1
F -3 -1 -1 -1! 1 1 0 1 1 0 1 1
H -3 0 -1 -1! 2 1 0 1 1 0 1 1
F -3 0 -1 -1 0! 1 0 1 1 0 1 1
H -3 0 0 -1 0! 2 0 1 1 0 1 1
F -3 0 0 -1 0 0! 0 1 1 0 1 1
H -3 0 0 0 0 0! 1 1 1 0 1 1
F -5! 0 0 0 0 0 1 1 1 0 1 1 Forbidden_jump
L -4 0 0! 1 0 0 1 1 1 0 1 1
F -6! 0 0 1 0 0 1 1 1 0 1 1
L -5 0 0! 2 0 0 1 1 1 0 1 1
F -5 0 0 0! 0 0 1 1 1 0 1 1
H -5 1 0 0! 1 0 1 1 1 0 1 1
F -5 -1! 0 0 1 0 1 1 1 0 1 1
R -4 -1 0! 1 1 0 1 1 1 0 1 1
F -4 -1 0 -1! 1 0 1 1 1 0 1 1
H -4 0 0 -1! 2 0 1 1 1 0 1 1
F -6! 0 0 -1 2 0 1 1 1 0 1 1 Forbidden_jump
L -5 0 0! 0 2 0 1 1 1 0 1 1
F -5 0 0 0 0! 0 1 1 1 0 1 1 Forbidden_jump
H -5 0 1 0 0! 1 1 1 1 0 1 1
F -5 0 -1! 0 0 1 1 1 1 0 1 1
H -4 0 -1! 1 0 1 1 1 1 0 1 1
F -6! 0 -1 1 0 1 1 1 1 0 1 1
L -5 0 -1! 2 0 1 1 1 1 0 1 1
F -5 0 -1 0! 0 1 1 1 1 0 1 1
H -5 1 -1 0! 1 1 1 1 1 0 1 1
F -5 -1! -1 0 1 1 1 1 1 0 1 1
R -4 -1 -1! 1 1 1 1 1 1 0 1 1
F -4 -1 -1 -1! 1 1 1 1 1 0 1 1
H -4 0 -1 -1! 2 1 1 1 1 0 1 1
F -4 0 -1 -1 0! 1 1 1 1 0 1 1
H -4 0 0 -1 0! 2 1 1 1 0 1 1
F -4 0 0 -1 0 0! 1 1 1 0 1 1
H -4 0 0 0 0 0! 2 1 1 0 1 1
F -4 0 0 0 0 0 0! 1 1 0 1 1
H -4 0 0 0 1 0 0! 2 1 0 1 1
F -4 0 0 0 1 0 0 0! 1 0 1 1
H -4 0 0 0 1 1 0 0! 2 0 1 1
F -4 0 0 0 1 1 0 0 0! 0 1 1
H -4 0 0 0 1 1 1 0 0! 1 1 1
F -6! 0 0 0 1 1 1 0 0 1 1 1 Forbidden_jump
L -5 0 0! 1 1 1 1 0 0 1 1 1
F -7! 0 0 1 1 1 1 0 0 1 1 1
L -6 0 0! 2 1 1 1 0 0 1 1 1
F -6 0 0 0! 1 1 1 0 0 1 1 1
H -6 1 0 0! 2 1 1 0 0 1 1 1
F -6 -1! 0 0 2 1 1 0 0 1 1 1
R -5 -1 0! 1 2 1 1 0 0 1 1 1
F -5 -1 0 -1! 2 1 1 0 0 1 1 1
H -5 0 0 -1! 3 1 1 0 0 1 1 1
F -7! 0 0 -1 3 1 1 0 0 1 1 1 Forbidden_jump
L -6 0 0! 0 3 1 1 0 0 1 1 1
F -6 0 0 0 1! 1 1 0 0 1 1 1 Forbidden_jump
H -6 0 1 0 1! 2 1 0 0 1 1 1
F -6 0 -1! 0 1 2 1 0 0 1 1 1
H -5 0 -1! 1 1 2 1 0 0 1 1 1
F -5 0 -1 1 -1! 2 1 0 0 1 1 1 Forbidden_jump
H -5 0 0 1 -1! 3 1 0 0 1 1 1
F -5 0 0 -1! -1 3 1 0 0 1 1 1 Forbidden_jump
H -5 1 0 -1! 0 3 1 0 0 1 1 1
F -5 -1! 0 -1 0 3 1 0 0 1 1 1
R -4 -1 0! 0 0 3 1 0 0 1 1 1
F -4 -1 0 0 0 1! 1 0 0 1 1 1 Forbidden_jump
H -4 -1 0 1 0 1! 2 0 0 1 1 1
F -4 -1 0 -1! 0 1 2 0 0 1 1 1
H -4 0 0 -1! 1 1 2 0 0 1 1 1
F -6! 0 0 -1 1 1 2 0 0 1 1 1 Forbidden_jump
L -5 0 0! 0 1 1 2 0 0 1 1 1
F -5 0 0 0 1 1 0! 0 0 1 1 1 Forbidden_jump
H -5 0 0 0 2 1 0! 1 0 1 1 1
F -5 0 0 0 0! 1 0 1 0 1 1 1
H -5 0 1 0 0! 2 0 1 0 1 1 1
F -5 0 -1! 0 0 2 0 1 0 1 1 1
H -4 0 -1! 1 0 2 0 1 0 1 1 1
F -4 0 -1 1 0 0! 0 1 0 1 1 1 Forbidden_jump
H -4 0 -1 2 0 0! 1 1 0 1 1 1
F -4 0 -1 0! 0 0 1 1 0 1 1 1
H -4 1 -1 0! 1 0 1 1 0 1 1 1
F -4 -1! -1 0 1 0 1 1 0 1 1 1
R -3 -1 -1! 1 1 0 1 1 0 1 1 1
F -3 -1 -1 -1! 1 0 1 1 0 1 1 1
H -3 0 -1 -1! 2 0 1 1 0 1 1 1
F -3 0 -1 -1 0! 0 1 1 0 1 1 1
H -3 0 0 -1 0! 1 1 1 0 1 1 1
F -5! 0 0 -1 0 1 1 1 0 1 1 1 Forbidden_jump
L -4 0 0! 0 0 1 1 1 0 1 1 1
F -6! 0 0 0 0 1 1 1 0 1 1 1
L -5 0 0! 1 0 1 1 1 0 1 1 1
F -7! 0 0 1 0 1 1 1 0 1 1 1
L -6 0 0! 2 0 1 1 1 0 1 1 1
F -6 0 0 0! 0 1 1 1 0 1 1 1
H -6 1 0 0! 1 1 1 1 0 1 1 1
F -6 -1! 0 0 1 1 1 1 0 1 1 1
R -5 -1 0! 1 1 1 1 1 0 1 1 1
F -5 -1 0 -1! 1 1 1 1 0 1 1 1
H -5 0 0 -1! 2 1 1 1 0 1 1 1
F -7! 0 0 -1 2 1 1 1 0 1 1 1 Forbidden_jump
L -6 0 0! 0 2 1 1 1 0 1 1 1
F -6 0 0 0 0! 1 1 1 0 1 1 1 Forbidden_jump
H -6 0 1 0 0! 2 1 1 0 1 1 1
F -6 0 -1! 0 0 2 1 1 0 1 1 1
H -5 0 -1! 1 0 2 1 1 0 1 1 1
F -5 0 -1 1 0 0! 1 1 0 1 1 1 Forbidden_jump
H -5 0 -1 2 0 0! 2 1 0 1 1 1
F -5 0 -1 0! 0 0 2 1 0 1 1 1
H -5 1 -1 0! 1 0 2 1 0 1 1 1
F -5 -1! -1 0 1 0 2 1 0 1 1 1
R -4 -1 -1! 1 1 0 2 1 0 1 1 1
F -4 -1 -1 -1! 1 0 2 1 0 1 1 1
H -4 0 -1 -1! 2 0 2 1 0 1 1 1
F -4 0 -1 -1 0! 0 2 1 0 1 1 1
H -4 0 0 -1 0! 1 2 1 0 1 1 1
F -6! 0 0 -1 0 1 2 1 0 1 1 1 Forbidden_jump
L -5 0 0! 0 0 1 2 1 0 1 1 1
F -5 0 0 0 0 1 0! 1 0 1 1 1 Forbidden_jump
H -5 0 0 0 1 1 0! 2 0 1 1 1
F -5 0 0 0 1 1 0 0! 0 1 1 1
H -5 0 0 0 1 2 0 0! 1 1 1 1
F -5 0 0 0 1 0! 0 0 1 1 1 1
H -5 0 0 1 1 0! 1 0 1 1 1 1
F -7! 0 0 1 1 0 1 0 1 1 1 1 Forbidden_jump
L -6 0 0! 2 1 0 1 0 1 1 1 1
F -6 0 0 0! 1 0 1 0 1 1 1 1
H -6 1 0 0! 2 0 1 0 1 1 1 1
F -6 -1! 0 0 2 0 1 0 1 1 1 1
R -5 -1 0! 1 2 0 1 0 1 1 1 1
F -5 -1 0 -1! 2 0 1 0 1 1 1 1
H -5 0 0 -1! 3 0 1 0 1 1 1 1
F -7! 0 0 -1 3 0 1 0 1 1 1 1 Forbidden_jump
L -6 0 0! 0 3 0 1 0 1 1 1 1
F -6 0 0 0 1! 0 1 0 1 1 1 1 Forbidden_jump
H -6 0 1 0 1! 1 1 0 1 1 1 1
F -6 0 -1! 0 1 1 1 0 1 1 1 1
H -5 0 -1! 1 1 1 1 0 1 1 1 1
F -5 0 -1 1 -1! 1 1 0 1 1 1 1 Forbidden_jump
H -5 0 0 1 -1! 2 1 0 1 1 1 1
F -5 0 0 -1! -1 2 1 0 1 1 1 1 Forbidden_jump
H -5 1 0 -1! 0 2 1 0 1 1 1 1
F -5 -1! 0 -1 0 2 1 0 1 1 1 1
R -4 -1 0! 0 0 2 1 0 1 1 1 1
F -4 -1 0 0 0 0! 1 0 1 1 1 1 Forbidden_jump
H -4 -1 0 1 0 0! 2 0 1 1 1 1
F -4 -1 0 -1! 0 0 2 0 1 1 1 1
H -4 0 0 -1! 1 0 2 0 1 1 1 1
F -6! 0 0 -1 1 0 2 0 1 1 1 1 Forbidden_jump
L -5 0 0! 0 1 0 2 0 1 1 1 1
F -5 0 0 0 1 0 0! 0 1 1 1 1 Forbidden_jump
H -5 0 0 0 2 0 0! 1 1 1 1 1
F -5 0 0 0 0! 0 0 1 1 1 1 1
H -5 0 1 0 0! 1 0 1 1 1 1 1
F -5 0 -1! 0 0 1 0 1 1 1 1 1
H -4 0 -1! 1 0 1 0 1 1 1 1 1
F -6! 0 -1 1 0 1 0 1 1 1 1 1
L -5 0 -1! 2 0 1 0 1 1 1 1 1
F -5 0 -1 0! 0 1 0 1 1 1 1 1
H -5 1 -1 0! 1 1 0 1 1 1 1 1
F -5 -1! -1 0 1 1 0 1 1 1 1 1
R -4 -1 -1! 1 1 1 0 1 1 1 1 1
F -4 -1 -1 -1! 1 1 0 1 1 1 1 1
H -4 0 -1 -1! 2 1 0 1 1 1 1 1
F -4 0 -1 -1 0! 1 0 1 1 1 1 1
H -4 0 0 -1 0! 2 0 1 1 1 1 1
F -4 0 0 -1 0 0! 0 1 1 1 1 1
H -4 0 0 0 0 0! 1 1 1 1 1 1
F -6! 0 0 0 0 0 1 1 1 1 1 1 Forbidden_jump
L -5 0 0! 1 0 0 1 1 1 1 1 1
F -7! 0 0 1 0 0 1 1 1 1 1 1
L -6 0 0! 2 0 0 1 1 1 1 1 1
F -6 0 0 0! 0 0 1 1 1 1 1 1
H -6 1 0 0! 1 0 1 1 1 1 1 1
F -6 -1! 0 0 1 0 1 1 1 1 1 1
R -5 -1 0! 1 1 0 1 1 1 1 1 1
F -5 -1 0 -1! 1 0 1 1 1 1 1 1
H -5 0 0 -1! 2 0 1 1 1 1 1 1
F -7! 0 0 -1 2 0 1 1 1 1 1 1 Forbidden_jump
L -6 0 0! 0 2 0 1 1 1 1 1 1
F -6 0 0 0 0! 0 1 1 1 1 1 1 Forbidden_jump
H -6 0 1 0 0! 1 1 1 1 1 1 1
F -6 0 -1! 0 0 1 1 1 1 1 1 1
H -5 0 -1! 1 0 1 1 1 1 1 1 1
F -7! 0 -1 1 0 1 1 1 1 1 1 1
L -6 0 -1! 2 0 1 1 1 1 1 1 1
F -6 0 -1 0! 0 1 1 1 1 1 1 1
H -6 1 -1 0! 1 1 1 1 1 1 1 1
F -6 -1! -1 0 1 1 1 1 1 1 1 1
R -5 -1 -1! 1 1 1 1 1 1 1 1 1
F -5 -1 -1 -1! 1 1 1 1 1 1 1 1
H -5 0 -1 -1! 2 1 1 1 1 1 1 1
F -5 0 -1 -1 0! 1 1 1 1 1 1 1
H -5 0 0 -1 0! 2 1 1 1 1 1 1
F -5 0 0 -1 0 0! 1 1 1 1 1 1
H -5 0 0 0 0 0! 2 1 1 1 1 1
F -5 0 0 0 0 0 0! 1 1 1 1 1
H -5 0 0 0 1 0 0! 2 1 1 1 1
F -5 0 0 0 1 0 0 0! 1 1 1 1
H -5 0 0 0 1 1 0 0! 2 1 1 1
F -5 0 0 0 1 1 0 0 0! 1 1 1
H -5 0 0 0 1 1 1 0 0! 2 1 1
F -5 0 0 0 1 1 1 0 0 0! 1 1
H -5 0 0 0 1 1 1 1 0 0! 2 1
F -5 0 0 0 1 1 1 1 0 0 0! 1
H -5 0 0 0 1 1 1 1 1 0 0! 2
F -5 0 0 0 1 1 1 1 1 0 0 0!
H -5 0 0 0 1 1 1 1 1 1 0 0! 1
F -7! 0 0 0 1 1 1 1 1 1 0 0 1 Forbidden_jump
L -6 0 0! 1 1 1 1 1 1 1 0 0 1
F -8! 0 0 1 1 1 1 1 1 1 0 0 1
L -7 0 0! 2 1 1 1 1 1 1 0 0 1
F -7 0 0 0! 1 1 1 1 1 1 0 0 1
H -7 1 0 0! 2 1 1 1 1 1 0 0 1
F -7 -1! 0 0 2 1 1 1 1 1 0 0 1
R -6 -1 0! 1 2 1 1 1 1 1 0 0 1
F -6 -1 0 -1! 2 1 1 1 1 1 0 0 1
H -6 0 0 -1! 3 1 1 1 1 1 0 0 1
F -8! 0 0 -1 3 1 1 1 1 1 0 0 1 Forbidden_jump
L -7 0 0! 0 3 1 1 1 1 1 0 0 1
F -7 0 0 0 1! 1 1 1 1 1 0 0 1 Forbidden_jump
H -7 0 1 0 1! 2 1 1 1 1 0 0 1
F -7 0 -1! 0 1 2 1 1 1 1 0 0 1
H -6 0 -1! 1 1 2 1 1 1 1 0 0 1
F -6 0 -1 1 -1! 2 1 1 1 1 0 0 1 Forbidden_jump
H -6 0 0 1 -1! 3 1 1 1 1 0 0 1
F -6 0 0 -1! -1 3 1 1 1 1 0 0 1 Forbidden_jump
H -6 1 0 -1! 0 3 1 1 1 1 0 0 1
F -6 -1! 0 -1 0 3 1 1 1 1 0 0 1
R -5 -1 0! 0 0 3 1 1 1 1 0 0 1
F -5 -1 0 0 0 1! 1 1 1 1 0 0 1 Forbidden_jump
H -5 -1 0 1 0 1! 2 1 1 1 0 0 1
F -5 -1 0 -1! 0 1 2 1 1 1 0 0 1
H -5 0 0 -1! 1 1 2 1 1 1 0 0 1
F -7! 0 0 -1 1 1 2 1 1 1 0 0 1 Forbidden_jump
L -6 0 0! 0 1 1 2 1 1 1 0 0 1
F -6 0 0 0 1 1 0! 1 1 1 0 0 1 Forbidden_jump
H -6 0 0 0 2 1 0! 2 1 1 0 0 1
F -6 0 0 0 0! 1 0 2 1 1 0 0 1
H -6 0 1 0 0! 2 0 2 1 1 0 0 1
F -6 0 -1! 0 0 2 0 2 1 1 0 0 1
H -5 0 -1! 1 0 2 0 2 1 1 0 0 1
F -5 0 -1 1 0 0! 0 2 1 1 0 0 1 Forbidden_jump
H -5 0 -1 2 0 0! 1 2 1 1 0 0 1
F -5 0 -1 0! 0 0 1 2 1 1 0 0 1
H -5 1 -1 0! 1 0 1 2 1 1 0 0 1
F -5 -1! -1 0 1 0 1 2 1 1 0 0 1
R -4 -1 -1! 1 1 0 1 2 1 1 0 0 1
F -4 -1 -1 -1! 1 0 1 2 1 1 0 0 1
H -4 0 -1 -1! 2 0 1 2 1 1 0 0 1
F -4 0 -1 -1 0! 0 1 2 1 1 0 0 1
H -4 0 0 -1 0! 1 1 2 1 1 0 0 1
F -6! 0 0 -1 0 1 1 2 1 1 0 0 1 Forbidden_jump
L -5 0 0! 0 0 1 1 2 1 1 0 0 1
F -5 0 0 0 0 1 1 0! 1 1 0 0 1 Forbidden_jump
H -5 0 0 0 0 2 1 0! 2 1 0 0 1
F -5 0 0 0 0 0! 1 0 2 1 0 0 1
H -5 0 0 1 0 0! 2 0 2 1 0 0 1
F -5 0 0 1 0 0 0! 0 2 1 0 0 1
H -5 0 0 1 1 0 0! 1 2 1 0 0 1
F -5 0 0 1 1 0 0 1 0! 1 0 0 1 Forbidden_jump
H -5 0 0 1 1 0 1 1 0! 2 0 0 1
F -5 0 0 1 1 0 1 1 0 0! 0 0 1
H -5 0 0 1 1 0 1 2 0 0! 1 0 1
F -5 0 0 1 1 0 1 0! 0 0 1 0 1
H -5 0 0 1 1 1 1 0! 1 0 1 0 1
F -7! 0 0 1 1 1 1 0 1 0 1 0 1 Forbidden_jump
L -6 0 0! 2 1 1 1 0 1 0 1 0 1
F -6 0 0 0! 1 1 1 0 1 0 1 0 1
H -6 1 0 0! 2 1 1 0 1 0 1 0 1
F -6 -1! 0 0 2 1 1 0 1 0 1 0 1
R -5 -1 0! 1 2 1 1 0 1 0 1 0 1
F -5 -1 0 -1! 2 1 1 0 1 0 1 0 1
H -5 0 0 -1! 3 1 1 0 1 0 1 0 1
F -7! 0 0 -1 3 1 1 0 1 0 1 0 1 Forbidden_jump
L -6 0 0! 0 3 1 1 0 1 0 1 0 1
F -6 0 0 0 1! 1 1 0 1 0 1 0 1 Forbidden_jump
H -6 0 1 0 1! 2 1 0 1 0 1 0 1
F -6 0 -1! 0 1 2 1 0 1 0 1 0 1
H -5 0 -1! 1 1 2 1 0 1 0 1 0 1
F -5 0 -1 1 -1! 2 1 0 1 0 1 0 1 Forbidden_jump
H -5 0 0 1 -1! 3 1 0 1 0 1 0 1
F -5 0 0 -1! -1 3 1 0 1 0 1 0 1 Forbidden_jump
H -5 1 0 -1! 0 3 1 0 1 0 1 0 1
F -5 -1! 0 -1 0 3 1 0 1 0 1 0 1
R -4 -1 0! 0 0 3 1 0 1 0 1 0 1
F -4 -1 0 0 0 1! 1 0 1 0 1 0 1 Forbidden_jump
H -4 -1 0 1 0 1! 2 0 1 0 1 0 1
F -4 -1 0 -1! 0 1 2 0 1 0 1 0 1
H -4 0 0 -1! 1 1 2 0 1 0 1 0 1
F -6! 0 0 -1 1 1 2 0 1 0 1 0 1 Forbidden_jump
L -5 0 0! 0 1 1 2 0 1 0 1 0 1
F -5 0 0 0 1 1 0! 0 1 0 1 0 1 Forbidden_jump
H -5 0 0 0 2 1 0! 1 1 0 1 0 1
F -5 0 0 0 0! 1 0 1 1 0 1 0 1
H -5 0 1 0 0! 2 0 1 1 0 1 0 1
F -5 0 -1! 0 0 2 0 1 1 0 1 0 1
H -4 0 -1! 1 0 2 0 1 1 0 1 0 1
F -4 0 -1 1 0 0! 0 1 1 0 1 0 1 Forbidden_jump
H -4 0 -1 2 0 0! 1 1 1 0 1 0 1
F -4 0 -1 0! 0 0 1 1 1 0 1 0 1
H -4 1 -1 0! 1 0 1 1 1 0 1 0 1
F -4 -1! -1 0 1 0 1 1 1 0 1 0 1
R -3 -1 -1! 1 1 0 1 1 1 0 1 0 1
F -3 -1 -1 -1! 1 0 1 1 1 0 1 0 1
H -3 0 -1 -1! 2 0 1 1 1 0 1 0 1
F -3 0 -1 -1 0! 0 1 1 1 0 1 0 1
H -3 0 0 -1 0! 1 1 1 1 0 1 0 1
F -5! 0 0 -1 0 1 1 1 1 0 1 0 1 Forbidden_jump
L -4 0 0! 0 0 1 1 1 1 0 1 0 1
F -6! 0 0 0 0 1 1 1 1 0 1 0 1
L -5 0 0! 1 0 1 1 1 1 0 1 0 1
F -7! 0 0 1 0 1 1 1 1 0 1 0 1
L -6 0 0! 2 0 1 1 1 1 0 1 0 1
F -6 0 0 0! 0 1 1 1 1 0 1 0 1
H -6 1 0 0! 1 1 1 1 1 0 1 0 1
F -6 -1! 0 0 1 1 1 1 1 0 1 0 1
R -5 -1 0! 1 1 1 1 1 1 0 1 0 1
F -5 -1 0 -1! 1 1 1 1 1 0 1 0 1
H -5 0 0 -1! 2 1 1 1 1 0 1 0 1
F -7! 0 0 -1 2 1 1 1 1 0 1 0 1 Forbidden_jump
L -6 0 0! 0 2 1 1 1 1 0 1 0 1
F -6 0 0 0 0! 1 1 1 1 0 1 0 1 Forbidden_jump
H -6 0 1 0 0! 2 1 1 1 0 1 0 1
F -6 0 -1! 0 0 2 1 1 1 0 1 0 1
H -5 0 -1! 1 0 2 1 1 1 0 1 0 1
F -5 0 -1 1 0 0! 1 1 1 0 1 0 1 Forbidden_jump
H -5 0 -1 2 0 0! 2 1 1 0 1 0 1
F -5 0 -1 0! 0 0 2 1 1 0 1 0 1
H -5 1 -1 0! 1 0 2 1 1 0 1 0 1
F -5 -1! -1 0 1 0 2 1 1 0 1 0 1
R -4 -1 -1! 1 1 0 2 1 1 0 1 0 1
F -4 -1 -1 -1! 1 0 2 1 1 0 1 0 1
H -4 0 -1 -1! 2 0 2 1 1 0 1 0 1
F -4 0 -1 -1 0! 0 2 1 1 0 1 0 1
H -4 0 0 -1 0! 1 2 1 1 0 1 0 1
F -6! 0 0 -1 0 1 2 1 1 0 1 0 1 Forbidden_jump
L -5 0 0! 0 0 1 2 1 1 0 1 0 1
F -5 0 0 0 0 1 0! 1 1 0 1 0 1 Forbidden_jump
H -5 0 0 0 1 1 0! 2 1 0 1 0 1
F -5 0 0 0 1 1 0 0! 1 0 1 0 1
H -5 0 0 0 1 2 0 0! 2 0 1 0 1
F -5 0 0 0 1 0! 0 0 2 0 1 0 1
H -5 0 0 1 1 0! 1 0 2 0 1 0 1
F -5 0 0 1 1 0 1 0 0! 0 1 0 1 Forbidden_jump
H -5 0 0 1 1 0 2 0 0! 1 1 0 1
F -5 0 0 1 1 0 0! 0 0 1 1 0 1
H -5 0 0 1 2 0 0! 1 0 1 1 0 1
F -5 0 0 1 0! 0 0 1 0 1 1 0 1
H -5 0 1 1 0! 1 0 1 0 1 1 0 1
F -5 0 -1! 1 0 1 0 1 0 1 1 0 1
H -4 0 -1! 2 0 1 0 1 0 1 1 0 1
F -4 0 -1 0! 0 1 0 1 0 1 1 0 1
H -4 1 -1 0! 1 1 0 1 0 1 1 0 1
F -4 -1! -1 0 1 1 0 1 0 1 1 0 1
R -3 -1 -1! 1 1 1 0 1 0 1 1 0 1
F -3 -1 -1 -1! 1 1 0 1 0 1 1 0 1
H -3 0 -1 -1! 2 1 0 1 0 1 1 0 1
F -3 0 -1 -1 0! 1 0 1 0 1 1 0 1
H -3 0 0 -1 0! 2 0 1 0 1 1 0 1
F -3 0 0 -1 0 0! 0 1 0 1 1 0 1
H -3 0 0 0 0 0! 1 1 0 1 1 0 1
F -5! 0 0 0 0 0 1 1 0 1 1 0 1 Forbidden_jump
L -4 0 0! 1 0 0 1 1 0 1 1 0 1
F -6! 0 0 1 0 0 1 1 0 1 1 0 1
L -5 0 0! 2 0 0 1 1 0 1 1 0 1
F -5 0 0 0! 0 0 1 1 0 1 1 0 1
H -5 1 0 0! 1 0 1 1 0 1 1 0 1
F -5 -1! 0 0 1 0 1 1 0 1 1 0 1
R -4 -1 0! 1 1 0 1 1 0 1 1 0 1
F -4 -1 0 -1! 1 0 1 1 0 1 1 0 1
H -4 0 0 -1! 2 0 1 1 0 1 1 0 1
F -6! 0 0 -1 2 0 1 1 0 1 1 0 1 Forbidden_jump
L -5 0 0! 0 2 0 1 1 0 1 1 0 1
F -5 0 0 0 0! 0 1 1 0 1 1 0 1 Forbidden_jump
H -5 0 1 0 0! 1 1 1 0 1 1 0 1
F -5 0 -1! 0 0 1 1 1 0 1 1 0 1
H -4 0 -1! 1 0 1 1 1 0 1 1 0 1
F -6! 0 -1 1 0 1 1 1 0 1 1 0 1
L -5 0 -1! 2 0 1 1 1 0 1 1 0 1
F -5 0 -1 0! 0 1 1 1 0 1 1 0 1
H -5 1 -1 0! 1 1 1 1 0 1 1 0 1
F -5 -1! -1 0 1 1 1 1 0 1 1 0 1
R -4 -1 -1! 1 1 1 1 1 0 1 1 0 1
F -4 -1 -1 -1! 1 1 1 1 0 1 1 0 1
H -4 0 -1 -1! 2 1 1 1 0 1 1 0 1
F -4 0 -1 -1 0! 1 1 1 0 1 1 0 1
H -4 0 0 -1 0! 2 1 1 0 1 1 0 1
F -4 0 0 -1 0 0! 1 1 0 1 1 0 1
H -4 0 0 0 0 0! 2 1 0 1 1 0 1
F -4 0 0 0 0 0 0! 1 0 1 1 0 1
H -4 0 0 0 1 0 0! 2 0 1 1 0 1
F -4 0 0 0 1 0 0 0! 0 1 1 0 1
H -4 0 0 0 1 1 0 0! 1 1 1 0 1
F -6! 0 0 0 1 1 0 0 1 1 1 0 1 Forbidden_jump
L -5 0 0! 1 1 1 0 0 1 1 1 0 1
F -7! 0 0 1 1 1 0 0 1 1 1 0 1
L -6 0 0! 2 1 1 0 0 1 1 1 0 1
F -6 0 0 0! 1 1 0 0 1 1 1 0 1
H -6 1 0 0! 2 1 0 0 1 1 1 0 1
F -6 -1! 0 0 2 1 0 0 1 1 1 0 1
R -5 -1 0! 1 2 1 0 0 1 1 1 0 1
F -5 -1 0 -1! 2 1 0 0 1 1 1 0 1
H -5 0 0 -1! 3 1 0 0 1 1 1 0 1
F -7! 0 0 -1 3 1 0 0 1 1 1 0 1 Forbidden_jump
L -6 0 0! 0 3 1 0 0 1 1 1 0 1
F -6 0 0 0 1! 1 0 0 1 1 1 0 1 Forbidden_jump
H -6 0 1 0 1! 2 0 0 1 1 1 0 1
F -6 0 -1! 0 1 2 0 0 1 1 1 0 1
H -5 0 -1! 1 1 2 0 0 1 1 1 0 1
F -5 0 -1 1 -1! 2 0 0 1 1 1 0 1 Forbidden_jump
H -5 0 0 1 -1! 3 0 0 1 1 1 0 1
F -5 0 0 -1! -1 3 0 0 1 1 1 0 1 Forbidden_jump
H -5 1 0 -1! 0 3 0 0 1 1 1 0 1
F -5 -1! 0 -1 0 3 0 0 1 1 1 0 1
R -4 -1 0! 0 0 3 0 0 1 1 1 0 1
F -4 -1 0 0 0 1! 0 0 1 1 1 0 1 Forbidden_jump
H -4 -1 0 1 0 1! 1 0 1 1 1 0 1
F -4 -1 0 -1! 0 1 1 0 1 1 1 0 1
H -4 0 0 -1! 1 1 1 0 1 1 1 0 1
F -6! 0 0 -1 1 1 1 0 1 1 1 0 1 Forbidden_jump
L -5 0 0! 0 1 1 1 0 1 1 1 0 1
F -7! 0 0 0 1 1 1 0 1 1 1 0 1
L -6 0 0! 1 1 1 1 0 1 1 1 0 1
F -8! 0 0 1 1 1 1 0 1 1 1 0 1
L -7 0 0! 2 1 1 1 0 1 1 1 0 1
F -7 0 0 0! 1 1 1 0 1 1 1 0 1
H -7 1 0 0! 2 1 1 0 1 1 1 0 1
F -7 -1! 0 0 2 1 1 0 1 1 1 0 1
R -6 -1 0! 1 2 1 1 0 1 1 1 0 1
F -6 -1 0 -1! 2 1 1 0 1 1 1 0 1
H -6 0 0 -1! 3 1 1 0 1 1 1 0 1
F -8! 0 0 -1 3 1 1 0 1 1 1 0 1 Forbidden_jump
L -7 0 0! 0 3 1 1 0 1 1 1 0 1
F -7 0 0 0 1! 1 1 0 1 1 1 0 1 Forbidden_jump
H -7 0 1 0 1! 2 1 0 1 1 1 0 1
F -7 0 -1! 0 1 2 1 0 1 1 1 0 1
H -6 0 -1! 1 1 2 1 0 1 1 1 0 1
F -6 0 -1 1 -1! 2 1 0 1 1 1 0 1 Forbidden_jump
H -6 0 0 1 -1! 3 1 0 1 1 1 0 1
F -6 0 0 -1! -1 3 1 0 1 1 1 0 1 Forbidden_jump
H -6 1 0 -1! 0 3 1 0 1 1 1 0 1
F -6 -1! 0 -1 0 3 1 0 1 1 1 0 1
R -5 -1 0! 0 0 3 1 0 1 1 1 0 1
F -5 -1 0 0 0 1! 1 0 1 1 1 0 1 Forbidden_jump
H -5 -1 0 1 0 1! 2 0 1 1 1 0 1
F -5 -1 0 -1! 0 1 2 0 1 1 1 0 1
H -5 0 0 -1! 1 1 2 0 1 1 1 0 1
F -7! 0 0 -1 1 1 2 0 1 1 1 0 1 Forbidden_jump
L -6 0 0! 0 1 1 2 0 1 1 1 0 1
F -6 0 0 0 1 1 0! 0 1 1 1 0 1 Forbidden_jump
H -6 0 0 0 2 1 0! 1 1 1 1 0 1
F -6 0 0 0 0! 1 0 1 1 1 1 0 1
H -6 0 1 0 0! 2 0 1 1 1 1 0 1
F -6 0 -1! 0 0 2 0 1 1 1 1 0 1
H -5 0 -1! 1 0 2 0 1 1 1 1 0 1
F -5 0 -1 1 0 0! 0 1 1 1 1 0 1 Forbidden_jump
H -5 0 -1 2 0 0! 1 1 1 1 1 0 1
F -5 0 -1 0! 0 0 1 1 1 1 1 0 1
H -5 1 -1 0! 1 0 1 1 1 1 1 0 1
F -5 -1! -1 0 1 0 1 1 1 1 1 0 1
R -4 -1 -1! 1 1 0 1 1 1 1 1 0 1
F -4 -1 -1 -1! 1 0 1 1 1 1 1 0 1
H -4 0 -1 -1! 2 0 1 1 1 1 1 0 1
F -4 0 -1 -1 0! 0 1 1 1 1 1 0 1
H -4 0 0 -1 0! 1 1 1 1 1 1 0 1
F -6! 0 0 -1 0 1 1 1 1 1 1 0 1 Forbidden_jump
L -5 0 0! 0 0 1 1 1 1 1 1 0 1
F -7! 0 0 0 0 1 1 1 1 1 1 0 1
L -6 0 0! 1 0 1 1 1 1 1 1 0 1
F -8! 0 0 1 0 1 1 1 1 1 1 0 1
L -7 0 0! 2 0 1 1 1 1 1 1 0 1
F -7 0 0 0! 0 1 1 1 1 1 1 0 1
H -7 1 0 0! 1 1 1 1 1 1 1 0 1
F -7 -1! 0 0 1 1 1 1 1 1 1 0 1
R -6 -1 0! 1 1 1 1 1 1 1 1 0 1
F -6 -1 0 -1! 1 1 1 1 1 1 1 0 1
H -6 0 0 -1! 2 1 1 1 1 1 1 0 1
F -8! 0 0 -1 2 1 1 1 1 1 1 0 1 Forbidden_jump
L -7 0 0! 0 2 1 1 1 1 1 1 0 1
F -7 0 0 0 0! 1 1 1 1 1 1 0 1 Forbidden_jump
H -7 0 1 0 0! 2 1 1 1 1 1 0 1
F -7 0 -1! 0 0 2 1 1 1 1 1 0 1
H -6 0 -1! 1 0 2 1 1 1 1 1 0 1
F -6 0 -1 1 0 0! 1 1 1 1 1 0 1 Forbidden_jump
H -6 0 -1 2 0 0! 2 1 1 1 1 0 1
F -6 0 -1 0! 0 0 2 1 1 1 1 0 1
H -6 1 -1 0! 1 0 2 1 1 1 1 0 1
F -6 -1! -1 0 1 0 2 1 1 1 1 0 1
R -5 -1 -1! 1 1 0 2 1 1 1 1 0 1
F -5 -1 -1 -1! 1 0 2 1 1 1 1 0 1
H -5 0 -1 -1! 2 0 2 1 1 1 1 0 1
F -5 0 -1 -1 0! 0 2 1 1 1 1 0 1
H -5 0 0 -1 0! 1 2 1 1 1 1 0 1
F -7! 0 0 -1 0 1 2 1 1 1 1 0 1 Forbidden_jump
L -6 0 0! 0 0 1 2 1 1 1 1 0 1
F -6 0 0 0 0 1 0! 1 1 1 1 0 1 Forbidden_jump
H -6 0 0 0 1 1 0! 2 1 1 1 0 1
F -6 0 0 0 1 1 0 0! 1 1 1 0 1
H -6 0 0 0 1 2 0 0! 2 1 1 0 1
F -6 0 0 0 1 0! 0 0 2 1 1 0 1
H -6 0 0 1 1 0! 1 0 2 1 1 0 1
F -6 0 0 1 1 0 1 0 0! 1 1 0 1 Forbidden_jump
H -6 0 0 1 1 0 2 0 0! 2 1 0 1
F -6 0 0 1 1 0 0! 0 0 2 1 0 1
H -6 0 0 1 2 0 0! 1 0 2 1 0 1
F -6 0 0 1 0! 0 0 1 0 2 1 0 1
H -6 0 1 1 0! 1 0 1 0 2 1 0 1
F -6 0 -1! 1 0 1 0 1 0 2 1 0 1
H -5 0 -1! 2 0 1 0 1 0 2 1 0 1
F -5 0 -1 0! 0 1 0 1 0 2 1 0 1
H -5 1 -1 0! 1 1 0 1 0 2 1 0 1
F -5 -1! -1 0 1 1 0 1 0 2 1 0 1
R -4 -1 -1! 1 1 1 0 1 0 2 1 0 1
F -4 -1 -1 -1! 1 1 0 1 0 2 1 0 1
H -4 0 -1 -1! 2 1 0 1 0 2 1 0 1
F -4 0 -1 -1 0! 1 0 1 0 2 1 0 1
H -4 0 0 -1 0! 2 0 1 0 2 1 0 1
F -4 0 0 -1 0 0! 0 1 0 2 1 0 1
H -4 0 0 0 0 0! 1 1 0 2 1 0 1
F -4 0 0 0 0 0 1 1 0 0! 1 0 1 Forbidden_jump
H -4 0 0 0 0 0 1 2 0 0! 2 0 1
F -4 0 0 0 0 0 1 0! 0 0 2 0 1
H -4 0 0 0 0 1 1 0! 1 0 2 0 1
F -4 0 0 0 0 1 1 0 1 0 0! 0 1 Forbidden_jump
H -4 0 0 0 0 1 1 0 2 0 0! 1 1
F -4 0 0 0 0 1 1 0 0! 0 0 1 1
H -4 0 0 0 0 1 2 0 0! 1 0 1 1
F -4 0 0 0 0 1 0! 0 0 1 0 1 1
H -4 0 0 0 1 1 0! 1 0 1 0 1 1
F -6! 0 0 0 1 1 0 1 0 1 0 1 1 Forbidden_jump
L -5 0 0! 1 1 1 0 1 0 1 0 1 1
F -7! 0 0 1 1 1 0 1 0 1 0 1 1
L -6 0 0! 2 1 1 0 1 0 1 0 1 1
F -6 0 0 0! 1 1 0 1 0 1 0 1 1
H -6 1 0 0! 2 1 0 1 0 1 0 1 1
F -6 -1! 0 0 2 1 0 1 0 1 0 1 1
R -5 -1 0! 1 2 1 0 1 0 1 0 1 1
F -5 -1 0 -1! 2 1 0 1 0 1 0 1 1
H -5 0 0 -1! 3 1 0 1 0 1 0 1 1
F -7! 0 0 -1 3 1 0 1 0 1 0 1 1 Forbidden_jump
L -6 0 0! 0 3 1 0 1 0 1 0 1 1
F -6 0 0 0 1! 1 0 1 0 1 0 1 1 Forbidden_jump
H -6 0 1 0 1! 2 0 1 0 1 0 1 1
F -6 0 -1! 0 1 2 0 1 0 1 0 1 1
H -5 0 -1! 1 1 2 0 1 0 1 0 1 1
F -5 0 -1 1 -1! 2 0 1 0 1 0 1 1 Forbidden_jump
H -5 0 0 1 -1! 3 0 1 0 1 0 1 1
F -5 0 0 -1! -1 3 0 1 0 1 0 1 1 Forbidden_jump
H -5 1 0 -1! 0 3 0 1 0 1 0 1 1
F -5 -1! 0 -1 0 3 0 1 0 1 0 1 1
R -4 -1 0! 0 0 3 0 1 0 1 0 1 1
F -4 -1 0 0 0 1! 0 1 0 1 0 1 1 Forbidden_jump
H -4 -1 0 1 0 1! 1 1 0 1 0 1 1
F -4 -1 0 -1! 0 1 1 1 0 1 0 1 1
H -4 0 0 -1! 1 1 1 1 0 1 0 1 1
F -6! 0 0 -1 1 1 1 1 0 1 0 1 1 Forbidden_jump
L -5 0 0! 0 1 1 1 1 0 1 0 1 1
F -7! 0 0 0 1 1 1 1 0 1 0 1 1
L -6 0 0! 1 1 1 1 1 0 1 0 1 1
F -8! 0 0 1 1 1 1 1 0 1 0 1 1
L -7 0 0! 2 1 1 1 1 0 1 0 1 1
F -7 0 0 0! 1 1 1 1 0 1 0 1 1
H -7 1 0 0! 2 1 1 1 0 1 0 1 1
F -7 -1! 0 0 2 1 1 1 0 1 0 1 1
R -6 -1 0! 1 2 1 1 1 0 1 0 1 1
F -6 -1 0 -1! 2 1 1 1 0 1 0 1 1
H -6 0 0 -1! 3 1 1 1 0 1 0 1 1
F -8! 0 0 -1 3 1 1 1 0 1 0 1 1 Forbidden_jump
L -7 0 0! 0 3 1 1 1 0 1 0 1 1
F -7 0 0 0 1! 1 1 1 0 1 0 1 1 Forbidden_jump
H -7 0 1 0 1! 2 1 1 0 1 0 1 1
F -7 0 -1! 0 1 2 1 1 0 1 0 1 1
H -6 0 -1! 1 1 2 1 1 0 1 0 1 1
F -6 0 -1 1 -1! 2 1 1 0 1 0 1 1 Forbidden_jump
H -6 0 0 1 -1! 3 1 1 0 1 0 1 1
F -6 0 0 -1! -1 3 1 1 0 1 0 1 1 Forbidden_jump
H -6 1 0 -1! 0 3 1 1 0 1 0 1 1
F -6 -1! 0 -1 0 3 1 1 0 1 0 1 1
R -5 -1 0! 0 0 3 1 1 0 1 0 1 1
F -5 -1 0 0 0 1! 1 1 0 1 0 1 1 Forbidden_jump
H -5 -1 0 1 0 1! 2 1 0 1 0 1 1
F -5 -1 0 -1! 0 1 2 1 0 1 0 1 1
H -5 0 0 -1! 1 1 2 1 0 1 0 1 1
F -7! 0 0 -1 1 1 2 1 0 1 0 1 1 Forbidden_jump
L -6 0 0! 0 1 1 2 1 0 1 0 1 1
F -6 0 0 0 1 1 0! 1 0 1 0 1 1 Forbidden_jump
H -6 0 0 0 2 1 0! 2 0 1 0 1 1
F -6 0 0 0 0! 1 0 2 0 1 0 1 1
H -6 0 1 0 0! 2 0 2 0 1 0 1 1
F -6 0 -1! 0 0 2 0 2 0 1 0 1 1
H -5 0 -1! 1 0 2 0 2 0 1 0 1 1
F -5 0 -1 1 0 0! 0 2 0 1 0 1 1 Forbidden_jump
H -5 0 -1 2 0 0! 1 2 0 1 0 1 1
F -5 0 -1 0! 0 0 1 2 0 1 0 1 1
H -5 1 -1 0! 1 0 1 2 0 1 0 1 1
F -5 -1! -1 0 1 0 1 2 0 1 0 1 1
R -4 -1 -1! 1 1 0 1 2 0 1 0 1 1
F -4 -1 -1 -1! 1 0 1 2 0 1 0 1 1
H -4 0 -1 -1! 2 0 1 2 0 1 0 1 1
F -4 0 -1 -1 0! 0 1 2 0 1 0 1 1
H -4 0 0 -1 0! 1 1 2 0 1 0 1 1
F -6! 0 0 -1 0 1 1 2 0 1 0 1 1 Forbidden_jump
L -5 0 0! 0 0 1 1 2 0 1 0 1 1
F -5 0 0 0 0 1 1 0! 0 1 0 1 1 Forbidden_jump
H -5 0 0 0 0 2 1 0! 1 1 0 1 1
F -5 0 0 0 0 0! 1 0 1 1 0 1 1
H -5 0 0 1 0 0! 2 0 1 1 0 1 1
F -5 0 0 1 0 0 0! 0 1 1 0 1 1
H -5 0 0 1 1 0 0! 1 1 1 0 1 1
F -7! 0 0 1 1 0 0 1 1 1 0 1 1 Forbidden_jump
L -6 0 0! 2 1 0 0 1 1 1 0 1 1
F -6 0 0 0! 1 0 0 1 1 1 0 1 1
H -6 1 0 0! 2 0 0 1 1 1 0 1 1
F -6 -1! 0 0 2 0 0 1 1 1 0 1 1
R -5 -1 0! 1 2 0 0 1 1 1 0 1 1
F -5 -1 0 -1! 2 0 0 1 1 1 0 1 1
H -5 0 0 -1! 3 0 0 1 1 1 0 1 1
F -7! 0 0 -1 3 0 0 1 1 1 0 1 1 Forbidden_jump
L -6 0 0! 0 3 0 0 1 1 1 0 1 1
F -6 0 0 0 1! 0 0 1 1 1 0 1 1 Forbidden_jump
H -6 0 1 0 1! 1 0 1 1 1 0 1 1
F -6 0 -1! 0 1 1 0 1 1 1 0 1 1
H -5 0 -1! 1 1 1 0 1 1 1 0 1 1
F -5 0 -1 1 -1! 1 0 1 1 1 0 1 1 Forbidden_jump
H -5 0 0 1 -1! 2 0 1 1 1 0 1 1
F -5 0 0 -1! -1 2 0 1 1 1 0 1 1 Forbidden_jump
H -5 1 0 -1! 0 2 0 1 1 1 0 1 1
F -5 -1! 0 -1 0 2 0 1 1 1 0 1 1
R -4 -1 0! 0 0 2 0 1 1 1 0 1 1
F -4 -1 0 0 0 0! 0 1 1 1 0 1 1 Forbidden_jump
H -4 -1 0 1 0 0! 1 1 1 1 0 1 1
F -4 -1 0 -1! 0 0 1 1 1 1 0 1 1
H -4 0 0 -1! 1 0 1 1 1 1 0 1 1
F -6! 0 0 -1 1 0 1 1 1 1 0 1 1 Forbidden_jump
L -5 0 0! 0 1 0 1 1 1 1 0 1 1
F -7! 0 0 0 1 0 1 1 1 1 0 1 1
L -6 0 0! 1 1 0 1 1 1 1 0 1 1
F -8! 0 0 1 1 0 1 1 1 1 0 1 1
L -7 0 0! 2 1 0 1 1 1 1 0 1 1
F -7 0 0 0! 1 0 1 1 1 1 0 1 1
H -7 1 0 0! 2 0 1 1 1 1 0 1 1
F -7 -1! 0 0 2 0 1 1 1 1 0 1 1
R -6 -1 0! 1 2 0 1 1 1 1 0 1 1
F -6 -1 0 -1! 2 0 1 1 1 1 0 1 1
H -6 0 0 -1! 3 0 1 1 1 1 0 1 1
F -8! 0 0 -1 3 0 1 1 1 1 0 1 1 Forbidden_jump
L -7 0 0! 0 3 0 1 1 1 1 0 1 1
F -7 0 0 0 1! 0 1 1 1 1 0 1 1 Forbidden_jump
H -7 0 1 0 1! 1 1 1 1 1 0 1 1
F -7 0 -1! 0 1 1 1 1 1 1 0 1 1
H -6 0 -1! 1 1 1 1 1 1 1 0 1 1
F -6 0 -1 1 -1! 1 1 1 1 1 0 1 1 Forbidden_jump
H -6 0 0 1 -1! 2 1 1 1 1 0 1 1
F -6 0 0 -1! -1 2 1 1 1 1 0 1 1 Forbidden_jump
H -6 1 0 -1! 0 2 1 1 1 1 0 1 1
F -6 -1! 0 -1 0 2 1 1 1 1 0 1 1
R -5 -1 0! 0 0 2 1 1 1 1 0 1 1
F -5 -1 0 0 0 0! 1 1 1 1 0 1 1 Forbidden_jump
H -5 -1 0 1 0 0! 2 1 1 1 0 1 1
F -5 -1 0 -1! 0 0 2 1 1 1 0 1 1
H -5 0 0 -1! 1 0 2 1 1 1 0 1 1
F -7! 0 0 -1 1 0 2 1 1 1 0 1 1 Forbidden_jump
L -6 0 0! 0 1 0 2 1 1 1 0 1 1
F -6 0 0 0 1 0 0! 1 1 1 0 1 1 Forbidden_jump
H -6 0 0 0 2 0 0! 2 1 1 0 1 1
F -6 0 0 0 0! 0 0 2 1 1 0 1 1
H -6 0 1 0 0! 1 0 2 1 1 0 1 1
F -6 0 -1! 0 0 1 0 2 1 1 0 1 1
H -5 0 -1! 1 0 1 0 2 1 1 0 1 1
F -5 0 -1 1 0 1 0 0! 1 1 0 1 1 Forbidden_jump
H -5 0 -1 1 0 2 0 0! 2 1 0 1 1
F -5 0 -1 1 0 0! 0 0 2 1 0 1 1
H -5 0 -1 2 0 0! 1 0 2 1 0 1 1
F -5 0 -1 0! 0 0 1 0 2 1 0 1 1
H -5 1 -1 0! 1 0 1 0 2 1 0 1 1
F -5 -1! -1 0 1 0 1 0 2 1 0 1 1
R -4 -1 -1! 1 1 0 1 0 2 1 0 1 1
F -4 -1 -1 -1! 1 0 1 0 2 1 0 1 1
H -4 0 -1 -1! 2 0 1 0 2 1 0 1 1
F -4 0 -1 -1 0! 0 1 0 2 1 0 1 1
H -4 0 0 -1 0! 1 1 0 2 1 0 1 1
F -6! 0 0 -1 0 1 1 0 2 1 0 1 1 Forbidden_jump
L -5 0 0! 0 0 1 1 0 2 1 0 1 1
F -5 0 0 0 0 1 1 0 0! 1 0 1 1 Forbidden_jump
H -5 0 0 0 0 1 2 0 0! 2 0 1 1
F -5 0 0 0 0 1 0! 0 0 2 0 1 1
H -5 0 0 0 1 1 0! 1 0 2 0 1 1
F -5 0 0 0 1 1 0 1 0 0! 0 1 1 Forbidden_jump
H -5 0 0 0 1 1 0 2 0 0! 1 1 1
F -5 0 0 0 1 1 0 0! 0 0 1 1 1
H -5 0 0 0 1 2 0 0! 1 0 1 1 1
F -5 0 0 0 1 0! 0 0 1 0 1 1 1
H -5 0 0 1 1 0! 1 0 1 0 1 1 1
F -7! 0 0 1 1 0 1 0 1 0 1 1 1 Forbidden_jump
L -6 0 0! 2 1 0 1 0 1 0 1 1 1
F -6 0 0 0! 1 0 1 0 1 0 1 1 1
H -6 1 0 0! 2 0 1 0 1 0 1 1 1
F -6 -1! 0 0 2 0 1 0 1 0 1 1 1
R -5 -1 0! 1 2 0 1 0 1 0 1 1 1
F -5 -1 0 -1! 2 0 1 0 1 0 1 1 1
H -5 0 0 -1! 3 0 1 0 1 0 1 1 1
F -7! 0 0 -1 3 0 1 0 1 0 1 1 1 Forbidden_jump
L -6 0 0! 0 3 0 1 0 1 0 1 1 1
F -6 0 0 0 1! 0 1 0 1 0 1 1 1 Forbidden_jump
H -6 0 1 0 1! 1 1 0 1 0 1 1 1
F -6 0 -1! 0 1 1 1 0 1 0 1 1 1
H -5 0 -1! 1 1 1 1 0 1 0 1 1 1
F -5 0 -1 1 -1! 1 1 0 1 0 1 1 1 Forbidden_jump
H -5 0 0 1 -1! 2 1 0 1 0 1 1 1
F -5 0 0 -1! -1 2 1 0 1 0 1 1 1 Forbidden_jump
H -5 1 0 -1! 0 2 1 0 1 0 1 1 1
F -5 -1! 0 -1 0 2 1 0 1 0 1 1 1
R -4 -1 0! 0 0 2 1 0 1 0 1 1 1
F -4 -1 0 0 0 0! 1 0 1 0 1 1 1 Forbidden_jump
H -4 -1 0 1 0 0! 2 0 1 0 1 1 1
F -4 -1 0 -1! 0 0 2 0 1 0 1 1 1
H -4 0 0 -1! 1 0 2 0 1 0 1 1 1
F -6! 0 0 -1 1 0 2 0 1 0 1 1 1 Forbidden_jump
L -5 0 0! 0 1 0 2 0 1 0 1 1 1
F -5 0 0 0 1 0 0! 0 1 0 1 1 1 Forbidden_jump
H -5 0 0 0 2 0 0! 1 1 0 1 1 1
F -5 0 0 0 0! 0 0 1 1 0 1 1 1
H -5 0 1 0 0! 1 0 1 1 0 1 1 1
F -5 0 -1! 0 0 1 0 1 1 0 1 1 1
H -4 0 -1! 1 0 1 0 1 1 0 1 1 1
F -6! 0 -1 1 0 1 0 1 1 0 1 1 1
L -5 0 -1! 2 0 1 0 1 1 0 1 1 1
F -5 0 -1 0! 0 1 0 1 1 0 1 1 1
H -5 1 -1 0! 1 1 0 1 1 0 1 1 1
F -5 -1! -1 0 1 1 0 1 1 0 1 1 1
R -4 -1 -1! 1 1 1 0 1 1 0 1 1 1
F -4 -1 -1 -1! 1 1 0 1 1 0 1 1 1
H -4 0 -1 -1! 2 1 0 1 1 0 1 1 1
F -4 0 -1 -1 0! 1 0 1 1 0 1 1 1
H -4 0 0 -1 0! 2 0 1 1 0 1 1 1
F -4 0 0 -1 0 0! 0 1 1 0 1 1 1
H -4 0 0 0 0 0! 1 1 1 0 1 1 1
F -6! 0 0 0 0 0 1 1 1 0 1 1 1 Forbidden_jump
L -5 0 0! 1 0 0 1 1 1 0 1 1 1
F -7! 0 0 1 0 0 1 1 1 0 1 1 1
L -6 0 0! 2 0 0 1 1 1 0 1 1 1
F -6 0 0 0! 0 0 1 1 1 0 1 1 1
H -6 1 0 0! 1 0 1 1 1 0 1 1 1
F -6 -1! 0 0 1 0 1 1 1 0 1 1 1
R -5 -1 0! 1 1 0 1 1 1 0 1 1 1
F -5 -1 0 -1! 1 0 1 1 1 0 1 1 1
H -5 0 0 -1! 2 0 1 1 1 0 1 1 1
F -7! 0 0 -1 2 0 1 1 1 0 1 1 1 Forbidden_jump
L -6 0 0! 0 2 0 1 1 1 0 1 1 1
F -6 0 0 0 0! 0 1 1 1 0 1 1 1 Forbidden_jump
H -6 0 1 0 0! 1 1 1 1 0 1 1 1
F -6 0 -1! 0 0 1 1 1 1 0 1 1 1
H -5 0 -1! 1 0 1 1 1 1 0 1 1 1
F -7! 0 -1 1 0 1 1 1 1 0 1 1 1
L -6 0 -1! 2 0 1 1 1 1 0 1 1 1
F -6 0 -1 0! 0 1 1 1 1 0 1 1 1
H -6 1 -1 0! 1 1 1 1 1 0 1 1 1
F -6 -1! -1 0 1 1 1 1 1 0 1 1 1
R -5 -1 -1! 1 1 1 1 1 1 0 1 1 1
F -5 -1 -1 -1! 1 1 1 1 1 0 1 1 1
H -5 0 -1 -1! 2 1 1 1 1 0 1 1 1
F -5 0 -1 -1 0! 1 1 1 1 0 1 1 1
H -5 0 0 -1 0! 2 1 1 1 0 1 1 1
F -5 0 0 -1 0 0! 1 1 1 0 1 1 1
H -5 0 0 0 0 0! 2 1 1 0 1 1 1
F -5 0 0 0 0 0 0! 1 1 0 1 1 1
H -5 0 0 0 1 0 0! 2 1 0 1 1 1
F -5 0 0 0 1 0 0 0! 1 0 1 1 1
H -5 0 0 0 1 1 0 0! 2 0 1 1 1
F -5 0 0 0 1 1 0 0 0! 0 1 1 1
H -5 0 0 0 1 1 1 0 0! 1 1 1 1
F -7! 0 0 0 1 1 1 0 0 1 1 1 1 Forbidden_jump
L -6 0 0! 1 1 1 1 0 0 1 1 1 1
F -8! 0 0 1 1 1 1 0 0 1 1 1 1
L -7 0 0! 2 1 1 1 0 0 1 1 1 1
F -7 0 0 0! 1 1 1 0 0 1 1 1 1
H -7 1 0 0! 2 1 1 0 0 1 1 1 1
F -7 -1! 0 0 2 1 1 0 0 1 1 1 1
R -6 -1 0! 1 2 1 1 0 0 1 1 1 1
F -6 -1 0 -1! 2 1 1 0 0 1 1 1 1
H -6 0 0 -1! 3 1 1 0 0 1 1 1 1
F -8! 0 0 -1 3 1 1 0 0 1 1 1 1 Forbidden_jump
L -7 0 0! 0 3 1 1 0 0 1 1 1 1
F -7 0 0 0 1! 1 1 0 0 1 1 1 1 Forbidden_jump
H -7 0 1 0 1! 2 1 0 0 1 1 1 1
F -7 0 -1! 0 1 2 1 0 0 1 1 1 1
H -6 0 -1! 1 1 2 1 0 0 1 1 1 1
F -6 0 -1 1 -1! 2 1 0 0 1 1 1 1 Forbidden_jump
H -6 0 0 1 -1! 3 1 0 0 1 1 1 1
F -6 0 0 -1! -1 3 1 0 0 1 1 1 1 Forbidden_jump
H -6 1 0 -1! 0 3 1 0 0 1 1 1 1
F -6 -1! 0 -1 0 3 1 0 0 1 1 1 1
R -5 -1 0! 0 0 3 1 0 0 1 1 1 1
F -5 -1 0 0 0 1! 1 0 0 1 1 1 1 Forbidden_jump
H -5 -1 0 1 0 1! 2 0 0 1 1 1 1
F -5 -1 0 -1! 0 1 2 0 0 1 1 1 1
H -5 0 0 -1! 1 1 2 0 0 1 1 1 1
F -7! 0 0 -1 1 1 2 0 0 1 1 1 1 Forbidden_jump
L -6 0 0! 0 1 1 2 0 0 1 1 1 1
F -6 0 0 0 1 1 0! 0 0 1 1 1 1 Forbidden_jump
H -6 0 0 0 2 1 0! 1 0 1 1 1 1
F -6 0 0 0 0! 1 0 1 0 1 1 1 1
H -6 0 1 0 0! 2 0 1 0 1 1 1 1
F -6 0 -1! 0 0 2 0 1 0 1 1 1 1
H -5 0 -1! 1 0 2 0 1 0 1 1 1 1
F -5 0 -1 1 0 0! 0 1 0 1 1 1 1 Forbidden_jump
H -5 0 -1 2 0 0! 1 1 0 1 1 1 1
F -5 0 -1 0! 0 0 1 1 0 1 1 1 1
H -5 1 -1 0! 1 0 1 1 0 1 1 1 1
F -5 -1! -1 0 1 0 1 1 0 1 1 1 1
R -4 -1 -1! 1 1 0 1 1 0 1 1 1 1
F -4 -1 -1 -1! 1 0 1 1 0 1 1 1 1
H -4 0 -1 -1! 2 0 1 1 0 1 1 1 1
F -4 0 -1 -1 0! 0 1 1 0 1 1 1 1
H -4 0 0 -1 0! 1 1 1 0 1 1 1 1
F -6! 0 0 -1 0 1 1 1 0 1 1 1 1 Forbidden_jump
L -5 0 0! 0 0 1 1 1 0 1 1 1 1
F -7! 0 0 0 0 1 1 1 0 1 1 1 1
L -6 0 0! 1 0 1 1 1 0 1 1 1 1
F -8! 0 0 1 0 1 1 1 0 1 1 1 1
L -7 0 0! 2 0 1 1 1 0 1 1 1 1
F -7 0 0 0! 0 1 1 1 0 1 1 1 1
H -7 1 0 0! 1 1 1 1 0 1 1 1 1
F -7 -1! 0 0 1 1 1 1 0 1 1 1 1
R -6 -1 0! 1 1 1 1 1 0 1 1 1 1
F -6 -1 0 -1! 1 1 1 1 0 1 1 1 1
H -6 0 0 -1! 2 1 1 1 0 1 1 1 1
F -8! 0 0 -1 2 1 1 1 0 1 1 1 1 Forbidden_jump
L -7 0 0! 0 2 1 1 1 0 1 1 1 1
F -7 0 0 0 0! 1 1 1 0 1 1 1 1 Forbidden_jump
H -7 0 1 0 0! 2 1 1 0 1 1 1 1
F -7 0 -1! 0 0 2 1 1 0 1 1 1 1
H -6 0 -1! 1 0 2 1 1 0 1 1 1 1
F -6 0 -1 1 0 0! 1 1 0 1 1 1 1 Forbidden_jump
H -6 0 -1 2 0 0! 2 1 0 1 1 1 1
F -6 0 -1 0! 0 0 2 1 0 1 1 1 1
H -6 1 -1 0! 1 0 2 1 0 1 1 1 1
F -6 -1! -1 0 1 0 2 1 0 1 1 1 1
R -5 -1 -1! 1 1 0 2 1 0 1 1 1 1
F -5 -1 -1 -1! 1 0 2 1 0 1 1 1 1
H -5 0 -1 -1! 2 0 2 1 0 1 1 1 1
F -5 0 -1 -1 0! 0 2 1 0 1 1 1 1
H -5 0 0 -1 0! 1 2 1 0 1 1 1 1
F -7! 0 0 -1 0 1 2 1 0 1 1 1 1 Forbidden_jump
L -6 0 0! 0 0 1 2 1 0 1 1 1 1
F -6 0 0 0 0 1 0! 1 0 1 1 1 1 Forbidden_jump
H -6 0 0 0 1 1 0! 2 0 1 1 1 1
F -6 0 0 0 1 1 0 0! 0 1 1 1 1
H -6 0 0 0 1 2 0 0! 1 1 1 1 1
F -6 0 0 0 1 0! 0 0 1 1 1 1 1
H -6 0 0 1 1 0! 1 0 1 1 1 1 1
F -8! 0 0 1 1 0 1 0 1 1 1 1 1 Forbidden_jump
L -7 0 0! 2 1 0 1 0 1 1 1 1 1
F -7 0 0 0! 1 0 1 0 1 1 1 1 1
H -7 1 0 0! 2 0 1 0 1 1 1 1 1
F -7 -1! 0 0 2 0 1 0 1 1 1 1 1
R -6 -1 0! 1 2 0 1 0 1 1 1 1 1
F -6 -1 0 -1! 2 0 1 0 1 1 1 1 1
H -6 0 0 -1! 3 0 1 0 1 1 1 1 1
F -8! 0 0 -1 3 0 1 0 1 1 1 1 1 Forbidden_jump
L -7 0 0! 0 3 0 1 0 1 1 1 1 1
F -7 0 0 0 1! 0 1 0 1 1 1 1 1 Forbidden_jump
H -7 0 1 0 1! 1 1 0 1 1 1 1 1
F -7 0 -1! 0 1 1 1 0 1 1 1 1 1
H -6 0 -1! 1 1 1 1 0 1 1 1 1 1
F -6 0 -1 1 -1! 1 1 0 1 1 1 1 1 Forbidden_jump
H -6 0 0 1 -1! 2 1 0 1 1 1 1 1
F -6 0 0 -1! -1 2 1 0 1 1 1 1 1 Forbidden_jump
H -6 1 0 -1! 0 2 1 0 1 1 1 1 1
F -6 -1! 0 -1 0 2 1 0 1 1 1 1 1
R -5 -1 0! 0 0 2 1 0 1 1 1 1 1
F -5 -1 0 0 0 0! 1 0 1 1 1 1 1 Forbidden_jump
H -5 -1 0 1 0 0! 2 0 1 1 1 1 1
F -5 -1 0 -1! 0 0 2 0 1 1 1 1 1
H -5 0 0 -1! 1 0 2 0 1 1 1 1 1
F -7! 0 0 -1 1 0 2 0 1 1 1 1 1 Forbidden_jump
L -6 0 0! 0 1 0 2 0 1 1 1 1 1
F -6 0 0 0 1 0 0! 0 1 1 1 1 1 Forbidden_jump
H -6 0 0 0 2 0 0! 1 1 1 1 1 1
F -6 0 0 0 0! 0 0 1 1 1 1 1 1
H -6 0 1 0 0! 1 0 1 1 1 1 1 1
F -6 0 -1! 0 0 1 0 1 1 1 1 1 1
H -5 0 -1! 1 0 1 0 1 1 1 1 1 1
F -7! 0 -1 1 0 1 0 1 1 1 1 1 1
L -6 0 -1! 2 0 1 0 1 1 1 1 1 1
F -6 0 -1 0! 0 1 0 1 1 1 1 1 1
H -6 1 -1 0! 1 1 0 1 1 1 1 1 1
F -6 -1! -1 0 1 1 0 1 1 1 1 1 1
R -5 -1 -1! 1 1 1 0 1 1 1 1 1 1
F -5 -1 -1 -1! 1 1 0 1 1 1 1 1 1
H -5 0 -1 -1! 2 1 0 1 1 1 1 1 1
F -5 0 -1 -1 0! 1 0 1 1 1 1 1 1
H -5 0 0 -1 0! 2 0 1 1 1 1 1 1
F -5 0 0 -1 0 0! 0 1 1 1 1 1 1
H -5 0 0 0 0 0! 1 1 1 1 1 1 1
F -7! 0 0 0 0 0 1 1 1 1 1 1 1 Forbidden_jump
L -6 0 0! 1 0 0 1 1 1 1 1 1 1
F -8! 0 0 1 0 0 1 1 1 1 1 1 1
L -7 0 0! 2 0 0 1 1 1 1 1 1 1
F -7 0 0 0! 0 0 1 1 1 1 1 1 1
H -7 1 0 0! 1 0 1 1 1 1 1 1 1
F -7 -1! 0 0 1 0 1 1 1 1 1 1 1
R -6 -1 0! 1 1 0 1 1 1 1 1 1 1
F -6 -1 0 -1! 1 0 1 1 1 1 1 1 1
H -6 0 0 -1! 2 0 1 1 1 1 1 1 1
F -8! 0 0 -1 2 0 1 1 1 1 1 1 1 Forbidden_jump
L -7 0 0! 0 2 0 1 1 1 1 1 1 1
F -7 0 0 0 0! 0 1 1 1 1 1 1 1 Forbidden_jump
H -7 0 1 0 0! 1 1 1 1 1 1 1 1
F -7 0 -1! 0 0 1 1 1 1 1 1 1 1
H -6 0 -1! 1 0 1 1 1 1 1 1 1 1
F -8! 0 -1 1 0 1 1 1 1 1 1 1 1
L -7 0 -1! 2 0 1 1 1 1 1 1 1 1
F -7 0 -1 0! 0 1 1 1 1 1 1 1 1
H -7 1 -1 0! 1 1 1 1 1 1 1 1 1
F -7 -1! -1 0 1 1 1 1 1 1 1 1 1
R -6 -1 -1! 1 1 1 1 1 1 1 1 1 1
F -6 -1 -1 -1! 1 1 1 1 1 1 1 1 1
H -6 0 -1 -1! 2 1 1 1 1 1 1 1 1
F -6 0 -1 -1 0! 1 1 1 1 1 1 1 1
H -6 0 0 -1 0! 2 1 1 1 1 1 1 1
F -6 0 0 -1 0 0! 1 1 1 1 1 1 1
H -6 0 0 0 0 0! 2 1 1 1 1 1 1
F -6 0 0 0 0 0 0! 1 1 1 1 1 1
H -6 0 0 0 1 0 0! 2 1 1 1 1 1
F -6 0 0 0 1 0 0 0! 1 1 1 1 1
H -6 0 0 0 1 1 0 0! 2 1 1 1 1
F -6 0 0 0 1 1 0 0 0! 1 1 1 1
H -6 0 0 0 1 1 1 0 0! 2 1 1 1
F -6 0 0 0 1 1 1 0 0 0! 1 1 1
H -6 0 0 0 1 1 1 1 0 0! 2 1 1
F -6 0 0 0 1 1 1 1 0 0 0! 1 1
H -6 0 0 0 1 1 1 1 1 0 0! 2 1
F -6 0 0 0 1 1 1 1 1 0 0 0! 1
H -6 0 0 0 1 1 1 1 1 1 0 0! 2
F -6 0 0 0 1 1 1 1 1 1 0 0 0!
H -6 0 0 0 1 1 1 1 1 1 1 0 0! 1
F -8! 0 0 0 1 1 1 1 1 1 1 0 0 1 Forbidden_jump
L -7 0 0! 1 1 1 1 1 1 1 1 0 0 1
F -9! 0 0 1 1 1 1 1 1 1 1 0 0 1
L -8 0 0! 2 1 1 1 1 1 1 1 0 0 1
F -8 0 0 0! 1 1 1 1 1 1 1 0 0 1
H -8 1 0 0! 2 1 1 1 1 1 1 0 0 1
F -8 -1! 0 0 2 1 1 1 1 1 1 0 0 1
R -7 -1 0! 1 2 1 1 1 1 1 1 0 0 1
F -7 -1 0 -1! 2 1 1 1 1 1 1 0 0 1
H -7 0 0 -1! 3 1 1 1 1 1 1 0 0 1
F -9! 0 0 -1 3 1 1 1 1 1 1 0 0 1 Forbidden_jump
L -8 0 0! 0 3 1 1 1 1 1 1 0 0 1
F -8 0 0 0 1! 1 1 1 1 1 1 0 0 1 Forbidden_jump
H -8 0 1 0 1! 2 1 1 1 1 1 0 0 1
F -8 0 -1! 0 1 2 1 1 1 1 1 0 0 1
H -7 0 -1! 1 1 2 1 1 1 1 1 0 0 1
F -7 0 -1 1 -1! 2 1 1 1 1 1 0 0 1 Forbidden_jump
H -7 0 0 1 -1! 3 1 1 1 1 1 0 0 1
F -7 0 0 -1! -1 3 1 1 1 1 1 0 0 1 Forbidden_jump
H -7 1 0 -1! 0 3 1 1 1 1 1 0 0 1
F -7 -1! 0 -1 0 3 1 1 1 1 1 0 0 1
R -6 -1 0! 0 0 3 1 1 1 1 1 0 0 1
F -6 -1 0 0 0 1! 1 1 1 1 1 0 0 1 Forbidden_jump
H -6 -1 0 1 0 1! 2 1 1 1 1 0 0 1
F -6 -1 0 -1! 0 1 2 1 1 1 1 0 0 1
H -6 0 0 -1! 1 1 2 1 1 1 1 0 0 1
F -8! 0 0 -1 1 1 2 1 1 1 1 0 0 1 Forbidden_jump
L -7 0 0! 0 1 1 2 1 1 1 1 0 0 1
F -7 0 0 0 1 1 0! 1 1 1 1 0 0 1 Forbidden_jump
H -7 0 0 0 2 1 0! 2 1 1 1 0 0 1
F -7 0 0 0 0! 1 0 2 1 1 1 0 0 1
H -7 0 1 0 0! 2 0 2 1 1 1 0 0 1
F -7 0 -1! 0 0 2 0 2 1 1 1 0 0 1
H -6 0 -1! 1 0 2 0 2 1 1 1 0 0 1
F -6 0 -1 1 0 0! 0 2 1 1 1 0 0 1 Forbidden_jump
H -6 0 -1 2 0 0! 1 2 1 1 1 0 0 1
F -6 0 -1 0! 0 0 1 2 1 1 1 0 0 1
H -6 1 -1 0! 1 0 1 2 1 1 1 0 0 1
F -6 -1! -1 0 1 0 1 2 1 1 1 0 0 1
R -5 -1 -1! 1 1 0 1 2 1 1 1 0 0 1
F -5 -1 -1 -1! 1 0 1 2 1 1 1 0 0 1
H -5 0 -1 -1! 2 0 1 2 1 1 1 0 0 1
F -5 0 -1 -1 0! 0 1 2 1 1 1 0 0 1
H -5 0 0 -1 0! 1 1 2 1 1 1 0 0 1
F -7! 0 0 -1 0 1 1 2 1 1 1 0 0 1 Forbidden_jump
L -6 0 0! 0 0 1 1 2 1 1 1 0 0 1
F -6 0 0 0 0 1 1 0! 1 1 1 0 0 1 Forbidden_jump
H -6 0 0 0 0 2 1 0! 2 1 1 0 0 1
F -6 0 0 0 0 0! 1 0 2 1 1 0 0 1
H -6 0 0 1 0 0! 2 0 2 1 1 0 0 1
F -6 0 0 1 0 0 0! 0 2 1 1 0 0 1
H -6 0 0 1 1 0 0! 1 2 1 1 0 0 1
F -6 0 0 1 1 0 0 1 0! 1 1 0 0 1 Forbidden_jump
H -6 0 0 1 1 0 1 1 0! 2 1 0 0 1
F -6 0 0 1 1 0 1 1 0 0! 1 0 0 1
H -6 0 0 1 1 0 1 2 0 0! 2 0 0 1
F -6 0 0 1 1 0 1 0! 0 0 2 0 0 1
H -6 0 0 1 1 1 1 0! 1 0 2 0 0 1
F -6 0 0 1 1 1 1 0 1 0 0! 0 0 1 Forbidden_jump
H -6 0 0 1 1 1 1 0 2 0 0! 1 0 1
F -6 0 0 1 1 1 1 0 0! 0 0 1 0 1
H -6 0 0 1 1 1 2 0 0! 1 0 1 0 1
F -6 0 0 1 1 1 0! 0 0 1 0 1 0 1
H -6 0 0 1 2 1 0! 1 0 1 0 1 0 1
F -6 0 0 1 0! 1 0 1 0 1 0 1 0 1
H -6 0 1 1 0! 2 0 1 0 1 0 1 0 1
F -6 0 -1! 1 0 2 0 1 0 1 0 1 0 1
H -5 0 -1! 2 0 2 0 1 0 1 0 1 0 1
F -5 0 -1 0! 0 2 0 1 0 1 0 1 0 1
H -5 1 -1 0! 1 2 0 1 0 1 0 1 0 1
F -5 -1! -1 0 1 2 0 1 0 1 0 1 0 1
R -4 -1 -1! 1 1 2 0 1 0 1 0 1 0 1
F -4 -1 -1 -1! 1 2 0 1 0 1 0 1 0 1
H -4 0 -1 -1! 2 2 0 1 0 1 0 1 0 1
F -4 0 -1 -1 0! 2 0 1 0 1 0 1 0 1
H -4 0 0 -1 0! 3 0 1 0 1 0 1 0 1
F -4 0 0 -1 0 1! 0 1 0 1 0 1 0 1
H -4 0 0 0 0 1! 1 1 0 1 0 1 0 1
F -6! 0 0 0 0 1 1 1 0 1 0 1 0 1 Forbidden_jump
L -5 0 0! 1 0 1 1 1 0 1 0 1 0 1
F -7! 0 0 1 0 1 1 1 0 1 0 1 0 1
L -6 0 0! 2 0 1 1 1 0 1 0 1 0 1
F -6 0 0 0! 0 1 1 1 0 1 0 1 0 1
H -6 1 0 0! 1 1 1 1 0 1 0 1 0 1
F -6 -1! 0 0 1 1 1 1 0 1 0 1 0 1
R -5 -1 0! 1 1 1 1 1 0 1 0 1 0 1
F -5 -1 0 -1! 1 1 1 1 0 1 0 1 0 1
H -5 0 0 -1! 2 1 1 1 0 1 0 1 0 1
F -7! 0 0 -1 2 1 1 1 0 1 0 1 0 1 Forbidden_jump
L -6 0 0! 0 2 1 1 1 0 1 0 1 0 1
F -6 0 0 0 0! 1 1 1 0 1 0 1 0 1 Forbidden_jump
H -6 0 1 0 0! 2 1 1 0 1 0 1 0 1
F -6 0 -1! 0 0 2 1 1 0 1 0 1 0 1
H -5 0 -1! 1 0 2 1 1 0 1 0 1 0 1
F -5 0 -1 1 0 0! 1 1 0 1 0 1 0 1 Forbidden_jump
H -5 0 -1 2 0 0! 2 1 0 1 0 1 0 1
F -5 0 -1 0! 0 0 2 1 0 1 0 1 0 1
H -5 1 -1 0! 1 0 2 1 0 1 0 1 0 1
F -5 -1! -1 0 1 0 2 1 0 1 0 1 0 1
R -4 -1 -1! 1 1 0 2 1 0 1 0 1 0 1
F -4 -1 -1 -1! 1 0 2 1 0 1 0 1 0 1
H -4 0 -1 -1! 2 0 2 1 0 1 0 1 0 1
F -4 0 -1 -1 0! 0 2 1 0 1 0 1 0 1
H -4 0 0 -1 0! 1 2 1 0 1 0 1 0 1
F -6! 0 0 -1 0 1 2 1 0 1 0 1 0 1 Forbidden_jump
L -5 0 0! 0 0 1 2 1 0 1 0 1 0 1
F -5 0 0 0 0 1 0! 1 0 1 0 1 0 1 Forbidden_jump
H -5 0 0 0 1 1 0! 2 0 1 0 1 0 1
F -5 0 0 0 1 1 0 0! 0 1 0 1 0 1
H -5 0 0 0 1 2 0 0! 1 1 0 1 0 1
F -5 0 0 0 1 0! 0 0 1 1 0 1 0 1
H -5 0 0 1 1 0! 1 0 1 1 0 1 0 1
F -7! 0 0 1 1 0 1 0 1 1 0 1 0 1 Forbidden_jump
L -6 0 0! 2 1 0 1 0 1 1 0 1 0 1
F -6 0 0 0! 1 0 1 0 1 1 0 1 0 1
H -6 1 0 0! 2 0 1 0 1 1 0 1 0 1
F -6 -1! 0 0 2 0 1 0 1 1 0 1 0 1
R -5 -1 0! 1 2 0 1 0 1 1 0 1 0 1
F -5 -1 0 -1! 2 0 1 0 1 1 0 1 0 1
H -5 0 0 -1! 3 0 1 0 1 1 0 1 0 1
F -7! 0 0 -1 3 0 1 0 1 1 0 1 0 1 Forbidden_jump
L -6 0 0! 0 3 0 1 0 1 1 0 1 0 1
F -6 0 0 0 1! 0 1 0 1 1 0 1 0 1 Forbidden_jump
H -6 0 1 0 1! 1 1 0 1 1 0 1 0 1
F -6 0 -1! 0 1 1 1 0 1 1 0 1 0 1
H -5 0 -1! 1 1 1 1 0 1 1 0 1 0 1
F -5 0 -1 1 -1! 1 1 0 1 1 0 1 0 1 Forbidden_jump
H -5 0 0 1 -1! 2 1 0 1 1 0 1 0 1
F -5 0 0 -1! -1 2 1 0 1 1 0 1 0 1 Forbidden_jump
H -5 1 0 -1! 0 2 1 0 1 1 0 1 0 1
F -5 -1! 0 -1 0 2 1 0 1 1 0 1 0 1
R -4 -1 0! 0 0 2 1 0 1 1 0 1 0 1
F -4 -1 0 0 0 0! 1 0 1 1 0 1 0 1 Forbidden_jump
H -4 -1 0 1 0 0! 2 0 1 1 0 1 0 1
F -4 -1 0 -1! 0 0 2 0 1 1 0 1 0 1
H -4 0 0 -1! 1 0 2 0 1 1 0 1 0 1
F -6! 0 0 -1 1 0 2 0 1 1 0 1 0 1 Forbidden_jump
L -5 0 0! 0 1 0 2 0 1 1 0 1 0 1
F -5 0 0 0 1 0 0! 0 1 1 0 1 0 1 Forbidden_jump
H -5 0 0 0 2 0 0! 1 1 1 0 1 0 1
F -5 0 0 0 0! 0 0 1 1 1 0 1 0 1
H -5 0 1 0 0! 1 0 1 1 1 0 1 0 1
F -5 0 -1! 0 0 1 0 1 1 1 0 1 0 1
H -4 0 -1! 1 0 1 0 1 1 1 0 1 0 1
F -6! 0 -1 1 0 1 0 1 1 1 0 1 0 1
L -5 0 -1! 2 0 1 0 1 1 1 0 1 0 1
F -5 0 -1 0! 0 1 0 1 1 1 0 1 0 1
H -5 1 -1 0! 1 1 0 1 1 1 0 1 0 1
F -5 -1! -1 0 1 1 0 1 1 1 0 1 0 1
R -4 -1 -1! 1 1 1 0 1 1 1 0 1 0 1
F -4 -1 -1 -1! 1 1 0 1 1 1 0 1 0 1
H -4 0 -1 -1! 2 1 0 1 1 1 0 1 0 1
F -4 0 -1 -1 0! 1 0 1 1 1 0 1 0 1
H -4 0 0 -1 0! 2 0 1 1 1 0 1 0 1
F -4 0 0 -1 0 0! 0 1 1 1 0 1 0 1
H -4 0 0 0 0 0! 1 1 1 1 0 1 0 1
F -6! 0 0 0 0 0 1 1 1 1 0 1 0 1 Forbidden_jump
L -5 0 0! 1 0 0 1 1 1 1 0 1 0 1
F -7! 0 0 1 0 0 1 1 1 1 0 1 0 1
L -6 0 0! 2 0 0 1 1 1 1 0 1 0 1
F -6 0 0 0! 0 0 1 1 1 1 0 1 0 1
H -6 1 0 0! 1 0 1 1 1 1 0 1 0 1
F -6 -1! 0 0 1 0 1 1 1 1 0 1 0 1
R -5 -1 0! 1 1 0 1 1 1 1 0 1 0 1
F -5 -1 0 -1! 1 0 1 1 1 1 0 1 0 1
H -5 0 0 -1! 2 0 1 1 1 1 0 1 0 1
F -7! 0 0 -1 2 0 1 1 1 1 0 1 0 1 Forbidden_jump
L -6 0 0! 0 2 0 1 1 1 1 0 1 0 1
F -6 0 0 0 0! 0 1 1 1 1 0 1 0 1 Forbidden_jump
H -6 0 1 0 0! 1 1 1 1 1 0 1 0 1
F -6 0 -1! 0 0 1 1 1 1 1 0 1 0 1
H -5 0 -1! 1 0 1 1 1 1 1 0 1 0 1
F -7! 0 -1 1 0 1 1 1 1 1 0 1 0 1
L -6 0 -1! 2 0 1 1 1 1 1 0 1 0 1
F -6 0 -1 0! 0 1 1 1 1 1 0 1 0 1
H -6 1 -1 0! 1 1 1 1 1 1 0 1 0 1
F -6 -1! -1 0 1 1 1 1 1 1 0 1 0 1
R -5 -1 -1! 1 1 1 1 1 1 1 0 1 0 1
F -5 -1 -1 -1! 1 1 1 1 1 1 0 1 0 1
H -5 0 -1 -1! 2 1 1 1 1 1 0 1 0 1
F -5 0 -1 -1 0! 1 1 1 1 1 0 1 0 1
H -5 0 0 -1 0! 2 1 1 1 1 0 1 0 1
F -5 0 0 -1 0 0! 1 1 1 1 0 1 0 1
H -5 0 0 0 0 0! 2 1 1 1 0 1 0 1
F -5 0 0 0 0 0 0! 1 1 1 0 1 0 1
H -5 0 0 0 1 0 0! 2 1 1 0 1 0 1
F -5 0 0 0 1 0 0 0! 1 1 0 1 0 1
H -5 0 0 0 1 1 0 0! 2 1 0 1 0 1
F -5 0 0 0 1 1 0 0 0! 1 0 1 0 1
H -5 0 0 0 1 1 1 0 0! 2 0 1 0 1
F -5 0 0 0 1 1 1 0 0 0! 0 1 0 1
H -5 0 0 0 1 1 1 1 0 0! 1 1 0 1
F -7! 0 0 0 1 1 1 1 0 0 1 1 0 1 Forbidden_jump
L -6 0 0! 1 1 1 1 1 0 0 1 1 0 1
203 122
