L 1! -4 0 2 2 3 2 -10 3 1
L 0! -3 1 2 2 2 2 -9 1 2
L 0! -1 1 1 1 2 1 -8 1 2
L 0! 0 0 2 0 1 2 -8 1 2
R 1 0! 1 0 1 0 1 -7 1 2
L 0! 0 1 1 1 0 1 -7 1 2
L 0! 1 0 1 0 1 1 -7 1 2
R 1 0! 0 0 1 1 1 -7 1 2
L 0! 0 0 1 1 1 1 -7 1 2
L -1! 1 1 1 1 0 0 -5 1 0 1
R 0 0! 1 0 2 0 0 -5 1 0 1
L 0! 0 0 2 0 1 0 -5 1 0 1
L -1! 1 0 1 1 1 0 -5 1 0 1
R 0 0! 0 0 2 1 0 -5 1 0 1
L -1! 1 1 0 1 0 1 -5 1 0 1
R 0 -1! 1 1 1 0 1 -5 1 0 1
L 0! 0 0 1 0 1 1 -5 1 0 1
L -1! 1 0 0 1 1 1 -5 1 0 1
R 0 -1! 0 1 1 1 1 -5 1 0 1
L -1! 0 1 1 1 0 0 -4 1 0 1
L -1! 1 0 1 0 1 0 -4 1 0 1
R 0 0! 0 0 1 1 0 -4 1 0 1
L -1! 0 0 1 1 1 0 -4 1 0 1
R 0 -1! 1 1 0 0 1 -4 1 0 1
L -1! 0 1 0 1 0 1 -4 1 0 1
L -1! 1 0 0 0 1 1 -4 1 0 1
R 0 -1! 0 1 0 1 1 -4 1 0 1
L -1! 0 0 0 1 1 1 -4 1 0 1
R 0 -1! 1 0 1 0 0 -3 1 0 1
L -1! -1 1 1 1 0 0 -3 1 0 1
L -1! 0 0 1 0 1 0 -3 1 0 1
R 0 -1! 0 0 1 1 0 -3 1 0 1
L -1! -1 0 1 1 1 0 -3 1 0 1
L -1! 1 -1 0 1 0 1 -3 1 0 1
R 0 -1! -1 1 1 0 1 -3 1 0 1
L -1! 0 0 0 0 1 1 -3 1 0 1
R 0 -1! 0 -1 1 1 1 -3 1 0 1
L -1! -1 0 0 1 1 1 -3 1 0 1
L -1! 0 -1 1 1 0 0 -2 1 0 1
R 0 -1! 0 0 0 1 0 -2 1 0 1
L -1! -1 0 1 0 1 0 -2 1 0 1
L -1! 1 -1 0 0 0 1 -2 1 0 1
R 0 -1! -1 1 0 0 1 -2 1 0 1
L -1! 0 -1 0 1 0 1 -2 1 0 1
R 0 -1! 0 -1 0 1 1 -2 1 0 1
L -1! -1 0 0 0 1 1 -2 1 0 1
L -1! 0 -1 1 0 0 0 -1 1 0 1
R 0 -1! -1 0 1 0 0 -1 1 0 1
L -1! -1 -1 1 1 0 0 -1 1 0 1
R 0 -1! 0 -1 1 -1 1 -1 1 0 1
L -1! -1 0 0 1 -1 1 -1 1 0 1
L -1! 0 -1 0 0 0 1 -1 1 0 1
R 0 -1! -1 -1 1 0 1 -1 1 0 1
L -1! -1 -1 0 1 0 1 -1 1 0 1
L -1! 0 -1 1 -1 0 0 0 1 0 1
R 0 -1! -1 0 0 0 0 0 1 0 1
L -1! -1 -1 1 0 0 0 0 1 0 1
R 0 -1! 0 -1 0 -1 1 0 1 0 1
L -1! -1 0 0 0 -1 1 0 1 0 1
L -1! 0 -1 0 -1 0 1 0 1 0 1
R 0 -1! -1 -1 0 0 1 0 1 0 1
L -1! -1 -1 0 0 0 1 0 1 0 1
L -1! 0 -1 1 -1 1 -1 0 0 1 1
R 0 -1! -1 0 0 1 -1 0 0 1 1
L -1! -1 -1 1 0 1 -1 0 0 1 1
R 0 -1! 0 -1 0 0 0 0 0 1 1
L -1! -1 0 0 0 0 0 0 0 1 1
L -1! 0 -1 0 -1 1 0 0 0 1 1
R 0 -1! -1 -1 0 1 0 0 0 1 1
L -1! -1 -1 0 0 1 0 0 0 1 1
R 0 -1! 0 -1 1 -1 0 -1 1 1 1
L -1! -1 0 0 1 -1 0 -1 1 1 1
L -1! 0 -1 0 0 0 0 -1 1 1 1
R 0 -1! -1 -1 1 0 0 -1 1 1 1
L -1! -1 -1 0 1 0 0 -1 1 1 1
L -1! 0 -1 1 -1 0 -1 0 1 1 1
R 0 -1! -1 0 0 0 -1 0 1 1 1
L -1! -1 -1 1 0 0 -1 0 1 1 1
R 0 -1! 0 -1 0 -1 0 0 1 1 1
L -1! -1 0 0 0 -1 0 0 1 1 1
L -1! 0 -1 0 -1 0 0 0 1 1 1
R 0 -1! -1 -1 0 0 0 0 1 1 1
L -1! -1 -1 0 0 0 0 0 1 1 1
L -1! 0 -1 1 -1 1 -1 1 -1 1 0 1
R 0 -1! -1 0 0 1 -1 1 -1 1 0 1
L -1! -1 -1 1 0 1 -1 1 -1 1 0 1
R 0 -1! 0 -1 0 0 0 1 -1 1 0 1
L -1! -1 0 0 0 0 0 1 -1 1 0 1
L -1! 0 -1 0 -1 1 0 1 -1 1 0 1
R 0 -1! -1 -1 0 1 0 1 -1 1 0 1
L -1! -1 -1 0 0 1 0 1 -1 1 0 1
R 0 -1! 0 -1 1 -1 0 0 0 1 0 1
L -1! -1 0 0 1 -1 0 0 0 1 0 1
L -1! 0 -1 0 0 0 0 0 0 1 0 1
R 0 -1! -1 -1 1 0 0 0 0 1 0 1
L -1! -1 -1 0 1 0 0 0 0 1 0 1
L -1! 0 -1 1 -1 0 -1 1 0 1 0 1
R 0 -1! -1 0 0 0 -1 1 0 1 0 1
L -1! -1 -1 1 0 0 -1 1 0 1 0 1
R 0 -1! 0 -1 0 -1 0 1 0 1 0 1
Last_forbidden_jump_during_chip: 47
