L 0! 1 1 1 -4 2 -1 -1 1
R 1 0! 1 0 -3 2 -1 -1 1
L 0! 0 1 1 -3 2 -1 -1 1
L -1! 1 1 1 -2 0 0 -1 1
R 0 0! 1 0 -1 0 0 -1 1
L -1! 0 1 1 -1 0 0 -1 1
R 0 -1! 1 0 0 0 0 -1 1
L -1! -1 1 1 0 0 0 -1 1
L -1! 0 -1 1 1 0 0 -1 1
R 0 -1! 0 0 0 1 0 -1 1
L -1! -1 0 1 0 1 0 -1 1
L -1! 1 -1 0 0 0 1 -1 1
R 0 -1! -1 1 0 0 1 -1 1
L -1! 0 -1 0 1 0 1 -1 1
R 0 -1! 0 -1 0 1 1 -1 1
L -1! -1 0 0 0 1 1 -1 1
L -1! 0 -1 1 0 0 0 0 1
R 0 -1! -1 0 1 0 0 0 1
L -1! -1 -1 1 1 0 0 0 1
R 0 -1! 0 -1 1 -1 1 0 1
L -1! -1 0 0 1 -1 1 0 1
L -1! 0 -1 0 0 0 1 0 1
R 0 -1! -1 -1 1 0 1 0 1
L -1! -1 -1 0 1 0 1 0 1
L -1! 0 -1 1 -1 0 0 1 1
R 0 -1! -1 0 0 0 0 1 1
L -1! -1 -1 1 0 0 0 1 1
R 0 -1! 0 -1 0 -1 1 1 1
L -1! -1 0 0 0 -1 1 1 1
L -1! 0 -1 0 -1 0 1 1 1
R 0 -1! -1 -1 0 0 1 1 1
L -1! -1 -1 0 0 0 1 1 1
L -1! 0 -1 1 -1 1 -1 1 0 1
R 0 -1! -1 0 0 1 -1 1 0 1
L -1! -1 -1 1 0 1 -1 1 0 1
R 0 -1! 0 -1 0 0 0 1 0 1
L -1! -1 0 0 0 0 0 1 0 1
L -1! 0 -1 0 -1 1 0 1 0 1
R 0 -1! -1 -1 0 1 0 1 0 1
L -1! -1 -1 0 0 1 0 1 0 1
R 0 -1! 0 -1 1 -1 0 0 1 1
L -1! -1 0 0 1 -1 0 0 1 1
L -1! 0 -1 0 0 0 0 0 1 1
R 0 -1! -1 -1 1 0 0 0 1 1
L -1! -1 -1 0 1 0 0 0 1 1
L -1! 0 -1 1 -1 0 -1 1 1 1
R 0 -1! -1 0 0 0 -1 1 1 1
L -1! -1 -1 1 0 0 -1 1 1 1
R 0 -1! 0 -1 0 -1 0 1 1 1
L -1! -1 0 0 0 -1 0 1 1 1
L -1! 0 -1 0 -1 0 0 1 1 1
R 0 -1! -1 -1 0 0 0 1 1 1
L -1! -1 -1 0 0 0 0 1 1 1
R 0 -1! 0 -1 1 -1 1 -1 1 0 1
L -1! -1 0 0 1 -1 1 -1 1 0 1
L -1! 0 -1 0 0 0 1 -1 1 0 1
R 0 -1! -1 -1 1 0 1 -1 1 0 1
L -1! -1 -1 0 1 0 1 -1 1 0 1
L -1! 0 -1 1 -1 0 0 0 1 0 1
R 0 -1! -1 0 0 0 0 0 1 0 1
L -1! -1 -1 1 0 0 0 0 1 0 1
R 0 -1! 0 -1 0 -1 1 0 1 0 1
L -1! -1 0 0 0 -1 1 0 1 0 1
L -1! 0 -1 0 -1 0 1 0 1 0 1
R 0 -1! -1 -1 0 0 1 0 1 0 1
L -1! -1 -1 0 0 0 1 0 1 0 1
L -1! 0 -1 1 -1 1 -1 0 0 1 1
R 0 -1! -1 0 0 1 -1 0 0 1 1
L -1! -1 -1 1 0 1 -1 0 0 1 1
R 0 -1! 0 -1 0 0 0 0 0 1 1
L -1! -1 0 0 0 0 0 0 0 1 1
L -1! 0 -1 0 -1 1 0 0 0 1 1
R 0 -1! -1 -1 0 1 0 0 0 1 1
L -1! -1 -1 0 0 1 0 0 0 1 1
R 0 -1! 0 -1 1 -1 0 -1 1 1 1
L -1! -1 0 0 1 -1 0 -1 1 1 1
L -1! 0 -1 0 0 0 0 -1 1 1 1
R 0 -1! -1 -1 1 0 0 -1 1 1 1
L -1! -1 -1 0 1 0 0 -1 1 1 1
L -1! 0 -1 1 -1 0 -1 0 1 1 1
R 0 -1! -1 0 0 0 -1 0 1 1 1
L -1! -1 -1 1 0 0 -1 0 1 1 1
R 0 -1! 0 -1 0 -1 0 0 1 1 1
L -1! -1 0 0 0 -1 0 0 1 1 1
L -1! 0 -1 0 -1 0 0 0 1 1 1
R 0 -1! -1 -1 0 0 0 0 1 1 1
L -1! -1 -1 0 0 0 0 0 1 1 1
L -1! 0 -1 1 -1 1 -1 1 -1 1 0 1
R 0 -1! -1 0 0 1 -1 1 -1 1 0 1
L -1! -1 -1 1 0 1 -1 1 -1 1 0 1
R 0 -1! 0 -1 0 0 0 1 -1 1 0 1
L -1! -1 0 0 0 0 0 1 -1 1 0 1
L -1! 0 -1 0 -1 1 0 1 -1 1 0 1
R 0 -1! -1 -1 0 1 0 1 -1 1 0 1
L -1! -1 -1 0 0 1 0 1 -1 1 0 1
R 0 -1! 0 -1 1 -1 0 0 0 1 0 1
L -1! -1 0 0 1 -1 0 0 0 1 0 1
L -1! 0 -1 0 0 0 0 0 0 1 0 1
R 0 -1! -1 -1 1 0 0 0 0 1 0 1
L -1! -1 -1 0 1 0 0 0 0 1 0 1
Last_forbidden_jump_during_chip: 17
