L 2! 3 -3 -2 -3 3
L 1! 3 -3 -1 -3 3
Forbidden_jump_on_chip: 3
R 2 1! -3 0 -3 3
L 1! 1 -3 1 -3 3
Forbidden_jump_on_chip: 5
Forbidden_jump_on_chip: 5
L 0! 2 -3 1 -2 1 1
Forbidden_jump_on_chip: 6
R 1 0! -3 2 -2 1 1
Forbidden_jump_on_chip: 7
L 0! 1 -3 1 -1 1 1
R 1 0! -3 0 0 1 1
L 0! 0 -3 1 0 1 1
Forbidden_jump_on_chip: 10
L -1! 1 -3 0 1 1 1
Forbidden_jump_on_chip: 11
R 0 -1! -3 1 1 1 1
Forbidden_jump_on_chip: 12
L -1! 0 -2 1 1 0 0 1
Forbidden_jump_on_chip: 13
R 0 -1! -1 0 0 1 0 1
L -1! -1 -1 1 0 1 0 1
R 0 -1! 0 -1 0 0 1 1
L -1! -1 0 0 0 0 1 1
L -1! 0 -1 0 -1 1 1 1
R 0 -1! -1 -1 0 1 1 1
L -1! -1 -1 0 0 1 1 1
R 0 -1! 0 -1 1 -1 1 0 1
L -1! -1 0 0 1 -1 1 0 1
L -1! 0 -1 0 0 0 1 0 1
R 0 -1! -1 -1 1 0 1 0 1
L -1! -1 -1 0 1 0 1 0 1
L -1! 0 -1 1 -1 0 0 1 1
R 0 -1! -1 0 0 0 0 1 1
L -1! -1 -1 1 0 0 0 1 1
R 0 -1! 0 -1 0 -1 1 1 1
L -1! -1 0 0 0 -1 1 1 1
L -1! 0 -1 0 -1 0 1 1 1
R 0 -1! -1 -1 0 0 1 1 1
L -1! -1 -1 0 0 0 1 1 1
L -1! 0 -1 1 -1 1 -1 1 0 1
R 0 -1! -1 0 0 1 -1 1 0 1
L -1! -1 -1 1 0 1 -1 1 0 1
R 0 -1! 0 -1 0 0 0 1 0 1
L -1! -1 0 0 0 0 0 1 0 1
L -1! 0 -1 0 -1 1 0 1 0 1
R 0 -1! -1 -1 0 1 0 1 0 1
L -1! -1 -1 0 0 1 0 1 0 1
R 0 -1! 0 -1 1 -1 0 0 1 1
L -1! -1 0 0 1 -1 0 0 1 1
L -1! 0 -1 0 0 0 0 0 1 1
R 0 -1! -1 -1 1 0 0 0 1 1
L -1! -1 -1 0 1 0 0 0 1 1
L -1! 0 -1 1 -1 0 -1 1 1 1
R 0 -1! -1 0 0 0 -1 1 1 1
L -1! -1 -1 1 0 0 -1 1 1 1
R 0 -1! 0 -1 0 -1 0 1 1 1
L -1! -1 0 0 0 -1 0 1 1 1
L -1! 0 -1 0 -1 0 0 1 1 1
R 0 -1! -1 -1 0 0 0 1 1 1
L -1! -1 -1 0 0 0 0 1 1 1
R 0 -1! 0 -1 1 -1 1 -1 1 0 1
L -1! -1 0 0 1 -1 1 -1 1 0 1
L -1! 0 -1 0 0 0 1 -1 1 0 1
R 0 -1! -1 -1 1 0 1 -1 1 0 1
L -1! -1 -1 0 1 0 1 -1 1 0 1
L -1! 0 -1 1 -1 0 0 0 1 0 1
R 0 -1! -1 0 0 0 0 0 1 0 1
L -1! -1 -1 1 0 0 0 0 1 0 1
R 0 -1! 0 -1 0 -1 1 0 1 0 1
L -1! -1 0 0 0 -1 1 0 1 0 1
L -1! 0 -1 0 -1 0 1 0 1 0 1
R 0 -1! -1 -1 0 0 1 0 1 0 1
L -1! -1 -1 0 0 0 1 0 1 0 1
L -1! 0 -1 1 -1 1 -1 0 0 1 1
R 0 -1! -1 0 0 1 -1 0 0 1 1
L -1! -1 -1 1 0 1 -1 0 0 1 1
R 0 -1! 0 -1 0 0 0 0 0 1 1
L -1! -1 0 0 0 0 0 0 0 1 1
L -1! 0 -1 0 -1 1 0 0 0 1 1
R 0 -1! -1 -1 0 1 0 0 0 1 1
L -1! -1 -1 0 0 1 0 0 0 1 1
R 0 -1! 0 -1 1 -1 0 -1 1 1 1
L -1! -1 0 0 1 -1 0 -1 1 1 1
L -1! 0 -1 0 0 0 0 -1 1 1 1
R 0 -1! -1 -1 1 0 0 -1 1 1 1
L -1! -1 -1 0 1 0 0 -1 1 1 1
L -1! 0 -1 1 -1 0 -1 0 1 1 1
R 0 -1! -1 0 0 0 -1 0 1 1 1
L -1! -1 -1 1 0 0 -1 0 1 1 1
R 0 -1! 0 -1 0 -1 0 0 1 1 1
L -1! -1 0 0 0 -1 0 0 1 1 1
L -1! 0 -1 0 -1 0 0 0 1 1 1
R 0 -1! -1 -1 0 0 0 0 1 1 1
L -1! -1 -1 0 0 0 0 0 1 1 1
L -1! 0 -1 1 -1 1 -1 1 -1 1 0 1
R 0 -1! -1 0 0 1 -1 1 -1 1 0 1
L -1! -1 -1 1 0 1 -1 1 -1 1 0 1
R 0 -1! 0 -1 0 0 0 1 -1 1 0 1
L -1! -1 0 0 0 0 0 1 -1 1 0 1
L -1! 0 -1 0 -1 1 0 1 -1 1 0 1
R 0 -1! -1 -1 0 1 0 1 -1 1 0 1
L -1! -1 -1 0 0 1 0 1 -1 1 0 1
R 0 -1! 0 -1 1 -1 0 0 0 1 0 1
L -1! -1 0 0 1 -1 0 0 0 1 0 1
L -1! 0 -1 0 0 0 0 0 0 1 0 1
R 0 -1! -1 -1 1 0 0 0 0 1 0 1
L -1! -1 -1 0 1 0 0 0 0 1 0 1
