L 9! 0 -20 11
L 8! 1 -20 10 1
L 7! 2 -20 9 2
L 6! 3 -20 8 3
L 5! 4 -20 7 4
L 4! 5 -20 6 5
R 5 4! -20 5 6
L 4! 4 -20 6 6
L 3! 5 -19 5 5 1
R 4 4! -19 4 6 1
L 3! 4 -18 5 4 2
R 4 3! -18 4 5 2
L 3! 3 -18 5 5 2
L 2! 4 -17 4 4 3
R 3 3! -17 3 5 3
L 2! 3 -16 4 3 4
R 3 2! -16 3 4 4
L 2! 2 -16 4 4 4
R 3 2! -15 2 4 3 1
L 2! 2 -15 3 4 3 1
L 1! 3 -14 3 3 2 2
R 2 2! -14 2 4 2 2
L 1! 2 -13 3 2 3 2
R 2 1! -13 2 3 3 2
L 1! 1 -13 3 3 3 2
R 2 1! -12 1 3 2 3
L 1! 1 -12 2 3 2 3
L 0! 2 -10 2 1 2 2 1
R 1 1! -10 1 2 2 2 1
L 0! 1 -10 2 2 2 2 1
R 1 0! -9 2 2 1 1 2
L 0! 1 -8 1 1 2 1 2
R 1 0! -8 0 2 2 1 2
L 0! 0 -8 1 2 2 1 2
R 1 0! -6 0 1 1 1 1 1
L 0! 0 -6 1 1 1 1 1 1
L -1! 1 -5 1 1 1 1 0 0 1
R 0 0! -5 0 2 1 1 0 0 1
L -1! 1 -3 0 0 1 0 1 0 1
R 0 -1! -3 1 0 1 0 1 0 1
L -1! 0 -3 0 1 1 0 1 0 1
R 0 -1! -2 0 0 0 1 1 0 1
L -1! -1 -2 1 0 0 1 1 0 1
R 0 -1! -1 -1 1 0 0 0 1 1
L -1! -1 -1 0 1 0 0 0 1 1
L -1! 0 -1 1 -1 0 -1 1 1 1
R 0 -1! -1 0 0 0 -1 1 1 1
L -1! -1 -1 1 0 0 -1 1 1 1
R 0 -1! 0 -1 0 -1 0 1 1 1
L -1! -1 0 0 0 -1 0 1 1 1
L -1! 0 -1 0 -1 0 0 1 1 1
R 0 -1! -1 -1 0 0 0 1 1 1
L -1! -1 -1 0 0 0 0 1 1 1
R 0 -1! 0 -1 1 -1 1 -1 1 0 1
L -1! -1 0 0 1 -1 1 -1 1 0 1
L -1! 0 -1 0 0 0 1 -1 1 0 1
R 0 -1! -1 -1 1 0 1 -1 1 0 1
L -1! -1 -1 0 1 0 1 -1 1 0 1
L -1! 0 -1 1 -1 0 0 0 1 0 1
R 0 -1! -1 0 0 0 0 0 1 0 1
L -1! -1 -1 1 0 0 0 0 1 0 1
R 0 -1! 0 -1 0 -1 1 0 1 0 1
L -1! -1 0 0 0 -1 1 0 1 0 1
L -1! 0 -1 0 -1 0 1 0 1 0 1
R 0 -1! -1 -1 0 0 1 0 1 0 1
L -1! -1 -1 0 0 0 1 0 1 0 1
L -1! 0 -1 1 -1 1 -1 0 0 1 1
R 0 -1! -1 0 0 1 -1 0 0 1 1
L -1! -1 -1 1 0 1 -1 0 0 1 1
R 0 -1! 0 -1 0 0 0 0 0 1 1
L -1! -1 0 0 0 0 0 0 0 1 1
L -1! 0 -1 0 -1 1 0 0 0 1 1
R 0 -1! -1 -1 0 1 0 0 0 1 1
L -1! -1 -1 0 0 1 0 0 0 1 1
R 0 -1! 0 -1 1 -1 0 -1 1 1 1
L -1! -1 0 0 1 -1 0 -1 1 1 1
L -1! 0 -1 0 0 0 0 -1 1 1 1
R 0 -1! -1 -1 1 0 0 -1 1 1 1
L -1! -1 -1 0 1 0 0 -1 1 1 1
L -1! 0 -1 1 -1 0 -1 0 1 1 1
R 0 -1! -1 0 0 0 -1 0 1 1 1
L -1! -1 -1 1 0 0 -1 0 1 1 1
R 0 -1! 0 -1 0 -1 0 0 1 1 1
L -1! -1 0 0 0 -1 0 0 1 1 1
L -1! 0 -1 0 -1 0 0 0 1 1 1
R 0 -1! -1 -1 0 0 0 0 1 1 1
L -1! -1 -1 0 0 0 0 0 1 1 1
L -1! 0 -1 1 -1 1 -1 1 -1 1 0 1
R 0 -1! -1 0 0 1 -1 1 -1 1 0 1
L -1! -1 -1 1 0 1 -1 1 -1 1 0 1
R 0 -1! 0 -1 0 0 0 1 -1 1 0 1
L -1! -1 0 0 0 0 0 1 -1 1 0 1
L -1! 0 -1 0 -1 1 0 1 -1 1 0 1
R 0 -1! -1 -1 0 1 0 1 -1 1 0 1
L -1! -1 -1 0 0 1 0 1 -1 1 0 1
R 0 -1! 0 -1 1 -1 0 0 0 1 0 1
L -1! -1 0 0 1 -1 0 0 0 1 0 1
L -1! 0 -1 0 0 0 0 0 0 1 0 1
R 0 -1! -1 -1 1 0 0 0 0 1 0 1
L -1! -1 -1 0 1 0 0 0 0 1 0 1
Last_forbidden_jump_during_chip: 44
