L 3! 3 -8 0 4 -1
L 2! 3 -8 1 4 -1
L 1! 3 -7 2 2 0
R 2 1! -7 3 2 0
L 1! 2 -7 2 3 0
R 2 1! -6 1 2 1
L 1! 1 -6 2 2 1
L 0! 2 -5 1 1 2
R 1 0! -5 2 1 2
L 0! 1 -5 1 2 2
R 1 0! -4 1 1 1 1
L 0! 0 -4 2 1 1 1
R 1 0! -3 0 1 0 2
L 0! 0 -3 1 1 0 2
L -1! 1 -2 0 1 1 0 1
R 0 -1! -2 1 1 1 0 1
L -1! 0 -1 1 0 0 1 1
R 0 -1! -1 0 1 0 1 1
L -1! -1 -1 1 1 0 1 1
R 0 -1! 1 -1 0 1 0 0 1
L -1! -1 1 0 0 1 0 0 1
L -1! 0 -1 0 1 1 0 0 1
R 0 -1! 0 0 0 0 1 0 1
L -1! -1 0 1 0 0 1 0 1
L -1! 0 -1 1 -1 1 1 0 1
R 0 -1! -1 0 0 1 1 0 1
L -1! -1 -1 1 0 1 1 0 1
R 0 -1! 0 -1 1 0 0 1 1
L -1! -1 0 0 1 0 0 1 1
L -1! 0 -1 0 0 1 0 1 1
R 0 -1! -1 -1 1 1 0 1 1
L -1! -1 -1 0 1 1 0 1 1
L -1! 1 -1 0 0 0 1 0 0 1
R 0 -1! -1 1 0 0 1 0 0 1
L -1! 0 -1 0 1 0 1 0 0 1
R 0 -1! 0 -1 0 1 1 0 0 1
L -1! -1 0 0 0 1 1 0 0 1
L -1! 0 -1 1 0 0 0 1 0 1
R 0 -1! -1 0 1 0 0 1 0 1
L -1! -1 -1 1 1 0 0 1 0 1
R 0 -1! 0 -1 1 -1 1 1 0 1
L -1! -1 0 0 1 -1 1 1 0 1
L -1! 0 -1 0 0 0 1 1 0 1
R 0 -1! -1 -1 1 0 1 1 0 1
L -1! -1 -1 0 1 0 1 1 0 1
L -1! 0 -1 1 -1 1 0 0 1 1
R 0 -1! -1 0 0 1 0 0 1 1
L -1! -1 -1 1 0 1 0 0 1 1
R 0 -1! 0 -1 0 0 1 0 1 1
L -1! -1 0 0 0 0 1 0 1 1
L -1! 0 -1 0 -1 1 1 0 1 1
R 0 -1! -1 -1 0 1 1 0 1 1
L -1! -1 -1 0 0 1 1 0 1 1
R 0 -1! 1 -1 0 0 0 1 0 0 1
L -1! -1 1 0 0 0 0 1 0 0 1
L -1! 0 -1 0 1 0 0 1 0 0 1
R 0 -1! 0 -1 0 1 0 1 0 0 1
L -1! -1 0 0 0 1 0 1 0 0 1
L -1! 0 -1 1 -1 0 1 1 0 0 1
R 0 -1! -1 0 0 0 1 1 0 0 1
L -1! -1 -1 1 0 0 1 1 0 0 1
R 0 -1! 0 -1 1 0 0 0 1 0 1
L -1! -1 0 0 1 0 0 0 1 0 1
L -1! 0 -1 0 0 1 0 0 1 0 1
R 0 -1! -1 -1 1 1 0 0 1 0 1
L -1! -1 -1 0 1 1 0 0 1 0 1
L -1! 0 -1 1 -1 1 -1 1 1 0 1
R 0 -1! -1 0 0 1 -1 1 1 0 1
L -1! -1 -1 1 0 1 -1 1 1 0 1
R 0 -1! 0 -1 0 0 0 1 1 0 1
L -1! -1 0 0 0 0 0 1 1 0 1
L -1! 0 -1 0 -1 1 0 1 1 0 1
R 0 -1! -1 -1 0 1 0 1 1 0 1
L -1! -1 -1 0 0 1 0 1 1 0 1
R 0 -1! 0 -1 1 -1 1 0 0 1 1
L -1! -1 0 0 1 -1 1 0 0 1 1
L -1! 0 -1 0 0 0 1 0 0 1 1
R 0 -1! -1 -1 1 0 1 0 0 1 1
L -1! -1 -1 0 1 0 1 0 0 1 1
L -1! 0 -1 1 -1 0 0 1 0 1 1
R 0 -1! -1 0 0 0 0 1 0 1 1
L -1! -1 -1 1 0 0 0 1 0 1 1
R 0 -1! 0 -1 0 -1 1 1 0 1 1
L -1! -1 0 0 0 -1 1 1 0 1 1
L -1! 0 -1 0 -1 0 1 1 0 1 1
R 0 -1! -1 -1 0 0 1 1 0 1 1
L -1! -1 -1 0 0 0 1 1 0 1 1
L -1! 1 -1 0 0 0 0 0 1 0 0 1
R 0 -1! -1 1 0 0 0 0 1 0 0 1
L -1! 0 -1 0 1 0 0 0 1 0 0 1
R 0 -1! 0 -1 0 1 0 0 1 0 0 1
L -1! -1 0 0 0 1 0 0 1 0 0 1
L -1! 0 -1 1 -1 0 1 0 1 0 0 1
R 0 -1! -1 0 0 0 1 0 1 0 0 1
L -1! -1 -1 1 0 0 1 0 1 0 0 1
R 0 -1! 0 -1 1 -1 0 1 1 0 0 1
L -1! -1 0 0 1 -1 0 1 1 0 0 1
L -1! 0 -1 0 0 0 0 1 1 0 0 1
R 0 -1! -1 -1 1 0 0 1 1 0 0 1
L -1! -1 -1 0 1 0 0 1 1 0 0 1
L -1! 0 -1 1 -1 1 0 0 0 1 0 1
R 0 -1! -1 0 0 1 0 0 0 1 0 1
L -1! -1 -1 1 0 1 0 0 0 1 0 1
R 0 -1! 0 -1 0 0 1 0 0 1 0 1
L -1! -1 0 0 0 0 1 0 0 1 0 1
L -1! 0 -1 0 -1 1 1 0 0 1 0 1
R 0 -1! -1 -1 0 1 1 0 0 1 0 1
L -1! -1 -1 0 0 1 1 0 0 1 0 1
R 0 -1! 0 -1 1 -1 1 -1 1 1 0 1
L -1! -1 0 0 1 -1 1 -1 1 1 0 1
L -1! 0 -1 0 0 0 1 -1 1 1 0 1
R 0 -1! -1 -1 1 0 1 -1 1 1 0 1
L -1! -1 -1 0 1 0 1 -1 1 1 0 1
L -1! 0 -1 1 -1 0 0 0 1 1 0 1
R 0 -1! -1 0 0 0 0 0 1 1 0 1
L -1! -1 -1 1 0 0 0 0 1 1 0 1
R 0 -1! 0 -1 0 -1 1 0 1 1 0 1
L -1! -1 0 0 0 -1 1 0 1 1 0 1
L -1! 0 -1 0 -1 0 1 0 1 1 0 1
R 0 -1! -1 -1 0 0 1 0 1 1 0 1
L -1! -1 -1 0 0 0 1 0 1 1 0 1
L -1! 0 -1 1 -1 1 -1 1 0 0 1 1
R 0 -1! -1 0 0 1 -1 1 0 0 1 1
L -1! -1 -1 1 0 1 -1 1 0 0 1 1
R 0 -1! 0 -1 0 0 0 1 0 0 1 1
L -1! -1 0 0 0 0 0 1 0 0 1 1
L -1! 0 -1 0 -1 1 0 1 0 0 1 1
R 0 -1! -1 -1 0 1 0 1 0 0 1 1
L -1! -1 -1 0 0 1 0 1 0 0 1 1
R 0 -1! 0 -1 1 -1 0 0 1 0 1 1
L -1! -1 0 0 1 -1 0 0 1 0 1 1
L -1! 0 -1 0 0 0 0 0 1 0 1 1
R 0 -1! -1 -1 1 0 0 0 1 0 1 1
L -1! -1 -1 0 1 0 0 0 1 0 1 1
L -1! 0 -1 1 -1 0 -1 1 1 0 1 1
R 0 -1! -1 0 0 0 -1 1 1 0 1 1
L -1! -1 -1 1 0 0 -1 1 1 0 1 1
R 0 -1! 0 -1 0 -1 0 1 1 0 1 1
L -1! -1 0 0 0 -1 0 1 1 0 1 1
L -1! 0 -1 0 -1 0 0 1 1 0 1 1
R 0 -1! -1 -1 0 0 0 1 1 0 1 1
L -1! -1 -1 0 0 0 0 1 1 0 1 1
R 0 -1! 1 -1 0 0 0 0 0 1 0 0 1
L -1! -1 1 0 0 0 0 0 0 1 0 0 1
L -1! 0 -1 0 1 0 0 0 0 1 0 0 1
R 0 -1! 0 -1 0 1 0 0 0 1 0 0 1
L -1! -1 0 0 0 1 0 0 0 1 0 0 1
L -1! 0 -1 1 -1 0 1 0 0 1 0 0 1
R 0 -1! -1 0 0 0 1 0 0 1 0 0 1
L -1! -1 -1 1 0 0 1 0 0 1 0 0 1
R 0 -1! 0 -1 1 -1 0 1 0 1 0 0 1
L -1! -1 0 0 1 -1 0 1 0 1 0 0 1
L -1! 0 -1 0 0 0 0 1 0 1 0 0 1
R 0 -1! -1 -1 1 0 0 1 0 1 0 0 1
L -1! -1 -1 0 1 0 0 1 0 1 0 0 1
L -1! 0 -1 1 -1 1 -1 0 1 1 0 0 1
R 0 -1! -1 0 0 1 -1 0 1 1 0 0 1
L -1! -1 -1 1 0 1 -1 0 1 1 0 0 1
R 0 -1! 0 -1 0 0 0 0 1 1 0 0 1
L -1! -1 0 0 0 0 0 0 1 1 0 0 1
L -1! 0 -1 0 -1 1 0 0 1 1 0 0 1
R 0 -1! -1 -1 0 1 0 0 1 1 0 0 1
L -1! -1 -1 0 0 1 0 0 1 1 0 0 1
R 0 -1! 0 -1 1 -1 1 0 0 0 1 0 1
L -1! -1 0 0 1 -1 1 0 0 0 1 0 1
L -1! 0 -1 0 0 0 1 0 0 0 1 0 1
R 0 -1! -1 -1 1 0 1 0 0 0 1 0 1
L -1! -1 -1 0 1 0 1 0 0 0 1 0 1
L -1! 0 -1 1 -1 0 0 1 0 0 1 0 1
R 0 -1! -1 0 0 0 0 1 0 0 1 0 1
L -1! -1 -1 1 0 0 0 1 0 0 1 0 1
R 0 -1! 0 -1 0 -1 1 1 0 0 1 0 1
L -1! -1 0 0 0 -1 1 1 0 0 1 0 1
L -1! 0 -1 0 -1 0 1 1 0 0 1 0 1
R 0 -1! -1 -1 0 0 1 1 0 0 1 0 1
L -1! -1 -1 0 0 0 1 1 0 0 1 0 1
L -1! 0 -1 1 -1 1 -1 1 -1 1 1 0 1
R 0 -1! -1 0 0 1 -1 1 -1 1 1 0 1
L -1! -1 -1 1 0 1 -1 1 -1 1 1 0 1
R 0 -1! 0 -1 0 0 0 1 -1 1 1 0 1
L -1! -1 0 0 0 0 0 1 -1 1 1 0 1
L -1! 0 -1 0 -1 1 0 1 -1 1 1 0 1
R 0 -1! -1 -1 0 1 0 1 -1 1 1 0 1
L -1! -1 -1 0 0 1 0 1 -1 1 1 0 1
R 0 -1! 0 -1 1 -1 0 0 0 1 1 0 1
L -1! -1 0 0 1 -1 0 0 0 1 1 0 1
L -1! 0 -1 0 0 0 0 0 0 1 1 0 1
R 0 -1! -1 -1 1 0 0 0 0 1 1 0 1
L -1! -1 -1 0 1 0 0 0 0 1 1 0 1
L -1! 0 -1 1 -1 0 -1 1 0 1 1 0 1
R 0 -1! -1 0 0 0 -1 1 0 1 1 0 1
L -1! -1 -1 1 0 0 -1 1 0 1 1 0 1
R 0 -1! 0 -1 0 -1 0 1 0 1 1 0 1
L -1! -1 0 0 0 -1 0 1 0 1 1 0 1
L -1! 0 -1 0 -1 0 0 1 0 1 1 0 1
R 0 -1! -1 -1 0 0 0 1 0 1 1 0 1
L -1! -1 -1 0 0 0 0 1 0 1 1 0 1
R 0 -1! 0 -1 1 -1 1 -1 1 0 0 1 1
L -1! -1 0 0 1 -1 1 -1 1 0 0 1 1
L -1! 0 -1 0 0 0 1 -1 1 0 0 1 1
R 0 -1! -1 -1 1 0 1 -1 1 0 0 1 1
L -1! -1 -1 0 1 0 1 -1 1 0 0 1 1
L -1! 0 -1 1 -1 0 0 0 1 0 0 1 1
R 0 -1! -1 0 0 0 0 0 1 0 0 1 1
L -1! -1 -1 1 0 0 0 0 1 0 0 1 1
R 0 -1! 0 -1 0 -1 1 0 1 0 0 1 1
L -1! -1 0 0 0 -1 1 0 1 0 0 1 1
L -1! 0 -1 0 -1 0 1 0 1 0 0 1 1
R 0 -1! -1 -1 0 0 1 0 1 0 0 1 1
L -1! -1 -1 0 0 0 1 0 1 0 0 1 1
L -1! 0 -1 1 -1 1 -1 0 0 1 0 1 1
R 0 -1! -1 0 0 1 -1 0 0 1 0 1 1
L -1! -1 -1 1 0 1 -1 0 0 1 0 1 1
R 0 -1! 0 -1 0 0 0 0 0 1 0 1 1
L -1! -1 0 0 0 0 0 0 0 1 0 1 1
L -1! 0 -1 0 -1 1 0 0 0 1 0 1 1
R 0 -1! -1 -1 0 1 0 0 0 1 0 1 1
L -1! -1 -1 0 0 1 0 0 0 1 0 1 1
R 0 -1! 0 -1 1 -1 0 -1 1 1 0 1 1
L -1! -1 0 0 1 -1 0 -1 1 1 0 1 1
L -1! 0 -1 0 0 0 0 -1 1 1 0 1 1
R 0 -1! -1 -1 1 0 0 -1 1 1 0 1 1
L -1! -1 -1 0 1 0 0 -1 1 1 0 1 1
L -1! 0 -1 1 -1 0 -1 0 1 1 0 1 1
R 0 -1! -1 0 0 0 -1 0 1 1 0 1 1
L -1! -1 -1 1 0 0 -1 0 1 1 0 1 1
R 0 -1! 0 -1 0 -1 0 0 1 1 0 1 1
L -1! -1 0 0 0 -1 0 0 1 1 0 1 1
L -1! 0 -1 0 -1 0 0 0 1 1 0 1 1
R 0 -1! -1 -1 0 0 0 0 1 1 0 1 1
L -1! -1 -1 0 0 0 0 0 1 1 0 1 1
L -1! 1 -1 0 0 0 0 0 0 0 1 0 0 1
R 0 -1! -1 1 0 0 0 0 0 0 1 0 0 1
L -1! 0 -1 0 1 0 0 0 0 0 1 0 0 1
R 0 -1! 0 -1 0 1 0 0 0 0 1 0 0 1
L -1! -1 0 0 0 1 0 0 0 0 1 0 0 1
L -1! 0 -1 1 -1 0 1 0 0 0 1 0 0 1
R 0 -1! -1 0 0 0 1 0 0 0 1 0 0 1
L -1! -1 -1 1 0 0 1 0 0 0 1 0 0 1
R 0 -1! 0 -1 1 -1 0 1 0 0 1 0 0 1
L -1! -1 0 0 1 -1 0 1 0 0 1 0 0 1
L -1! 0 -1 0 0 0 0 1 0 0 1 0 0 1
R 0 -1! -1 -1 1 0 0 1 0 0 1 0 0 1
L -1! -1 -1 0 1 0 0 1 0 0 1 0 0 1
L -1! 0 -1 1 -1 1 -1 0 1 0 1 0 0 1
R 0 -1! -1 0 0 1 -1 0 1 0 1 0 0 1
L -1! -1 -1 1 0 1 -1 0 1 0 1 0 0 1
R 0 -1! 0 -1 0 0 0 0 1 0 1 0 0 1
L -1! -1 0 0 0 0 0 0 1 0 1 0 0 1
L -1! 0 -1 0 -1 1 0 0 1 0 1 0 0 1
R 0 -1! -1 -1 0 1 0 0 1 0 1 0 0 1
L -1! -1 -1 0 0 1 0 0 1 0 1 0 0 1
R 0 -1! 0 -1 1 -1 1 -1 0 1 1 0 0 1
L -1! -1 0 0 1 -1 1 -1 0 1 1 0 0 1
L -1! 0 -1 0 0 0 1 -1 0 1 1 0 0 1
R 0 -1! -1 -1 1 0 1 -1 0 1 1 0 0 1
L -1! -1 -1 0 1 0 1 -1 0 1 1 0 0 1
L -1! 0 -1 1 -1 0 0 0 0 1 1 0 0 1
R 0 -1! -1 0 0 0 0 0 0 1 1 0 0 1
L -1! -1 -1 1 0 0 0 0 0 1 1 0 0 1
R 0 -1! 0 -1 0 -1 1 0 0 1 1 0 0 1
L -1! -1 0 0 0 -1 1 0 0 1 1 0 0 1
L -1! 0 -1 0 -1 0 1 0 0 1 1 0 0 1
R 0 -1! -1 -1 0 0 1 0 0 1 1 0 0 1
L -1! -1 -1 0 0 0 1 0 0 1 1 0 0 1
L -1! 0 -1 1 -1 1 -1 1 0 0 0 1 0 1
R 0 -1! -1 0 0 1 -1 1 0 0 0 1 0 1
L -1! -1 -1 1 0 1 -1 1 0 0 0 1 0 1
R 0 -1! 0 -1 0 0 0 1 0 0 0 1 0 1
L -1! -1 0 0 0 0 0 1 0 0 0 1 0 1
L -1! 0 -1 0 -1 1 0 1 0 0 0 1 0 1
R 0 -1! -1 -1 0 1 0 1 0 0 0 1 0 1
L -1! -1 -1 0 0 1 0 1 0 0 0 1 0 1
R 0 -1! 0 -1 1 -1 0 0 1 0 0 1 0 1
L -1! -1 0 0 1 -1 0 0 1 0 0 1 0 1
L -1! 0 -1 0 0 0 0 0 1 0 0 1 0 1
R 0 -1! -1 -1 1 0 0 0 1 0 0 1 0 1
L -1! -1 -1 0 1 0 0 0 1 0 0 1 0 1
L -1! 0 -1 1 -1 0 -1 1 1 0 0 1 0 1
R 0 -1! -1 0 0 0 -1 1 1 0 0 1 0 1
L -1! -1 -1 1 0 0 -1 1 1 0 0 1 0 1
R 0 -1! 0 -1 0 -1 0 1 1 0 0 1 0 1
L -1! -1 0 0 0 -1 0 1 1 0 0 1 0 1
L -1! 0 -1 0 -1 0 0 1 1 0 0 1 0 1
R 0 -1! -1 -1 0 0 0 1 1 0 0 1 0 1
L -1! -1 -1 0 0 0 0 1 1 0 0 1 0 1
R 0 -1! 0 -1 1 -1 1 -1 1 -1 1 1 0 1
L -1! -1 0 0 1 -1 1 -1 1 -1 1 1 0 1
L -1! 0 -1 0 0 0 1 -1 1 -1 1 1 0 1
R 0 -1! -1 -1 1 0 1 -1 1 -1 1 1 0 1
L -1! -1 -1 0 1 0 1 -1 1 -1 1 1 0 1
L -1! 0 -1 1 -1 0 0 0 1 -1 1 1 0 1
R 0 -1! -1 0 0 0 0 0 1 -1 1 1 0 1
L -1! -1 -1 1 0 0 0 0 1 -1 1 1 0 1
R 0 -1! 0 -1 0 -1 1 0 1 -1 1 1 0 1
L -1! -1 0 0 0 -1 1 0 1 -1 1 1 0 1
L -1! 0 -1 0 -1 0 1 0 1 -1 1 1 0 1
R 0 -1! -1 -1 0 0 1 0 1 -1 1 1 0 1
L -1! -1 -1 0 0 0 1 0 1 -1 1 1 0 1
L -1! 0 -1 1 -1 1 -1 0 0 0 1 1 0 1
R 0 -1! -1 0 0 1 -1 0 0 0 1 1 0 1
L -1! -1 -1 1 0 1 -1 0 0 0 1 1 0 1
R 0 -1! 0 -1 0 0 0 0 0 0 1 1 0 1
L -1! -1 0 0 0 0 0 0 0 0 1 1 0 1
L -1! 0 -1 0 -1 1 0 0 0 0 1 1 0 1
R 0 -1! -1 -1 0 1 0 0 0 0 1 1 0 1
L -1! -1 -1 0 0 1 0 0 0 0 1 1 0 1
R 0 -1! 0 -1 1 -1 0 -1 1 0 1 1 0 1
L -1! -1 0 0 1 -1 0 -1 1 0 1 1 0 1
L -1! 0 -1 0 0 0 0 -1 1 0 1 1 0 1
R 0 -1! -1 -1 1 0 0 -1 1 0 1 1 0 1
L -1! -1 -1 0 1 0 0 -1 1 0 1 1 0 1
L -1! 0 -1 1 -1 0 -1 0 1 0 1 1 0 1
R 0 -1! -1 0 0 0 -1 0 1 0 1 1 0 1
L -1! -1 -1 1 0 0 -1 0 1 0 1 1 0 1
R 0 -1! 0 -1 0 -1 0 0 1 0 1 1 0 1
L -1! -1 0 0 0 -1 0 0 1 0 1 1 0 1
L -1! 0 -1 0 -1 0 0 0 1 0 1 1 0 1
R 0 -1! -1 -1 0 0 0 0 1 0 1 1 0 1
L -1! -1 -1 0 0 0 0 0 1 0 1 1 0 1
L -1! 0 -1 1 -1 1 -1 1 -1 1 0 0 1 1
R 0 -1! -1 0 0 1 -1 1 -1 1 0 0 1 1
L -1! -1 -1 1 0 1 -1 1 -1 1 0 0 1 1
R 0 -1! 0 -1 0 0 0 1 -1 1 0 0 1 1
L -1! -1 0 0 0 0 0 1 -1 1 0 0 1 1
L -1! 0 -1 0 -1 1 0 1 -1 1 0 0 1 1
R 0 -1! -1 -1 0 1 0 1 -1 1 0 0 1 1
L -1! -1 -1 0 0 1 0 1 -1 1 0 0 1 1
R 0 -1! 0 -1 1 -1 0 0 0 1 0 0 1 1
L -1! -1 0 0 1 -1 0 0 0 1 0 0 1 1
L -1! 0 -1 0 0 0 0 0 0 1 0 0 1 1
R 0 -1! -1 -1 1 0 0 0 0 1 0 0 1 1
L -1! -1 -1 0 1 0 0 0 0 1 0 0 1 1
L -1! 0 -1 1 -1 0 -1 1 0 1 0 0 1 1
R 0 -1! -1 0 0 0 -1 1 0 1 0 0 1 1
L -1! -1 -1 1 0 0 -1 1 0 1 0 0 1 1
R 0 -1! 0 -1 0 -1 0 1 0 1 0 0 1 1
L -1! -1 0 0 0 -1 0 1 0 1 0 0 1 1
L -1! 0 -1 0 -1 0 0 1 0 1 0 0 1 1
R 0 -1! -1 -1 0 0 0 1 0 1 0 0 1 1
L -1! -1 -1 0 0 0 0 1 0 1 0 0 1 1
R 0 -1! 0 -1 1 -1 1 -1 0 0 1 0 1 1
L -1! -1 0 0 1 -1 1 -1 0 0 1 0 1 1
L -1! 0 -1 0 0 0 1 -1 0 0 1 0 1 1
R 0 -1! -1 -1 1 0 1 -1 0 0 1 0 1 1
L -1! -1 -1 0 1 0 1 -1 0 0 1 0 1 1
L -1! 0 -1 1 -1 0 0 0 0 0 1 0 1 1
R 0 -1! -1 0 0 0 0 0 0 0 1 0 1 1
L -1! -1 -1 1 0 0 0 0 0 0 1 0 1 1
R 0 -1! 0 -1 0 -1 1 0 0 0 1 0 1 1
L -1! -1 0 0 0 -1 1 0 0 0 1 0 1 1
L -1! 0 -1 0 -1 0 1 0 0 0 1 0 1 1
R 0 -1! -1 -1 0 0 1 0 0 0 1 0 1 1
L -1! -1 -1 0 0 0 1 0 0 0 1 0 1 1
L -1! 0 -1 1 -1 1 -1 0 -1 1 1 0 1 1
R 0 -1! -1 0 0 1 -1 0 -1 1 1 0 1 1
L -1! -1 -1 1 0 1 -1 0 -1 1 1 0 1 1
R 0 -1! 0 -1 0 0 0 0 -1 1 1 0 1 1
L -1! -1 0 0 0 0 0 0 -1 1 1 0 1 1
L -1! 0 -1 0 -1 1 0 0 -1 1 1 0 1 1
R 0 -1! -1 -1 0 1 0 0 -1 1 1 0 1 1
L -1! -1 -1 0 0 1 0 0 -1 1 1 0 1 1
R 0 -1! 0 -1 1 -1 0 -1 0 1 1 0 1 1
L -1! -1 0 0 1 -1 0 -1 0 1 1 0 1 1
L -1! 0 -1 0 0 0 0 -1 0 1 1 0 1 1
R 0 -1! -1 -1 1 0 0 -1 0 1 1 0 1 1
L -1! -1 -1 0 1 0 0 -1 0 1 1 0 1 1
L -1! 0 -1 1 -1 0 -1 0 0 1 1 0 1 1
R 0 -1! -1 0 0 0 -1 0 0 1 1 0 1 1
L -1! -1 -1 1 0 0 -1 0 0 1 1 0 1 1
R 0 -1! 0 -1 0 -1 0 0 0 1 1 0 1 1
L -1! -1 0 0 0 -1 0 0 0 1 1 0 1 1
L -1! 0 -1 0 -1 0 0 0 0 1 1 0 1 1
R 0 -1! -1 -1 0 0 0 0 0 1 1 0 1 1
L -1! -1 -1 0 0 0 0 0 0 1 1 0 1 1
R 0 -1! 1 -1 0 0 0 0 0 0 0 1 0 0 1
L -1! -1 1 0 0 0 0 0 0 0 0 1 0 0 1
L -1! 0 -1 0 1 0 0 0 0 0 0 1 0 0 1
R 0 -1! 0 -1 0 1 0 0 0 0 0 1 0 0 1
L -1! -1 0 0 0 1 0 0 0 0 0 1 0 0 1
L -1! 0 -1 1 -1 0 1 0 0 0 0 1 0 0 1
R 0 -1! -1 0 0 0 1 0 0 0 0 1 0 0 1
L -1! -1 -1 1 0 0 1 0 0 0 0 1 0 0 1
R 0 -1! 0 -1 1 -1 0 1 0 0 0 1 0 0 1
L -1! -1 0 0 1 -1 0 1 0 0 0 1 0 0 1
L -1! 0 -1 0 0 0 0 1 0 0 0 1 0 0 1
R 0 -1! -1 -1 1 0 0 1 0 0 0 1 0 0 1
L -1! -1 -1 0 1 0 0 1 0 0 0 1 0 0 1
L -1! 0 -1 1 -1 1 -1 0 1 0 0 1 0 0 1
R 0 -1! -1 0 0 1 -1 0 1 0 0 1 0 0 1
L -1! -1 -1 1 0 1 -1 0 1 0 0 1 0 0 1
R 0 -1! 0 -1 0 0 0 0 1 0 0 1 0 0 1
L -1! -1 0 0 0 0 0 0 1 0 0 1 0 0 1
L -1! 0 -1 0 -1 1 0 0 1 0 0 1 0 0 1
R 0 -1! -1 -1 0 1 0 0 1 0 0 1 0 0 1
L -1! -1 -1 0 0 1 0 0 1 0 0 1 0 0 1
R 0 -1! 0 -1 1 -1 1 -1 0 1 0 1 0 0 1
L -1! -1 0 0 1 -1 1 -1 0 1 0 1 0 0 1
L -1! 0 -1 0 0 0 1 -1 0 1 0 1 0 0 1
R 0 -1! -1 -1 1 0 1 -1 0 1 0 1 0 0 1
L -1! -1 -1 0 1 0 1 -1 0 1 0 1 0 0 1
L -1! 0 -1 1 -1 0 0 0 0 1 0 1 0 0 1
R 0 -1! -1 0 0 0 0 0 0 1 0 1 0 0 1
L -1! -1 -1 1 0 0 0 0 0 1 0 1 0 0 1
R 0 -1! 0 -1 0 -1 1 0 0 1 0 1 0 0 1
L -1! -1 0 0 0 -1 1 0 0 1 0 1 0 0 1
L -1! 0 -1 0 -1 0 1 0 0 1 0 1 0 0 1
R 0 -1! -1 -1 0 0 1 0 0 1 0 1 0 0 1
L -1! -1 -1 0 0 0 1 0 0 1 0 1 0 0 1
L -1! 0 -1 1 -1 1 -1 1 -1 0 1 1 0 0 1
R 0 -1! -1 0 0 1 -1 1 -1 0 1 1 0 0 1
L -1! -1 -1 1 0 1 -1 1 -1 0 1 1 0 0 1
R 0 -1! 0 -1 0 0 0 1 -1 0 1 1 0 0 1
L -1! -1 0 0 0 0 0 1 -1 0 1 1 0 0 1
L -1! 0 -1 0 -1 1 0 1 -1 0 1 1 0 0 1
R 0 -1! -1 -1 0 1 0 1 -1 0 1 1 0 0 1
L -1! -1 -1 0 0 1 0 1 -1 0 1 1 0 0 1
R 0 -1! 0 -1 1 -1 0 0 0 0 1 1 0 0 1
L -1! -1 0 0 1 -1 0 0 0 0 1 1 0 0 1
L -1! 0 -1 0 0 0 0 0 0 0 1 1 0 0 1
R 0 -1! -1 -1 1 0 0 0 0 0 1 1 0 0 1
L -1! -1 -1 0 1 0 0 0 0 0 1 1 0 0 1
L -1! 0 -1 1 -1 0 -1 1 0 0 1 1 0 0 1
R 0 -1! -1 0 0 0 -1 1 0 0 1 1 0 0 1
L -1! -1 -1 1 0 0 -1 1 0 0 1 1 0 0 1
R 0 -1! 0 -1 0 -1 0 1 0 0 1 1 0 0 1
L -1! -1 0 0 0 -1 0 1 0 0 1 1 0 0 1
L -1! 0 -1 0 -1 0 0 1 0 0 1 1 0 0 1
R 0 -1! -1 -1 0 0 0 1 0 0 1 1 0 0 1
L -1! -1 -1 0 0 0 0 1 0 0 1 1 0 0 1
R 0 -1! 0 -1 1 -1 1 -1 1 0 0 0 1 0 1
L -1! -1 0 0 1 -1 1 -1 1 0 0 0 1 0 1
L -1! 0 -1 0 0 0 1 -1 1 0 0 0 1 0 1
R 0 -1! -1 -1 1 0 1 -1 1 0 0 0 1 0 1
L -1! -1 -1 0 1 0 1 -1 1 0 0 0 1 0 1
L -1! 0 -1 1 -1 0 0 0 1 0 0 0 1 0 1
R 0 -1! -1 0 0 0 0 0 1 0 0 0 1 0 1
L -1! -1 -1 1 0 0 0 0 1 0 0 0 1 0 1
R 0 -1! 0 -1 0 -1 1 0 1 0 0 0 1 0 1
L -1! -1 0 0 0 -1 1 0 1 0 0 0 1 0 1
L -1! 0 -1 0 -1 0 1 0 1 0 0 0 1 0 1
R 0 -1! -1 -1 0 0 1 0 1 0 0 0 1 0 1
L -1! -1 -1 0 0 0 1 0 1 0 0 0 1 0 1
L -1! 0 -1 1 -1 1 -1 0 0 1 0 0 1 0 1
R 0 -1! -1 0 0 1 -1 0 0 1 0 0 1 0 1
L -1! -1 -1 1 0 1 -1 0 0 1 0 0 1 0 1
R 0 -1! 0 -1 0 0 0 0 0 1 0 0 1 0 1
L -1! -1 0 0 0 0 0 0 0 1 0 0 1 0 1
L -1! 0 -1 0 -1 1 0 0 0 1 0 0 1 0 1
R 0 -1! -1 -1 0 1 0 0 0 1 0 0 1 0 1
L -1! -1 -1 0 0 1 0 0 0 1 0 0 1 0 1
R 0 -1! 0 -1 1 -1 0 -1 1 1 0 0 1 0 1
L -1! -1 0 0 1 -1 0 -1 1 1 0 0 1 0 1
L -1! 0 -1 0 0 0 0 -1 1 1 0 0 1 0 1
R 0 -1! -1 -1 1 0 0 -1 1 1 0 0 1 0 1
L -1! -1 -1 0 1 0 0 -1 1 1 0 0 1 0 1
L -1! 0 -1 1 -1 0 -1 0 1 1 0 0 1 0 1
R 0 -1! -1 0 0 0 -1 0 1 1 0 0 1 0 1
L -1! -1 -1 1 0 0 -1 0 1 1 0 0 1 0 1
R 0 -1! 0 -1 0 -1 0 0 1 1 0 0 1 0 1
L -1! -1 0 0 0 -1 0 0 1 1 0 0 1 0 1
L -1! 0 -1 0 -1 0 0 0 1 1 0 0 1 0 1
R 0 -1! -1 -1 0 0 0 0 1 1 0 0 1 0 1
L -1! -1 -1 0 0 0 0 0 1 1 0 0 1 0 1
L -1! 0 -1 1 -1 1 -1 1 -1 1 -1 1 1 0 1
R 0 -1! -1 0 0 1 -1 1 -1 1 -1 1 1 0 1
L -1! -1 -1 1 0 1 -1 1 -1 1 -1 1 1 0 1
R 0 -1! 0 -1 0 0 0 1 -1 1 -1 1 1 0 1
L -1! -1 0 0 0 0 0 1 -1 1 -1 1 1 0 1
L -1! 0 -1 0 -1 1 0 1 -1 1 -1 1 1 0 1
R 0 -1! -1 -1 0 1 0 1 -1 1 -1 1 1 0 1
L -1! -1 -1 0 0 1 0 1 -1 1 -1 1 1 0 1
R 0 -1! 0 -1 1 -1 0 0 0 1 -1 1 1 0 1
L -1! -1 0 0 1 -1 0 0 0 1 -1 1 1 0 1
L -1! 0 -1 0 0 0 0 0 0 1 -1 1 1 0 1
R 0 -1! -1 -1 1 0 0 0 0 1 -1 1 1 0 1
L -1! -1 -1 0 1 0 0 0 0 1 -1 1 1 0 1
L -1! 0 -1 1 -1 0 -1 1 0 1 -1 1 1 0 1
R 0 -1! -1 0 0 0 -1 1 0 1 -1 1 1 0 1
L -1! -1 -1 1 0 0 -1 1 0 1 -1 1 1 0 1
R 0 -1! 0 -1 0 -1 0 1 0 1 -1 1 1 0 1
L -1! -1 0 0 0 -1 0 1 0 1 -1 1 1 0 1
L -1! 0 -1 0 -1 0 0 1 0 1 -1 1 1 0 1
R 0 -1! -1 -1 0 0 0 1 0 1 -1 1 1 0 1
L -1! -1 -1 0 0 0 0 1 0 1 -1 1 1 0 1
R 0 -1! 0 -1 1 -1 1 -1 0 0 0 1 1 0 1
L -1! -1 0 0 1 -1 1 -1 0 0 0 1 1 0 1
L -1! 0 -1 0 0 0 1 -1 0 0 0 1 1 0 1
R 0 -1! -1 -1 1 0 1 -1 0 0 0 1 1 0 1
L -1! -1 -1 0 1 0 1 -1 0 0 0 1 1 0 1
L -1! 0 -1 1 -1 0 0 0 0 0 0 1 1 0 1
R 0 -1! -1 0 0 0 0 0 0 0 0 1 1 0 1
L -1! -1 -1 1 0 0 0 0 0 0 0 1 1 0 1
R 0 -1! 0 -1 0 -1 1 0 0 0 0 1 1 0 1
L -1! -1 0 0 0 -1 1 0 0 0 0 1 1 0 1
L -1! 0 -1 0 -1 0 1 0 0 0 0 1 1 0 1
R 0 -1! -1 -1 0 0 1 0 0 0 0 1 1 0 1
L -1! -1 -1 0 0 0 1 0 0 0 0 1 1 0 1
L -1! 0 -1 1 -1 1 -1 0 -1 1 0 1 1 0 1
R 0 -1! -1 0 0 1 -1 0 -1 1 0 1 1 0 1
Last_forbidden_jump_during_chip: 431
