L 2! 3 -16 0 4 -3 3
L 1! 3 -15 1 2 -2 3
R 2 1! -15 2 2 -2 3
L 1! 1 -15 3 2 -2 3
L 0! 2 -14 2 2 -1 1 1
R 1 1! -14 1 3 -1 1 1
L 0! 1 -13 2 1 0 1 1
R 1 0! -13 1 2 0 1 1
L 0! 0 -13 2 2 0 1 1
L -1! 1 -12 1 1 1 1 1
R 0 0! -12 0 2 1 1 1
L -1! 1 -10 1 0 0 1 0 1
R 0 0! -10 0 1 0 1 0 1
L -1! 0 -10 1 1 0 1 0 1
R 0 -1! -9 0 0 1 1 0 1
L -1! -1 -9 1 0 1 1 0 1
R 0 -1! -8 -1 1 0 0 1 1
L -1! -1 -8 0 1 0 0 1 1
R 0 -1! -6 -1 0 -1 1 0 0 1
L -1! -1 -6 0 0 -1 1 0 0 1
R 0 -1! -4 -1 0 -1 0 -1 0 0 1
L -1! -1 -4 0 0 -1 0 -1 0 0 1
R 0 -1! -2 -1 0 -1 0 -1 0 -1 0 0 -1 1
L -1! -1 -2 0 0 -1 0 -1 0 -1 0 0 -1 1
R 0 -1! 0 -1 0 -1 0 -1 0 -1 0 0 -1 0 -1 0 -1 1
L -1! -1 0 0 0 -1 0 -1 0 -1 0 0 -1 0 -1 0 -1 1
L -1! 0 -1 0 -1 0 0 -1 0 -1 0 0 -1 0 -1 0 -1 1
R 0 -1! -1 -1 0 0 0 -1 0 -1 0 0 -1 0 -1 0 -1 1
L -1! -1 -1 0 0 0 0 -1 0 -1 0 0 -1 0 -1 0 -1 1
L -1! 0 -1 1 -1 1 -1 0 -1 1 -1 0 -1 0 -1 0 -1 0 -1 0 -1 1
R 0 -1! -1 0 0 1 -1 0 -1 1 -1 0 -1 0 -1 0 -1 0 -1 0 -1 1
L -1! -1 -1 1 0 1 -1 0 -1 1 -1 0 -1 0 -1 0 -1 0 -1 0 -1 1
R 0 -1! 0 -1 0 0 0 0 -1 1 -1 0 -1 0 -1 0 -1 0 -1 0 -1 1
L -1! -1 0 0 0 0 0 0 -1 1 -1 0 -1 0 -1 0 -1 0 -1 0 -1 1
L -1! 0 -1 0 -1 1 0 0 -1 1 -1 0 -1 0 -1 0 -1 0 -1 0 -1 1
R 0 -1! -1 -1 0 1 0 0 -1 1 -1 0 -1 0 -1 0 -1 0 -1 0 -1 1
L -1! -1 -1 0 0 1 0 0 -1 1 -1 0 -1 0 -1 0 -1 0 -1 0 -1 1
R 0 -1! 0 -1 1 -1 0 -1 0 1 -1 0 -1 0 -1 0 -1 0 -1 0 -1 1
L -1! -1 0 0 1 -1 0 -1 0 1 -1 0 -1 0 -1 0 -1 0 -1 0 -1 1
L -1! 0 -1 0 0 0 0 -1 0 1 -1 0 -1 0 -1 0 -1 0 -1 0 -1 1
R 0 -1! -1 -1 1 0 0 -1 0 1 -1 0 -1 0 -1 0 -1 0 -1 0 -1 1
L -1! -1 -1 0 1 0 0 -1 0 1 -1 0 -1 0 -1 0 -1 0 -1 0 -1 1
L -1! 0 -1 1 -1 0 -1 0 0 1 -1 0 -1 0 -1 0 -1 0 -1 0 -1 1
R 0 -1! -1 0 0 0 -1 0 0 1 -1 0 -1 0 -1 0 -1 0 -1 0 -1 1
L -1! -1 -1 1 0 0 -1 0 0 1 -1 0 -1 0 -1 0 -1 0 -1 0 -1 1
R 0 -1! 0 -1 0 -1 0 0 0 1 -1 0 -1 0 -1 0 -1 0 -1 0 -1 1
L -1! -1 0 0 0 -1 0 0 0 1 -1 0 -1 0 -1 0 -1 0 -1 0 -1 1
L -1! 0 -1 0 -1 0 0 0 0 1 -1 0 -1 0 -1 0 -1 0 -1 0 -1 1
R 0 -1! -1 -1 0 0 0 0 0 1 -1 0 -1 0 -1 0 -1 0 -1 0 -1 1
L -1! -1 -1 0 0 0 0 0 0 1 -1 0 -1 0 -1 0 -1 0 -1 0 -1 1
R 0 -1! 0 -1 1 -1 1 -1 0 -1 1 -1 0 -1 0 -1 0 -1 0 -1 0 -1 1
L -1! -1 0 0 1 -1 1 -1 0 -1 1 -1 0 -1 0 -1 0 -1 0 -1 0 -1 1
L -1! 0 -1 0 0 0 1 -1 0 -1 1 -1 0 -1 0 -1 0 -1 0 -1 0 -1 1
R 0 -1! -1 -1 1 0 1 -1 0 -1 1 -1 0 -1 0 -1 0 -1 0 -1 0 -1 1
L -1! -1 -1 0 1 0 1 -1 0 -1 1 -1 0 -1 0 -1 0 -1 0 -1 0 -1 1
L -1! 0 -1 1 -1 0 0 0 0 -1 1 -1 0 -1 0 -1 0 -1 0 -1 0 -1 1
R 0 -1! -1 0 0 0 0 0 0 -1 1 -1 0 -1 0 -1 0 -1 0 -1 0 -1 1
L -1! -1 -1 1 0 0 0 0 0 -1 1 -1 0 -1 0 -1 0 -1 0 -1 0 -1 1
R 0 -1! 0 -1 0 -1 1 0 0 -1 1 -1 0 -1 0 -1 0 -1 0 -1 0 -1 1
L -1! -1 0 0 0 -1 1 0 0 -1 1 -1 0 -1 0 -1 0 -1 0 -1 0 -1 1
L -1! 0 -1 0 -1 0 1 0 0 -1 1 -1 0 -1 0 -1 0 -1 0 -1 0 -1 1
R 0 -1! -1 -1 0 0 1 0 0 -1 1 -1 0 -1 0 -1 0 -1 0 -1 0 -1 1
L -1! -1 -1 0 0 0 1 0 0 -1 1 -1 0 -1 0 -1 0 -1 0 -1 0 -1 1
L -1! 0 -1 1 -1 1 -1 0 -1 0 1 -1 0 -1 0 -1 0 -1 0 -1 0 -1 1
R 0 -1! -1 0 0 1 -1 0 -1 0 1 -1 0 -1 0 -1 0 -1 0 -1 0 -1 1
L -1! -1 -1 1 0 1 -1 0 -1 0 1 -1 0 -1 0 -1 0 -1 0 -1 0 -1 1
R 0 -1! 0 -1 0 0 0 0 -1 0 1 -1 0 -1 0 -1 0 -1 0 -1 0 -1 1
L -1! -1 0 0 0 0 0 0 -1 0 1 -1 0 -1 0 -1 0 -1 0 -1 0 -1 1
L -1! 0 -1 0 -1 1 0 0 -1 0 1 -1 0 -1 0 -1 0 -1 0 -1 0 -1 1
R 0 -1! -1 -1 0 1 0 0 -1 0 1 -1 0 -1 0 -1 0 -1 0 -1 0 -1 1
L -1! -1 -1 0 0 1 0 0 -1 0 1 -1 0 -1 0 -1 0 -1 0 -1 0 -1 1
R 0 -1! 0 -1 1 -1 0 -1 0 0 1 -1 0 -1 0 -1 0 -1 0 -1 0 -1 1
L -1! -1 0 0 1 -1 0 -1 0 0 1 -1 0 -1 0 -1 0 -1 0 -1 0 -1 1
L -1! 0 -1 0 0 0 0 -1 0 0 1 -1 0 -1 0 -1 0 -1 0 -1 0 -1 1
R 0 -1! -1 -1 1 0 0 -1 0 0 1 -1 0 -1 0 -1 0 -1 0 -1 0 -1 1
L -1! -1 -1 0 1 0 0 -1 0 0 1 -1 0 -1 0 -1 0 -1 0 -1 0 -1 1
L -1! 0 -1 1 -1 0 -1 0 0 0 1 -1 0 -1 0 -1 0 -1 0 -1 0 -1 1
R 0 -1! -1 0 0 0 -1 0 0 0 1 -1 0 -1 0 -1 0 -1 0 -1 0 -1 1
L -1! -1 -1 1 0 0 -1 0 0 0 1 -1 0 -1 0 -1 0 -1 0 -1 0 -1 1
R 0 -1! 0 -1 0 -1 0 0 0 0 1 -1 0 -1 0 -1 0 -1 0 -1 0 -1 1
L -1! -1 0 0 0 -1 0 0 0 0 1 -1 0 -1 0 -1 0 -1 0 -1 0 -1 1
L -1! 0 -1 0 -1 0 0 0 0 0 1 -1 0 -1 0 -1 0 -1 0 -1 0 -1 1
R 0 -1! -1 -1 0 0 0 0 0 0 1 -1 0 -1 0 -1 0 -1 0 -1 0 -1 1
L -1! -1 -1 0 0 0 0 0 0 0 1 -1 0 -1 0 -1 0 -1 0 -1 0 -1 1
L -1! 0 -1 1 -1 1 -1 1 -1 0 -1 1 -1 0 -1 0 -1 0 -1 0 -1 0 -1 1
R 0 -1! -1 0 0 1 -1 1 -1 0 -1 1 -1 0 -1 0 -1 0 -1 0 -1 0 -1 1
L -1! -1 -1 1 0 1 -1 1 -1 0 -1 1 -1 0 -1 0 -1 0 -1 0 -1 0 -1 1
R 0 -1! 0 -1 0 0 0 1 -1 0 -1 1 -1 0 -1 0 -1 0 -1 0 -1 0 -1 1
L -1! -1 0 0 0 0 0 1 -1 0 -1 1 -1 0 -1 0 -1 0 -1 0 -1 0 -1 1
L -1! 0 -1 0 -1 1 0 1 -1 0 -1 1 -1 0 -1 0 -1 0 -1 0 -1 0 -1 1
R 0 -1! -1 -1 0 1 0 1 -1 0 -1 1 -1 0 -1 0 -1 0 -1 0 -1 0 -1 1
L -1! -1 -1 0 0 1 0 1 -1 0 -1 1 -1 0 -1 0 -1 0 -1 0 -1 0 -1 1
R 0 -1! 0 -1 1 -1 0 0 0 0 -1 1 -1 0 -1 0 -1 0 -1 0 -1 0 -1 1
L -1! -1 0 0 1 -1 0 0 0 0 -1 1 -1 0 -1 0 -1 0 -1 0 -1 0 -1 1
L -1! 0 -1 0 0 0 0 0 0 0 -1 1 -1 0 -1 0 -1 0 -1 0 -1 0 -1 1
R 0 -1! -1 -1 1 0 0 0 0 0 -1 1 -1 0 -1 0 -1 0 -1 0 -1 0 -1 1
L -1! -1 -1 0 1 0 0 0 0 0 -1 1 -1 0 -1 0 -1 0 -1 0 -1 0 -1 1
L -1! 0 -1 1 -1 0 -1 1 0 0 -1 1 -1 0 -1 0 -1 0 -1 0 -1 0 -1 1
R 0 -1! -1 0 0 0 -1 1 0 0 -1 1 -1 0 -1 0 -1 0 -1 0 -1 0 -1 1
L -1! -1 -1 1 0 0 -1 1 0 0 -1 1 -1 0 -1 0 -1 0 -1 0 -1 0 -1 1
R 0 -1! 0 -1 0 -1 0 1 0 0 -1 1 -1 0 -1 0 -1 0 -1 0 -1 0 -1 1
L -1! -1 0 0 0 -1 0 1 0 0 -1 1 -1 0 -1 0 -1 0 -1 0 -1 0 -1 1
L -1! 0 -1 0 -1 0 0 1 0 0 -1 1 -1 0 -1 0 -1 0 -1 0 -1 0 -1 1
R 0 -1! -1 -1 0 0 0 1 0 0 -1 1 -1 0 -1 0 -1 0 -1 0 -1 0 -1 1
L -1! -1 -1 0 0 0 0 1 0 0 -1 1 -1 0 -1 0 -1 0 -1 0 -1 0 -1 1
R 0 -1! 0 -1 1 -1 1 -1 0 -1 0 1 -1 0 -1 0 -1 0 -1 0 -1 0 -1 1
L -1! -1 0 0 1 -1 1 -1 0 -1 0 1 -1 0 -1 0 -1 0 -1 0 -1 0 -1 1
L -1! 0 -1 0 0 0 1 -1 0 -1 0 1 -1 0 -1 0 -1 0 -1 0 -1 0 -1 1
R 0 -1! -1 -1 1 0 1 -1 0 -1 0 1 -1 0 -1 0 -1 0 -1 0 -1 0 -1 1
L -1! -1 -1 0 1 0 1 -1 0 -1 0 1 -1 0 -1 0 -1 0 -1 0 -1 0 -1 1
L -1! 0 -1 1 -1 0 0 0 0 -1 0 1 -1 0 -1 0 -1 0 -1 0 -1 0 -1 1
R 0 -1! -1 0 0 0 0 0 0 -1 0 1 -1 0 -1 0 -1 0 -1 0 -1 0 -1 1
L -1! -1 -1 1 0 0 0 0 0 -1 0 1 -1 0 -1 0 -1 0 -1 0 -1 0 -1 1
R 0 -1! 0 -1 0 -1 1 0 0 -1 0 1 -1 0 -1 0 -1 0 -1 0 -1 0 -1 1
L -1! -1 0 0 0 -1 1 0 0 -1 0 1 -1 0 -1 0 -1 0 -1 0 -1 0 -1 1
L -1! 0 -1 0 -1 0 1 0 0 -1 0 1 -1 0 -1 0 -1 0 -1 0 -1 0 -1 1
R 0 -1! -1 -1 0 0 1 0 0 -1 0 1 -1 0 -1 0 -1 0 -1 0 -1 0 -1 1
L -1! -1 -1 0 0 0 1 0 0 -1 0 1 -1 0 -1 0 -1 0 -1 0 -1 0 -1 1
L -1! 0 -1 1 -1 1 -1 0 -1 0 0 1 -1 0 -1 0 -1 0 -1 0 -1 0 -1 1
R 0 -1! -1 0 0 1 -1 0 -1 0 0 1 -1 0 -1 0 -1 0 -1 0 -1 0 -1 1
L -1! -1 -1 1 0 1 -1 0 -1 0 0 1 -1 0 -1 0 -1 0 -1 0 -1 0 -1 1
R 0 -1! 0 -1 0 0 0 0 -1 0 0 1 -1 0 -1 0 -1 0 -1 0 -1 0 -1 1
L -1! -1 0 0 0 0 0 0 -1 0 0 1 -1 0 -1 0 -1 0 -1 0 -1 0 -1 1
L -1! 0 -1 0 -1 1 0 0 -1 0 0 1 -1 0 -1 0 -1 0 -1 0 -1 0 -1 1
R 0 -1! -1 -1 0 1 0 0 -1 0 0 1 -1 0 -1 0 -1 0 -1 0 -1 0 -1 1
L -1! -1 -1 0 0 1 0 0 -1 0 0 1 -1 0 -1 0 -1 0 -1 0 -1 0 -1 1
R 0 -1! 0 -1 1 -1 0 -1 0 0 0 1 -1 0 -1 0 -1 0 -1 0 -1 0 -1 1
L -1! -1 0 0 1 -1 0 -1 0 0 0 1 -1 0 -1 0 -1 0 -1 0 -1 0 -1 1
L -1! 0 -1 0 0 0 0 -1 0 0 0 1 -1 0 -1 0 -1 0 -1 0 -1 0 -1 1
R 0 -1! -1 -1 1 0 0 -1 0 0 0 1 -1 0 -1 0 -1 0 -1 0 -1 0 -1 1
L -1! -1 -1 0 1 0 0 -1 0 0 0 1 -1 0 -1 0 -1 0 -1 0 -1 0 -1 1
L -1! 0 -1 1 -1 0 -1 0 0 0 0 1 -1 0 -1 0 -1 0 -1 0 -1 0 -1 1
R 0 -1! -1 0 0 0 -1 0 0 0 0 1 -1 0 -1 0 -1 0 -1 0 -1 0 -1 1
L -1! -1 -1 1 0 0 -1 0 0 0 0 1 -1 0 -1 0 -1 0 -1 0 -1 0 -1 1
R 0 -1! 0 -1 0 -1 0 0 0 0 0 1 -1 0 -1 0 -1 0 -1 0 -1 0 -1 1
L -1! -1 0 0 0 -1 0 0 0 0 0 1 -1 0 -1 0 -1 0 -1 0 -1 0 -1 1
L -1! 0 -1 0 -1 0 0 0 0 0 0 1 -1 0 -1 0 -1 0 -1 0 -1 0 -1 1
R 0 -1! -1 -1 0 0 0 0 0 0 0 1 -1 0 -1 0 -1 0 -1 0 -1 0 -1 1
L -1! -1 -1 0 0 0 0 0 0 0 0 1 -1 0 -1 0 -1 0 -1 0 -1 0 -1 1
R 0 -1! 0 -1 1 -1 1 -1 1 -1 0 -1 1 -1 0 -1 0 -1 0 -1 0 -1 0 -1 1
L -1! -1 0 0 1 -1 1 -1 1 -1 0 -1 1 -1 0 -1 0 -1 0 -1 0 -1 0 -1 1
L -1! 0 -1 0 0 0 1 -1 1 -1 0 -1 1 -1 0 -1 0 -1 0 -1 0 -1 0 -1 1
R 0 -1! -1 -1 1 0 1 -1 1 -1 0 -1 1 -1 0 -1 0 -1 0 -1 0 -1 0 -1 1
L -1! -1 -1 0 1 0 1 -1 1 -1 0 -1 1 -1 0 -1 0 -1 0 -1 0 -1 0 -1 1
L -1! 0 -1 1 -1 0 0 0 1 -1 0 -1 1 -1 0 -1 0 -1 0 -1 0 -1 0 -1 1
R 0 -1! -1 0 0 0 0 0 1 -1 0 -1 1 -1 0 -1 0 -1 0 -1 0 -1 0 -1 1
L -1! -1 -1 1 0 0 0 0 1 -1 0 -1 1 -1 0 -1 0 -1 0 -1 0 -1 0 -1 1
R 0 -1! 0 -1 0 -1 1 0 1 -1 0 -1 1 -1 0 -1 0 -1 0 -1 0 -1 0 -1 1
L -1! -1 0 0 0 -1 1 0 1 -1 0 -1 1 -1 0 -1 0 -1 0 -1 0 -1 0 -1 1
L -1! 0 -1 0 -1 0 1 0 1 -1 0 -1 1 -1 0 -1 0 -1 0 -1 0 -1 0 -1 1
R 0 -1! -1 -1 0 0 1 0 1 -1 0 -1 1 -1 0 -1 0 -1 0 -1 0 -1 0 -1 1
L -1! -1 -1 0 0 0 1 0 1 -1 0 -1 1 -1 0 -1 0 -1 0 -1 0 -1 0 -1 1
L -1! 0 -1 1 -1 1 -1 0 0 0 0 -1 1 -1 0 -1 0 -1 0 -1 0 -1 0 -1 1
R 0 -1! -1 0 0 1 -1 0 0 0 0 -1 1 -1 0 -1 0 -1 0 -1 0 -1 0 -1 1
L -1! -1 -1 1 0 1 -1 0 0 0 0 -1 1 -1 0 -1 0 -1 0 -1 0 -1 0 -1 1
R 0 -1! 0 -1 0 0 0 0 0 0 0 -1 1 -1 0 -1 0 -1 0 -1 0 -1 0 -1 1
L -1! -1 0 0 0 0 0 0 0 0 0 -1 1 -1 0 -1 0 -1 0 -1 0 -1 0 -1 1
L -1! 0 -1 0 -1 1 0 0 0 0 0 -1 1 -1 0 -1 0 -1 0 -1 0 -1 0 -1 1
R 0 -1! -1 -1 0 1 0 0 0 0 0 -1 1 -1 0 -1 0 -1 0 -1 0 -1 0 -1 1
L -1! -1 -1 0 0 1 0 0 0 0 0 -1 1 -1 0 -1 0 -1 0 -1 0 -1 0 -1 1
R 0 -1! 0 -1 1 -1 0 -1 1 0 0 -1 1 -1 0 -1 0 -1 0 -1 0 -1 0 -1 1
L -1! -1 0 0 1 -1 0 -1 1 0 0 -1 1 -1 0 -1 0 -1 0 -1 0 -1 0 -1 1
L -1! 0 -1 0 0 0 0 -1 1 0 0 -1 1 -1 0 -1 0 -1 0 -1 0 -1 0 -1 1
R 0 -1! -1 -1 1 0 0 -1 1 0 0 -1 1 -1 0 -1 0 -1 0 -1 0 -1 0 -1 1
L -1! -1 -1 0 1 0 0 -1 1 0 0 -1 1 -1 0 -1 0 -1 0 -1 0 -1 0 -1 1
L -1! 0 -1 1 -1 0 -1 0 1 0 0 -1 1 -1 0 -1 0 -1 0 -1 0 -1 0 -1 1
R 0 -1! -1 0 0 0 -1 0 1 0 0 -1 1 -1 0 -1 0 -1 0 -1 0 -1 0 -1 1
L -1! -1 -1 1 0 0 -1 0 1 0 0 -1 1 -1 0 -1 0 -1 0 -1 0 -1 0 -1 1
R 0 -1! 0 -1 0 -1 0 0 1 0 0 -1 1 -1 0 -1 0 -1 0 -1 0 -1 0 -1 1
L -1! -1 0 0 0 -1 0 0 1 0 0 -1 1 -1 0 -1 0 -1 0 -1 0 -1 0 -1 1
L -1! 0 -1 0 -1 0 0 0 1 0 0 -1 1 -1 0 -1 0 -1 0 -1 0 -1 0 -1 1
R 0 -1! -1 -1 0 0 0 0 1 0 0 -1 1 -1 0 -1 0 -1 0 -1 0 -1 0 -1 1
L -1! -1 -1 0 0 0 0 0 1 0 0 -1 1 -1 0 -1 0 -1 0 -1 0 -1 0 -1 1
L -1! 0 -1 1 -1 1 -1 1 -1 0 -1 0 1 -1 0 -1 0 -1 0 -1 0 -1 0 -1 1
R 0 -1! -1 0 0 1 -1 1 -1 0 -1 0 1 -1 0 -1 0 -1 0 -1 0 -1 0 -1 1
L -1! -1 -1 1 0 1 -1 1 -1 0 -1 0 1 -1 0 -1 0 -1 0 -1 0 -1 0 -1 1
R 0 -1! 0 -1 0 0 0 1 -1 0 -1 0 1 -1 0 -1 0 -1 0 -1 0 -1 0 -1 1
L -1! -1 0 0 0 0 0 1 -1 0 -1 0 1 -1 0 -1 0 -1 0 -1 0 -1 0 -1 1
L -1! 0 -1 0 -1 1 0 1 -1 0 -1 0 1 -1 0 -1 0 -1 0 -1 0 -1 0 -1 1
R 0 -1! -1 -1 0 1 0 1 -1 0 -1 0 1 -1 0 -1 0 -1 0 -1 0 -1 0 -1 1
L -1! -1 -1 0 0 1 0 1 -1 0 -1 0 1 -1 0 -1 0 -1 0 -1 0 -1 0 -1 1
R 0 -1! 0 -1 1 -1 0 0 0 0 -1 0 1 -1 0 -1 0 -1 0 -1 0 -1 0 -1 1
L -1! -1 0 0 1 -1 0 0 0 0 -1 0 1 -1 0 -1 0 -1 0 -1 0 -1 0 -1 1
L -1! 0 -1 0 0 0 0 0 0 0 -1 0 1 -1 0 -1 0 -1 0 -1 0 -1 0 -1 1
R 0 -1! -1 -1 1 0 0 0 0 0 -1 0 1 -1 0 -1 0 -1 0 -1 0 -1 0 -1 1
L -1! -1 -1 0 1 0 0 0 0 0 -1 0 1 -1 0 -1 0 -1 0 -1 0 -1 0 -1 1
L -1! 0 -1 1 -1 0 -1 1 0 0 -1 0 1 -1 0 -1 0 -1 0 -1 0 -1 0 -1 1
R 0 -1! -1 0 0 0 -1 1 0 0 -1 0 1 -1 0 -1 0 -1 0 -1 0 -1 0 -1 1
L -1! -1 -1 1 0 0 -1 1 0 0 -1 0 1 -1 0 -1 0 -1 0 -1 0 -1 0 -1 1
R 0 -1! 0 -1 0 -1 0 1 0 0 -1 0 1 -1 0 -1 0 -1 0 -1 0 -1 0 -1 1
L -1! -1 0 0 0 -1 0 1 0 0 -1 0 1 -1 0 -1 0 -1 0 -1 0 -1 0 -1 1
L -1! 0 -1 0 -1 0 0 1 0 0 -1 0 1 -1 0 -1 0 -1 0 -1 0 -1 0 -1 1
R 0 -1! -1 -1 0 0 0 1 0 0 -1 0 1 -1 0 -1 0 -1 0 -1 0 -1 0 -1 1
L -1! -1 -1 0 0 0 0 1 0 0 -1 0 1 -1 0 -1 0 -1 0 -1 0 -1 0 -1 1
R 0 -1! 0 -1 1 -1 1 -1 0 -1 0 0 1 -1 0 -1 0 -1 0 -1 0 -1 0 -1 1
L -1! -1 0 0 1 -1 1 -1 0 -1 0 0 1 -1 0 -1 0 -1 0 -1 0 -1 0 -1 1
L -1! 0 -1 0 0 0 1 -1 0 -1 0 0 1 -1 0 -1 0 -1 0 -1 0 -1 0 -1 1
R 0 -1! -1 -1 1 0 1 -1 0 -1 0 0 1 -1 0 -1 0 -1 0 -1 0 -1 0 -1 1
L -1! -1 -1 0 1 0 1 -1 0 -1 0 0 1 -1 0 -1 0 -1 0 -1 0 -1 0 -1 1
L -1! 0 -1 1 -1 0 0 0 0 -1 0 0 1 -1 0 -1 0 -1 0 -1 0 -1 0 -1 1
Last_forbidden_jump_during_chip: 140
